[0.111s] DEBUG:colcon:Command line arguments: ['/usr/bin/colcon', 'build']
[0.111s] DEBUG:colcon:Parsed command line arguments: Namespace(log_base=None, log_level=None, verb_name='build', build_base='build', install_base='install', merge_install=False, symlink_install=False, test_result_base=None, continue_on_error=False, executor='parallel', parallel_workers=16, event_handlers=None, ignore_user_meta=False, metas=['./colcon.meta'], base_paths=['.'], packages_ignore=None, packages_ignore_regex=None, paths=None, packages_up_to=None, packages_up_to_regex=None, packages_above=None, packages_above_and_dependencies=None, packages_above_depth=None, packages_select_by_dep=None, packages_skip_by_dep=None, packages_skip_up_to=None, packages_select_build_failed=False, packages_skip_build_finished=False, packages_select_test_failures=False, packages_skip_test_passed=False, packages_select=None, packages_skip=None, packages_select_regex=None, packages_skip_regex=None, packages_start=None, packages_end=None, allow_overriding=[], cmake_args=None, cmake_target=None, cmake_target_skip_unavailable=False, cmake_clean_cache=False, cmake_clean_first=False, cmake_force_configure=False, ament_cmake_args=None, catkin_cmake_args=None, catkin_skip_building_tests=False, mixin_files=None, mixin=None, verb_parser=<colcon_mixin.mixin.mixin_argument.MixinArgumentDecorator object at 0x7e6144ea51e0>, verb_extension=<colcon_core.verb.build.BuildVerb object at 0x7e6144ea4c10>, main=<bound method BuildVerb.main of <colcon_core.verb.build.BuildVerb object at 0x7e6144ea4c10>>, mixin_verb=('build',))
[0.278s] Level 1:colcon.colcon_core.package_discovery:discover_packages(colcon_meta) check parameters
[0.278s] Level 1:colcon.colcon_core.package_discovery:discover_packages(recursive) check parameters
[0.278s] Level 1:colcon.colcon_core.package_discovery:discover_packages(ignore) check parameters
[0.278s] Level 1:colcon.colcon_core.package_discovery:discover_packages(path) check parameters
[0.278s] Level 1:colcon.colcon_core.package_discovery:discover_packages(colcon_meta) discover
[0.278s] Level 1:colcon.colcon_core.package_discovery:discover_packages(recursive) discover
[0.278s] INFO:colcon.colcon_core.package_discovery:Crawling recursively for packages in '/media/saitama/Games1/Documents_ubuntu/perception_project/go2_ros2_nav'
[0.278s] Level 1:colcon.colcon_core.package_identification:_identify(.) by extensions ['ignore', 'ignore_ament_install']
[0.278s] Level 1:colcon.colcon_core.package_identification:_identify(.) by extension 'ignore'
[0.278s] Level 1:colcon.colcon_core.package_identification:_identify(.) by extension 'ignore_ament_install'
[0.278s] Level 1:colcon.colcon_core.package_identification:_identify(.) by extensions ['colcon_pkg']
[0.278s] Level 1:colcon.colcon_core.package_identification:_identify(.) by extension 'colcon_pkg'
[0.278s] Level 1:colcon.colcon_core.package_identification:_identify(.) by extensions ['colcon_meta']
[0.278s] Level 1:colcon.colcon_core.package_identification:_identify(.) by extension 'colcon_meta'
[0.278s] Level 1:colcon.colcon_core.package_identification:_identify(.) by extensions ['ros']
[0.278s] Level 1:colcon.colcon_core.package_identification:_identify(.) by extension 'ros'
[0.298s] Level 1:colcon.colcon_core.package_identification:_identify(.) by extensions ['cmake', 'python']
[0.298s] Level 1:colcon.colcon_core.package_identification:_identify(.) by extension 'cmake'
[0.298s] Level 1:colcon.colcon_core.package_identification:_identify(.) by extension 'python'
[0.298s] Level 1:colcon.colcon_core.package_identification:_identify(.) by extensions ['python_setup_py']
[0.298s] Level 1:colcon.colcon_core.package_identification:_identify(.) by extension 'python_setup_py'
[0.298s] Level 1:colcon.colcon_core.package_identification:_identify(build) by extensions ['ignore', 'ignore_ament_install']
[0.298s] Level 1:colcon.colcon_core.package_identification:_identify(build) by extension 'ignore'
[0.298s] Level 1:colcon.colcon_core.package_identification:_identify(build) ignored
[0.298s] Level 1:colcon.colcon_core.package_identification:_identify(install) by extensions ['ignore', 'ignore_ament_install']
[0.298s] Level 1:colcon.colcon_core.package_identification:_identify(install) by extension 'ignore'
[0.298s] Level 1:colcon.colcon_core.package_identification:_identify(install) ignored
[0.298s] Level 1:colcon.colcon_core.package_identification:_identify(log) by extensions ['ignore', 'ignore_ament_install']
[0.298s] Level 1:colcon.colcon_core.package_identification:_identify(log) by extension 'ignore'
[0.298s] Level 1:colcon.colcon_core.package_identification:_identify(log) ignored
[0.299s] Level 1:colcon.colcon_core.package_identification:_identify(src) by extensions ['ignore', 'ignore_ament_install']
[0.299s] Level 1:colcon.colcon_core.package_identification:_identify(src) by extension 'ignore'
[0.299s] Level 1:colcon.colcon_core.package_identification:_identify(src) by extension 'ignore_ament_install'
[0.299s] Level 1:colcon.colcon_core.package_identification:_identify(src) by extensions ['colcon_pkg']
[0.299s] Level 1:colcon.colcon_core.package_identification:_identify(src) by extension 'colcon_pkg'
[0.299s] Level 1:colcon.colcon_core.package_identification:_identify(src) by extensions ['colcon_meta']
[0.299s] Level 1:colcon.colcon_core.package_identification:_identify(src) by extension 'colcon_meta'
[0.299s] Level 1:colcon.colcon_core.package_identification:_identify(src) by extensions ['ros']
[0.299s] Level 1:colcon.colcon_core.package_identification:_identify(src) by extension 'ros'
[0.299s] Level 1:colcon.colcon_core.package_identification:_identify(src) by extensions ['cmake', 'python']
[0.299s] Level 1:colcon.colcon_core.package_identification:_identify(src) by extension 'cmake'
[0.299s] Level 1:colcon.colcon_core.package_identification:_identify(src) by extension 'python'
[0.299s] Level 1:colcon.colcon_core.package_identification:_identify(src) by extensions ['python_setup_py']
[0.299s] Level 1:colcon.colcon_core.package_identification:_identify(src) by extension 'python_setup_py'
[0.299s] Level 1:colcon.colcon_core.package_identification:_identify(src/gemini_api) by extensions ['ignore', 'ignore_ament_install']
[0.299s] Level 1:colcon.colcon_core.package_identification:_identify(src/gemini_api) by extension 'ignore'
[0.299s] Level 1:colcon.colcon_core.package_identification:_identify(src/gemini_api) by extension 'ignore_ament_install'
[0.299s] Level 1:colcon.colcon_core.package_identification:_identify(src/gemini_api) by extensions ['colcon_pkg']
[0.299s] Level 1:colcon.colcon_core.package_identification:_identify(src/gemini_api) by extension 'colcon_pkg'
[0.299s] Level 1:colcon.colcon_core.package_identification:_identify(src/gemini_api) by extensions ['colcon_meta']
[0.299s] Level 1:colcon.colcon_core.package_identification:_identify(src/gemini_api) by extension 'colcon_meta'
[0.299s] Level 1:colcon.colcon_core.package_identification:_identify(src/gemini_api) by extensions ['ros']
[0.299s] Level 1:colcon.colcon_core.package_identification:_identify(src/gemini_api) by extension 'ros'
[0.301s] DEBUG:colcon.colcon_core.package_identification:Package 'src/gemini_api' with type 'ros.ament_cmake' and name 'gemini_api'
[0.301s] Level 1:colcon.colcon_core.package_identification:_identify(src/robot_control) by extensions ['ignore', 'ignore_ament_install']
[0.301s] Level 1:colcon.colcon_core.package_identification:_identify(src/robot_control) by extension 'ignore'
[0.301s] Level 1:colcon.colcon_core.package_identification:_identify(src/robot_control) by extension 'ignore_ament_install'
[0.301s] Level 1:colcon.colcon_core.package_identification:_identify(src/robot_control) by extensions ['colcon_pkg']
[0.301s] Level 1:colcon.colcon_core.package_identification:_identify(src/robot_control) by extension 'colcon_pkg'
[0.301s] Level 1:colcon.colcon_core.package_identification:_identify(src/robot_control) by extensions ['colcon_meta']
[0.301s] Level 1:colcon.colcon_core.package_identification:_identify(src/robot_control) by extension 'colcon_meta'
[0.301s] Level 1:colcon.colcon_core.package_identification:_identify(src/robot_control) by extensions ['ros']
[0.301s] Level 1:colcon.colcon_core.package_identification:_identify(src/robot_control) by extension 'ros'
[0.302s] DEBUG:colcon.colcon_core.package_identification:Package 'src/robot_control' with type 'ros.ament_cmake' and name 'robot_control'
[0.302s] Level 1:colcon.colcon_core.package_identification:_identify(src/robot_simulation) by extensions ['ignore', 'ignore_ament_install']
[0.302s] Level 1:colcon.colcon_core.package_identification:_identify(src/robot_simulation) by extension 'ignore'
[0.302s] Level 1:colcon.colcon_core.package_identification:_identify(src/robot_simulation) by extension 'ignore_ament_install'
[0.302s] Level 1:colcon.colcon_core.package_identification:_identify(src/robot_simulation) by extensions ['colcon_pkg']
[0.302s] Level 1:colcon.colcon_core.package_identification:_identify(src/robot_simulation) by extension 'colcon_pkg'
[0.302s] Level 1:colcon.colcon_core.package_identification:_identify(src/robot_simulation) by extensions ['colcon_meta']
[0.302s] Level 1:colcon.colcon_core.package_identification:_identify(src/robot_simulation) by extension 'colcon_meta'
[0.302s] Level 1:colcon.colcon_core.package_identification:_identify(src/robot_simulation) by extensions ['ros']
[0.302s] Level 1:colcon.colcon_core.package_identification:_identify(src/robot_simulation) by extension 'ros'
[0.302s] Level 1:colcon.colcon_core.package_identification:_identify(src/robot_simulation) by extensions ['cmake', 'python']
[0.302s] Level 1:colcon.colcon_core.package_identification:_identify(src/robot_simulation) by extension 'cmake'
[0.302s] Level 1:colcon.colcon_core.package_identification:_identify(src/robot_simulation) by extension 'python'
[0.302s] Level 1:colcon.colcon_core.package_identification:_identify(src/robot_simulation) by extensions ['python_setup_py']
[0.302s] Level 1:colcon.colcon_core.package_identification:_identify(src/robot_simulation) by extension 'python_setup_py'
[0.302s] Level 1:colcon.colcon_core.package_identification:_identify(src/robot_simulation/robot_description) by extensions ['ignore', 'ignore_ament_install']
[0.302s] Level 1:colcon.colcon_core.package_identification:_identify(src/robot_simulation/robot_description) by extension 'ignore'
[0.302s] Level 1:colcon.colcon_core.package_identification:_identify(src/robot_simulation/robot_description) by extension 'ignore_ament_install'
[0.302s] Level 1:colcon.colcon_core.package_identification:_identify(src/robot_simulation/robot_description) by extensions ['colcon_pkg']
[0.302s] Level 1:colcon.colcon_core.package_identification:_identify(src/robot_simulation/robot_description) by extension 'colcon_pkg'
[0.302s] Level 1:colcon.colcon_core.package_identification:_identify(src/robot_simulation/robot_description) by extensions ['colcon_meta']
[0.302s] Level 1:colcon.colcon_core.package_identification:_identify(src/robot_simulation/robot_description) by extension 'colcon_meta'
[0.302s] Level 1:colcon.colcon_core.package_identification:_identify(src/robot_simulation/robot_description) by extensions ['ros']
[0.302s] Level 1:colcon.colcon_core.package_identification:_identify(src/robot_simulation/robot_description) by extension 'ros'
[0.303s] DEBUG:colcon.colcon_core.package_identification:Package 'src/robot_simulation/robot_description' with type 'ros.ament_cmake' and name 'robot_description'
[0.303s] Level 1:colcon.colcon_core.package_discovery:discover_packages(recursive) using defaults
[0.303s] Level 1:colcon.colcon_core.package_discovery:discover_packages(ignore) discover
[0.303s] Level 1:colcon.colcon_core.package_discovery:discover_packages(ignore) using defaults
[0.303s] Level 1:colcon.colcon_core.package_discovery:discover_packages(path) discover
[0.303s] Level 1:colcon.colcon_core.package_discovery:discover_packages(path) using defaults
[0.321s] Level 1:colcon.colcon_core.package_discovery:discover_packages(prefix_path) check parameters
[0.321s] Level 1:colcon.colcon_core.package_discovery:discover_packages(prefix_path) discover
[0.323s] DEBUG:colcon.colcon_installed_package_information.package_discovery:Found 3 installed packages in /media/saitama/Games1/Documents_ubuntu/perception_project/go2_ros2_nav/install
[0.325s] DEBUG:colcon.colcon_installed_package_information.package_discovery:Found 394 installed packages in /opt/ros/humble
[0.326s] Level 1:colcon.colcon_core.package_discovery:discover_packages(prefix_path) using defaults
[0.362s] Level 5:colcon.colcon_core.verb:set package 'gemini_api' build argument 'cmake_args' from command line to 'None'
[0.362s] Level 5:colcon.colcon_core.verb:set package 'gemini_api' build argument 'cmake_target' from command line to 'None'
[0.362s] Level 5:colcon.colcon_core.verb:set package 'gemini_api' build argument 'cmake_target_skip_unavailable' from command line to 'False'
[0.362s] Level 5:colcon.colcon_core.verb:set package 'gemini_api' build argument 'cmake_clean_cache' from command line to 'False'
[0.362s] Level 5:colcon.colcon_core.verb:set package 'gemini_api' build argument 'cmake_clean_first' from command line to 'False'
[0.362s] Level 5:colcon.colcon_core.verb:set package 'gemini_api' build argument 'cmake_force_configure' from command line to 'False'
[0.362s] Level 5:colcon.colcon_core.verb:set package 'gemini_api' build argument 'ament_cmake_args' from command line to 'None'
[0.363s] Level 5:colcon.colcon_core.verb:set package 'gemini_api' build argument 'catkin_cmake_args' from command line to 'None'
[0.363s] Level 5:colcon.colcon_core.verb:set package 'gemini_api' build argument 'catkin_skip_building_tests' from command line to 'False'
[0.363s] DEBUG:colcon.colcon_core.verb:Building package 'gemini_api' with the following arguments: {'ament_cmake_args': None, 'build_base': '/media/saitama/Games1/Documents_ubuntu/perception_project/go2_ros2_nav/build/gemini_api', 'catkin_cmake_args': None, 'catkin_skip_building_tests': False, 'cmake_args': None, 'cmake_clean_cache': False, 'cmake_clean_first': False, 'cmake_force_configure': False, 'cmake_target': None, 'cmake_target_skip_unavailable': False, 'install_base': '/media/saitama/Games1/Documents_ubuntu/perception_project/go2_ros2_nav/install/gemini_api', 'merge_install': False, 'path': '/media/saitama/Games1/Documents_ubuntu/perception_project/go2_ros2_nav/src/gemini_api', 'symlink_install': False, 'test_result_base': None}
[0.363s] Level 5:colcon.colcon_core.verb:set package 'robot_control' build argument 'cmake_args' from command line to 'None'
[0.363s] Level 5:colcon.colcon_core.verb:set package 'robot_control' build argument 'cmake_target' from command line to 'None'
[0.363s] Level 5:colcon.colcon_core.verb:set package 'robot_control' build argument 'cmake_target_skip_unavailable' from command line to 'False'
[0.363s] Level 5:colcon.colcon_core.verb:set package 'robot_control' build argument 'cmake_clean_cache' from command line to 'False'
[0.363s] Level 5:colcon.colcon_core.verb:set package 'robot_control' build argument 'cmake_clean_first' from command line to 'False'
[0.363s] Level 5:colcon.colcon_core.verb:set package 'robot_control' build argument 'cmake_force_configure' from command line to 'False'
[0.363s] Level 5:colcon.colcon_core.verb:set package 'robot_control' build argument 'ament_cmake_args' from command line to 'None'
[0.363s] Level 5:colcon.colcon_core.verb:set package 'robot_control' build argument 'catkin_cmake_args' from command line to 'None'
[0.363s] Level 5:colcon.colcon_core.verb:set package 'robot_control' build argument 'catkin_skip_building_tests' from command line to 'False'
[0.363s] DEBUG:colcon.colcon_core.verb:Building package 'robot_control' with the following arguments: {'ament_cmake_args': None, 'build_base': '/media/saitama/Games1/Documents_ubuntu/perception_project/go2_ros2_nav/build/robot_control', 'catkin_cmake_args': None, 'catkin_skip_building_tests': False, 'cmake_args': None, 'cmake_clean_cache': False, 'cmake_clean_first': False, 'cmake_force_configure': False, 'cmake_target': None, 'cmake_target_skip_unavailable': False, 'install_base': '/media/saitama/Games1/Documents_ubuntu/perception_project/go2_ros2_nav/install/robot_control', 'merge_install': False, 'path': '/media/saitama/Games1/Documents_ubuntu/perception_project/go2_ros2_nav/src/robot_control', 'symlink_install': False, 'test_result_base': None}
[0.363s] Level 5:colcon.colcon_core.verb:set package 'robot_description' build argument 'cmake_args' from command line to 'None'
[0.363s] Level 5:colcon.colcon_core.verb:set package 'robot_description' build argument 'cmake_target' from command line to 'None'
[0.363s] Level 5:colcon.colcon_core.verb:set package 'robot_description' build argument 'cmake_target_skip_unavailable' from command line to 'False'
[0.363s] Level 5:colcon.colcon_core.verb:set package 'robot_description' build argument 'cmake_clean_cache' from command line to 'False'
[0.363s] Level 5:colcon.colcon_core.verb:set package 'robot_description' build argument 'cmake_clean_first' from command line to 'False'
[0.363s] Level 5:colcon.colcon_core.verb:set package 'robot_description' build argument 'cmake_force_configure' from command line to 'False'
[0.363s] Level 5:colcon.colcon_core.verb:set package 'robot_description' build argument 'ament_cmake_args' from command line to 'None'
[0.363s] Level 5:colcon.colcon_core.verb:set package 'robot_description' build argument 'catkin_cmake_args' from command line to 'None'
[0.363s] Level 5:colcon.colcon_core.verb:set package 'robot_description' build argument 'catkin_skip_building_tests' from command line to 'False'
[0.363s] DEBUG:colcon.colcon_core.verb:Building package 'robot_description' with the following arguments: {'ament_cmake_args': None, 'build_base': '/media/saitama/Games1/Documents_ubuntu/perception_project/go2_ros2_nav/build/robot_description', 'catkin_cmake_args': None, 'catkin_skip_building_tests': False, 'cmake_args': None, 'cmake_clean_cache': False, 'cmake_clean_first': False, 'cmake_force_configure': False, 'cmake_target': None, 'cmake_target_skip_unavailable': False, 'install_base': '/media/saitama/Games1/Documents_ubuntu/perception_project/go2_ros2_nav/install/robot_description', 'merge_install': False, 'path': '/media/saitama/Games1/Documents_ubuntu/perception_project/go2_ros2_nav/src/robot_simulation/robot_description', 'symlink_install': False, 'test_result_base': None}
[0.363s] INFO:colcon.colcon_core.executor:Executing jobs using 'parallel' executor
[0.364s] DEBUG:colcon.colcon_parallel_executor.executor.parallel:run_until_complete
[0.365s] INFO:colcon.colcon_ros.task.ament_cmake.build:Building ROS package in '/media/saitama/Games1/Documents_ubuntu/perception_project/go2_ros2_nav/src/gemini_api' with build type 'ament_cmake'
[0.365s] INFO:colcon.colcon_cmake.task.cmake.build:Building CMake package in '/media/saitama/Games1/Documents_ubuntu/perception_project/go2_ros2_nav/src/gemini_api'
[0.366s] INFO:colcon.colcon_core.plugin_system:Skipping extension 'colcon_core.shell.bat': Not used on non-Windows systems
[0.366s] INFO:colcon.colcon_core.shell:Skip shell extension 'powershell' for command environment: Not usable outside of PowerShell
[0.366s] DEBUG:colcon.colcon_core.shell:Skip shell extension 'dsv' for command environment
[0.371s] INFO:colcon.colcon_ros.task.ament_cmake.build:Building ROS package in '/media/saitama/Games1/Documents_ubuntu/perception_project/go2_ros2_nav/src/robot_control' with build type 'ament_cmake'
[0.371s] INFO:colcon.colcon_cmake.task.cmake.build:Building CMake package in '/media/saitama/Games1/Documents_ubuntu/perception_project/go2_ros2_nav/src/robot_control'
[0.372s] INFO:colcon.colcon_core.shell:Skip shell extension 'powershell' for command environment: Not usable outside of PowerShell
[0.372s] DEBUG:colcon.colcon_core.shell:Skip shell extension 'dsv' for command environment
[0.375s] INFO:colcon.colcon_ros.task.ament_cmake.build:Building ROS package in '/media/saitama/Games1/Documents_ubuntu/perception_project/go2_ros2_nav/src/robot_simulation/robot_description' with build type 'ament_cmake'
[0.375s] INFO:colcon.colcon_cmake.task.cmake.build:Building CMake package in '/media/saitama/Games1/Documents_ubuntu/perception_project/go2_ros2_nav/src/robot_simulation/robot_description'
[0.375s] INFO:colcon.colcon_core.shell:Skip shell extension 'powershell' for command environment: Not usable outside of PowerShell
[0.375s] DEBUG:colcon.colcon_core.shell:Skip shell extension 'dsv' for command environment
[0.385s] DEBUG:colcon.colcon_core.event_handler.log_command:Invoking command in '/media/saitama/Games1/Documents_ubuntu/perception_project/go2_ros2_nav/build/gemini_api': CMAKE_PREFIX_PATH=${CMAKE_PREFIX_PATH}:/opt/ros/humble /home/saitama/.local/bin/cmake --build /media/saitama/Games1/Documents_ubuntu/perception_project/go2_ros2_nav/build/gemini_api -- -j16 -l16
[0.389s] DEBUG:colcon.colcon_core.event_handler.log_command:Invoking command in '/media/saitama/Games1/Documents_ubuntu/perception_project/go2_ros2_nav/build/robot_control': CMAKE_PREFIX_PATH=${CMAKE_PREFIX_PATH}:/opt/ros/humble /home/saitama/.local/bin/cmake --build /media/saitama/Games1/Documents_ubuntu/perception_project/go2_ros2_nav/build/robot_control -- -j16 -l16
[0.392s] DEBUG:colcon.colcon_core.event_handler.log_command:Invoking command in '/media/saitama/Games1/Documents_ubuntu/perception_project/go2_ros2_nav/build/robot_description': CMAKE_PREFIX_PATH=${CMAKE_PREFIX_PATH}:/opt/ros/humble /home/saitama/.local/bin/cmake --build /media/saitama/Games1/Documents_ubuntu/perception_project/go2_ros2_nav/build/robot_description -- -j16 -l16
[0.477s] DEBUG:colcon.colcon_core.event_handler.log_command:Invoked command in '/media/saitama/Games1/Documents_ubuntu/perception_project/go2_ros2_nav/build/robot_control' returned '0': CMAKE_PREFIX_PATH=${CMAKE_PREFIX_PATH}:/opt/ros/humble /home/saitama/.local/bin/cmake --build /media/saitama/Games1/Documents_ubuntu/perception_project/go2_ros2_nav/build/robot_control -- -j16 -l16
[0.551s] DEBUG:colcon.colcon_core.event_handler.log_command:Invoking command in '/media/saitama/Games1/Documents_ubuntu/perception_project/go2_ros2_nav/build/robot_control': CMAKE_PREFIX_PATH=${CMAKE_PREFIX_PATH}:/opt/ros/humble /home/saitama/.local/bin/cmake --install /media/saitama/Games1/Documents_ubuntu/perception_project/go2_ros2_nav/build/robot_control
[0.552s] DEBUG:colcon.colcon_core.event_handler.log_command:Invoked command in '/media/saitama/Games1/Documents_ubuntu/perception_project/go2_ros2_nav/build/gemini_api' returned '0': CMAKE_PREFIX_PATH=${CMAKE_PREFIX_PATH}:/opt/ros/humble /home/saitama/.local/bin/cmake --build /media/saitama/Games1/Documents_ubuntu/perception_project/go2_ros2_nav/build/gemini_api -- -j16 -l16
[0.553s] DEBUG:colcon.colcon_core.event_handler.log_command:Invoking command in '/media/saitama/Games1/Documents_ubuntu/perception_project/go2_ros2_nav/build/gemini_api': CMAKE_PREFIX_PATH=${CMAKE_PREFIX_PATH}:/opt/ros/humble /home/saitama/.local/bin/cmake --install /media/saitama/Games1/Documents_ubuntu/perception_project/go2_ros2_nav/build/gemini_api
[0.553s] DEBUG:colcon.colcon_core.event_handler.log_command:Invoked command in '/media/saitama/Games1/Documents_ubuntu/perception_project/go2_ros2_nav/build/robot_description' returned '0': CMAKE_PREFIX_PATH=${CMAKE_PREFIX_PATH}:/opt/ros/humble /home/saitama/.local/bin/cmake --build /media/saitama/Games1/Documents_ubuntu/perception_project/go2_ros2_nav/build/robot_description -- -j16 -l16
[0.555s] DEBUG:colcon.colcon_core.event_handler.log_command:Invoking command in '/media/saitama/Games1/Documents_ubuntu/perception_project/go2_ros2_nav/build/robot_description': CMAKE_PREFIX_PATH=${CMAKE_PREFIX_PATH}:/opt/ros/humble /home/saitama/.local/bin/cmake --install /media/saitama/Games1/Documents_ubuntu/perception_project/go2_ros2_nav/build/robot_description
[0.633s] Level 1:colcon.colcon_core.environment:create_environment_scripts_only(robot_control)
[0.633s] DEBUG:colcon.colcon_core.event_handler.log_command:Invoked command in '/media/saitama/Games1/Documents_ubuntu/perception_project/go2_ros2_nav/build/robot_control' returned '0': CMAKE_PREFIX_PATH=${CMAKE_PREFIX_PATH}:/opt/ros/humble /home/saitama/.local/bin/cmake --install /media/saitama/Games1/Documents_ubuntu/perception_project/go2_ros2_nav/build/robot_control
[0.640s] Level 1:colcon.colcon_core.environment:checking '/media/saitama/Games1/Documents_ubuntu/perception_project/go2_ros2_nav/install/robot_control' for CMake module files
[0.641s] Level 1:colcon.colcon_core.environment:checking '/media/saitama/Games1/Documents_ubuntu/perception_project/go2_ros2_nav/install/robot_control' for CMake config files
[0.642s] Level 1:colcon.colcon_core.shell:create_environment_hook('robot_control', 'cmake_prefix_path')
[0.643s] INFO:colcon.colcon_core.shell:Creating environment hook '/media/saitama/Games1/Documents_ubuntu/perception_project/go2_ros2_nav/install/robot_control/share/robot_control/hook/cmake_prefix_path.ps1'
[0.644s] INFO:colcon.colcon_core.shell:Creating environment descriptor '/media/saitama/Games1/Documents_ubuntu/perception_project/go2_ros2_nav/install/robot_control/share/robot_control/hook/cmake_prefix_path.dsv'
[0.645s] INFO:colcon.colcon_core.shell:Creating environment hook '/media/saitama/Games1/Documents_ubuntu/perception_project/go2_ros2_nav/install/robot_control/share/robot_control/hook/cmake_prefix_path.sh'
[0.646s] Level 1:colcon.colcon_core.environment:checking '/media/saitama/Games1/Documents_ubuntu/perception_project/go2_ros2_nav/install/robot_control/lib'
[0.646s] Level 1:colcon.colcon_core.environment:checking '/media/saitama/Games1/Documents_ubuntu/perception_project/go2_ros2_nav/install/robot_control/bin'
[0.646s] Level 1:colcon.colcon_core.environment:checking '/media/saitama/Games1/Documents_ubuntu/perception_project/go2_ros2_nav/install/robot_control/lib/pkgconfig/robot_control.pc'
[0.646s] Level 1:colcon.colcon_core.environment:checking '/media/saitama/Games1/Documents_ubuntu/perception_project/go2_ros2_nav/install/robot_control/lib/python3.10/site-packages'
[0.646s] Level 1:colcon.colcon_core.environment:checking '/media/saitama/Games1/Documents_ubuntu/perception_project/go2_ros2_nav/install/robot_control/bin'
[0.646s] INFO:colcon.colcon_core.shell:Creating package script '/media/saitama/Games1/Documents_ubuntu/perception_project/go2_ros2_nav/install/robot_control/share/robot_control/package.ps1'
[0.647s] INFO:colcon.colcon_core.shell:Creating package descriptor '/media/saitama/Games1/Documents_ubuntu/perception_project/go2_ros2_nav/install/robot_control/share/robot_control/package.dsv'
[0.648s] INFO:colcon.colcon_core.shell:Creating package script '/media/saitama/Games1/Documents_ubuntu/perception_project/go2_ros2_nav/install/robot_control/share/robot_control/package.sh'
[0.648s] INFO:colcon.colcon_core.shell:Creating package script '/media/saitama/Games1/Documents_ubuntu/perception_project/go2_ros2_nav/install/robot_control/share/robot_control/package.bash'
[0.649s] INFO:colcon.colcon_core.shell:Creating package script '/media/saitama/Games1/Documents_ubuntu/perception_project/go2_ros2_nav/install/robot_control/share/robot_control/package.zsh'
[0.650s] Level 1:colcon.colcon_core.environment:create_file_with_runtime_dependencies(/media/saitama/Games1/Documents_ubuntu/perception_project/go2_ros2_nav/install/robot_control/share/colcon-core/packages/robot_control)
[0.650s] Level 1:colcon.colcon_core.environment:create_environment_scripts_only(robot_control)
[0.651s] Level 1:colcon.colcon_core.environment:checking '/media/saitama/Games1/Documents_ubuntu/perception_project/go2_ros2_nav/install/robot_control' for CMake module files
[0.651s] Level 1:colcon.colcon_core.environment:checking '/media/saitama/Games1/Documents_ubuntu/perception_project/go2_ros2_nav/install/robot_control' for CMake config files
[0.651s] Level 1:colcon.colcon_core.shell:create_environment_hook('robot_control', 'cmake_prefix_path')
[0.652s] INFO:colcon.colcon_core.shell:Creating environment hook '/media/saitama/Games1/Documents_ubuntu/perception_project/go2_ros2_nav/install/robot_control/share/robot_control/hook/cmake_prefix_path.ps1'
[0.652s] INFO:colcon.colcon_core.shell:Creating environment descriptor '/media/saitama/Games1/Documents_ubuntu/perception_project/go2_ros2_nav/install/robot_control/share/robot_control/hook/cmake_prefix_path.dsv'
[0.652s] INFO:colcon.colcon_core.shell:Creating environment hook '/media/saitama/Games1/Documents_ubuntu/perception_project/go2_ros2_nav/install/robot_control/share/robot_control/hook/cmake_prefix_path.sh'
[0.653s] Level 1:colcon.colcon_core.environment:checking '/media/saitama/Games1/Documents_ubuntu/perception_project/go2_ros2_nav/install/robot_control/lib'
[0.653s] Level 1:colcon.colcon_core.environment:checking '/media/saitama/Games1/Documents_ubuntu/perception_project/go2_ros2_nav/install/robot_control/bin'
[0.653s] Level 1:colcon.colcon_core.environment:checking '/media/saitama/Games1/Documents_ubuntu/perception_project/go2_ros2_nav/install/robot_control/lib/pkgconfig/robot_control.pc'
[0.653s] Level 1:colcon.colcon_core.environment:checking '/media/saitama/Games1/Documents_ubuntu/perception_project/go2_ros2_nav/install/robot_control/lib/python3.10/site-packages'
[0.653s] Level 1:colcon.colcon_core.environment:checking '/media/saitama/Games1/Documents_ubuntu/perception_project/go2_ros2_nav/install/robot_control/bin'
[0.653s] INFO:colcon.colcon_core.shell:Creating package script '/media/saitama/Games1/Documents_ubuntu/perception_project/go2_ros2_nav/install/robot_control/share/robot_control/package.ps1'
[0.654s] INFO:colcon.colcon_core.shell:Creating package descriptor '/media/saitama/Games1/Documents_ubuntu/perception_project/go2_ros2_nav/install/robot_control/share/robot_control/package.dsv'
[0.654s] INFO:colcon.colcon_core.shell:Creating package script '/media/saitama/Games1/Documents_ubuntu/perception_project/go2_ros2_nav/install/robot_control/share/robot_control/package.sh'
[0.654s] INFO:colcon.colcon_core.shell:Creating package script '/media/saitama/Games1/Documents_ubuntu/perception_project/go2_ros2_nav/install/robot_control/share/robot_control/package.bash'
[0.655s] INFO:colcon.colcon_core.shell:Creating package script '/media/saitama/Games1/Documents_ubuntu/perception_project/go2_ros2_nav/install/robot_control/share/robot_control/package.zsh'
[0.655s] Level 1:colcon.colcon_core.environment:create_file_with_runtime_dependencies(/media/saitama/Games1/Documents_ubuntu/perception_project/go2_ros2_nav/install/robot_control/share/colcon-core/packages/robot_control)
[0.656s] Level 1:colcon.colcon_core.environment:create_environment_scripts_only(robot_description)
[0.657s] Level 1:colcon.colcon_core.environment:checking '/media/saitama/Games1/Documents_ubuntu/perception_project/go2_ros2_nav/install/robot_description' for CMake module files
[0.657s] DEBUG:colcon.colcon_core.event_handler.log_command:Invoked command in '/media/saitama/Games1/Documents_ubuntu/perception_project/go2_ros2_nav/build/robot_description' returned '0': CMAKE_PREFIX_PATH=${CMAKE_PREFIX_PATH}:/opt/ros/humble /home/saitama/.local/bin/cmake --install /media/saitama/Games1/Documents_ubuntu/perception_project/go2_ros2_nav/build/robot_description
[0.658s] Level 1:colcon.colcon_core.environment:checking '/media/saitama/Games1/Documents_ubuntu/perception_project/go2_ros2_nav/install/robot_description' for CMake config files
[0.658s] Level 1:colcon.colcon_core.shell:create_environment_hook('robot_description', 'cmake_prefix_path')
[0.658s] INFO:colcon.colcon_core.shell:Creating environment hook '/media/saitama/Games1/Documents_ubuntu/perception_project/go2_ros2_nav/install/robot_description/share/robot_description/hook/cmake_prefix_path.ps1'
[0.659s] INFO:colcon.colcon_core.shell:Creating environment descriptor '/media/saitama/Games1/Documents_ubuntu/perception_project/go2_ros2_nav/install/robot_description/share/robot_description/hook/cmake_prefix_path.dsv'
[0.659s] INFO:colcon.colcon_core.shell:Creating environment hook '/media/saitama/Games1/Documents_ubuntu/perception_project/go2_ros2_nav/install/robot_description/share/robot_description/hook/cmake_prefix_path.sh'
[0.659s] Level 1:colcon.colcon_core.environment:checking '/media/saitama/Games1/Documents_ubuntu/perception_project/go2_ros2_nav/install/robot_description/bin'
[0.659s] Level 1:colcon.colcon_core.environment:checking '/media/saitama/Games1/Documents_ubuntu/perception_project/go2_ros2_nav/install/robot_description/lib/pkgconfig/robot_description.pc'
[0.660s] Level 1:colcon.colcon_core.environment:checking '/media/saitama/Games1/Documents_ubuntu/perception_project/go2_ros2_nav/install/robot_description/lib/python3.10/site-packages'
[0.660s] Level 1:colcon.colcon_core.environment:checking '/media/saitama/Games1/Documents_ubuntu/perception_project/go2_ros2_nav/install/robot_description/bin'
[0.660s] INFO:colcon.colcon_core.shell:Creating package script '/media/saitama/Games1/Documents_ubuntu/perception_project/go2_ros2_nav/install/robot_description/share/robot_description/package.ps1'
[0.661s] INFO:colcon.colcon_core.shell:Creating package descriptor '/media/saitama/Games1/Documents_ubuntu/perception_project/go2_ros2_nav/install/robot_description/share/robot_description/package.dsv'
[0.661s] INFO:colcon.colcon_core.shell:Creating package script '/media/saitama/Games1/Documents_ubuntu/perception_project/go2_ros2_nav/install/robot_description/share/robot_description/package.sh'
[0.661s] INFO:colcon.colcon_core.shell:Creating package script '/media/saitama/Games1/Documents_ubuntu/perception_project/go2_ros2_nav/install/robot_description/share/robot_description/package.bash'
[0.661s] INFO:colcon.colcon_core.shell:Creating package script '/media/saitama/Games1/Documents_ubuntu/perception_project/go2_ros2_nav/install/robot_description/share/robot_description/package.zsh'
[0.662s] Level 1:colcon.colcon_core.environment:create_file_with_runtime_dependencies(/media/saitama/Games1/Documents_ubuntu/perception_project/go2_ros2_nav/install/robot_description/share/colcon-core/packages/robot_description)
[0.662s] Level 1:colcon.colcon_core.environment:create_environment_scripts_only(robot_description)
[0.662s] Level 1:colcon.colcon_core.environment:checking '/media/saitama/Games1/Documents_ubuntu/perception_project/go2_ros2_nav/install/robot_description' for CMake module files
[0.663s] Level 1:colcon.colcon_core.environment:checking '/media/saitama/Games1/Documents_ubuntu/perception_project/go2_ros2_nav/install/robot_description' for CMake config files
[0.663s] Level 1:colcon.colcon_core.shell:create_environment_hook('robot_description', 'cmake_prefix_path')
[0.663s] INFO:colcon.colcon_core.shell:Creating environment hook '/media/saitama/Games1/Documents_ubuntu/perception_project/go2_ros2_nav/install/robot_description/share/robot_description/hook/cmake_prefix_path.ps1'
[0.664s] INFO:colcon.colcon_core.shell:Creating environment descriptor '/media/saitama/Games1/Documents_ubuntu/perception_project/go2_ros2_nav/install/robot_description/share/robot_description/hook/cmake_prefix_path.dsv'
[0.664s] INFO:colcon.colcon_core.shell:Creating environment hook '/media/saitama/Games1/Documents_ubuntu/perception_project/go2_ros2_nav/install/robot_description/share/robot_description/hook/cmake_prefix_path.sh'
[0.664s] Level 1:colcon.colcon_core.environment:checking '/media/saitama/Games1/Documents_ubuntu/perception_project/go2_ros2_nav/install/robot_description/bin'
[0.665s] Level 1:colcon.colcon_core.environment:checking '/media/saitama/Games1/Documents_ubuntu/perception_project/go2_ros2_nav/install/robot_description/lib/pkgconfig/robot_description.pc'
[0.665s] Level 1:colcon.colcon_core.environment:checking '/media/saitama/Games1/Documents_ubuntu/perception_project/go2_ros2_nav/install/robot_description/lib/python3.10/site-packages'
[0.665s] Level 1:colcon.colcon_core.environment:checking '/media/saitama/Games1/Documents_ubuntu/perception_project/go2_ros2_nav/install/robot_description/bin'
[0.665s] INFO:colcon.colcon_core.shell:Creating package script '/media/saitama/Games1/Documents_ubuntu/perception_project/go2_ros2_nav/install/robot_description/share/robot_description/package.ps1'
[0.666s] INFO:colcon.colcon_core.shell:Creating package descriptor '/media/saitama/Games1/Documents_ubuntu/perception_project/go2_ros2_nav/install/robot_description/share/robot_description/package.dsv'
[0.666s] INFO:colcon.colcon_core.shell:Creating package script '/media/saitama/Games1/Documents_ubuntu/perception_project/go2_ros2_nav/install/robot_description/share/robot_description/package.sh'
[0.666s] INFO:colcon.colcon_core.shell:Creating package script '/media/saitama/Games1/Documents_ubuntu/perception_project/go2_ros2_nav/install/robot_description/share/robot_description/package.bash'
[0.667s] INFO:colcon.colcon_core.shell:Creating package script '/media/saitama/Games1/Documents_ubuntu/perception_project/go2_ros2_nav/install/robot_description/share/robot_description/package.zsh'
[0.667s] Level 1:colcon.colcon_core.environment:create_file_with_runtime_dependencies(/media/saitama/Games1/Documents_ubuntu/perception_project/go2_ros2_nav/install/robot_description/share/colcon-core/packages/robot_description)
[0.667s] Level 1:colcon.colcon_core.environment:create_environment_scripts_only(gemini_api)
[0.667s] Level 1:colcon.colcon_core.environment:checking '/media/saitama/Games1/Documents_ubuntu/perception_project/go2_ros2_nav/install/gemini_api' for CMake module files
[0.668s] DEBUG:colcon.colcon_core.event_handler.log_command:Invoked command in '/media/saitama/Games1/Documents_ubuntu/perception_project/go2_ros2_nav/build/gemini_api' returned '0': CMAKE_PREFIX_PATH=${CMAKE_PREFIX_PATH}:/opt/ros/humble /home/saitama/.local/bin/cmake --install /media/saitama/Games1/Documents_ubuntu/perception_project/go2_ros2_nav/build/gemini_api
[0.668s] Level 1:colcon.colcon_core.environment:checking '/media/saitama/Games1/Documents_ubuntu/perception_project/go2_ros2_nav/install/gemini_api' for CMake config files
[0.669s] Level 1:colcon.colcon_core.shell:create_environment_hook('gemini_api', 'cmake_prefix_path')
[0.669s] INFO:colcon.colcon_core.shell:Creating environment hook '/media/saitama/Games1/Documents_ubuntu/perception_project/go2_ros2_nav/install/gemini_api/share/gemini_api/hook/cmake_prefix_path.ps1'
[0.669s] INFO:colcon.colcon_core.shell:Creating environment descriptor '/media/saitama/Games1/Documents_ubuntu/perception_project/go2_ros2_nav/install/gemini_api/share/gemini_api/hook/cmake_prefix_path.dsv'
[0.670s] INFO:colcon.colcon_core.shell:Creating environment hook '/media/saitama/Games1/Documents_ubuntu/perception_project/go2_ros2_nav/install/gemini_api/share/gemini_api/hook/cmake_prefix_path.sh'
[0.670s] Level 1:colcon.colcon_core.environment:checking '/media/saitama/Games1/Documents_ubuntu/perception_project/go2_ros2_nav/install/gemini_api/lib'
[0.670s] Level 1:colcon.colcon_core.environment:checking '/media/saitama/Games1/Documents_ubuntu/perception_project/go2_ros2_nav/install/gemini_api/bin'
[0.670s] Level 1:colcon.colcon_core.environment:checking '/media/saitama/Games1/Documents_ubuntu/perception_project/go2_ros2_nav/install/gemini_api/lib/pkgconfig/gemini_api.pc'
[0.670s] Level 1:colcon.colcon_core.environment:checking '/media/saitama/Games1/Documents_ubuntu/perception_project/go2_ros2_nav/install/gemini_api/lib/python3.10/site-packages'
[0.671s] Level 1:colcon.colcon_core.environment:checking '/media/saitama/Games1/Documents_ubuntu/perception_project/go2_ros2_nav/install/gemini_api/bin'
[0.671s] INFO:colcon.colcon_core.shell:Creating package script '/media/saitama/Games1/Documents_ubuntu/perception_project/go2_ros2_nav/install/gemini_api/share/gemini_api/package.ps1'
[0.671s] INFO:colcon.colcon_core.shell:Creating package descriptor '/media/saitama/Games1/Documents_ubuntu/perception_project/go2_ros2_nav/install/gemini_api/share/gemini_api/package.dsv'
[0.672s] INFO:colcon.colcon_core.shell:Creating package script '/media/saitama/Games1/Documents_ubuntu/perception_project/go2_ros2_nav/install/gemini_api/share/gemini_api/package.sh'
[0.672s] INFO:colcon.colcon_core.shell:Creating package script '/media/saitama/Games1/Documents_ubuntu/perception_project/go2_ros2_nav/install/gemini_api/share/gemini_api/package.bash'
[0.673s] INFO:colcon.colcon_core.shell:Creating package script '/media/saitama/Games1/Documents_ubuntu/perception_project/go2_ros2_nav/install/gemini_api/share/gemini_api/package.zsh'
[0.673s] Level 1:colcon.colcon_core.environment:create_file_with_runtime_dependencies(/media/saitama/Games1/Documents_ubuntu/perception_project/go2_ros2_nav/install/gemini_api/share/colcon-core/packages/gemini_api)
[0.674s] Level 1:colcon.colcon_core.environment:create_environment_scripts_only(gemini_api)
[0.674s] Level 1:colcon.colcon_core.environment:checking '/media/saitama/Games1/Documents_ubuntu/perception_project/go2_ros2_nav/install/gemini_api' for CMake module files
[0.675s] Level 1:colcon.colcon_core.environment:checking '/media/saitama/Games1/Documents_ubuntu/perception_project/go2_ros2_nav/install/gemini_api' for CMake config files
[0.676s] Level 1:colcon.colcon_core.shell:create_environment_hook('gemini_api', 'cmake_prefix_path')
[0.676s] INFO:colcon.colcon_core.shell:Creating environment hook '/media/saitama/Games1/Documents_ubuntu/perception_project/go2_ros2_nav/install/gemini_api/share/gemini_api/hook/cmake_prefix_path.ps1'
[0.676s] INFO:colcon.colcon_core.shell:Creating environment descriptor '/media/saitama/Games1/Documents_ubuntu/perception_project/go2_ros2_nav/install/gemini_api/share/gemini_api/hook/cmake_prefix_path.dsv'
[0.677s] INFO:colcon.colcon_core.shell:Creating environment hook '/media/saitama/Games1/Documents_ubuntu/perception_project/go2_ros2_nav/install/gemini_api/share/gemini_api/hook/cmake_prefix_path.sh'
[0.677s] Level 1:colcon.colcon_core.environment:checking '/media/saitama/Games1/Documents_ubuntu/perception_project/go2_ros2_nav/install/gemini_api/lib'
[0.677s] Level 1:colcon.colcon_core.environment:checking '/media/saitama/Games1/Documents_ubuntu/perception_project/go2_ros2_nav/install/gemini_api/bin'
[0.677s] Level 1:colcon.colcon_core.environment:checking '/media/saitama/Games1/Documents_ubuntu/perception_project/go2_ros2_nav/install/gemini_api/lib/pkgconfig/gemini_api.pc'
[0.677s] Level 1:colcon.colcon_core.environment:checking '/media/saitama/Games1/Documents_ubuntu/perception_project/go2_ros2_nav/install/gemini_api/lib/python3.10/site-packages'
[0.678s] Level 1:colcon.colcon_core.environment:checking '/media/saitama/Games1/Documents_ubuntu/perception_project/go2_ros2_nav/install/gemini_api/bin'
[0.678s] INFO:colcon.colcon_core.shell:Creating package script '/media/saitama/Games1/Documents_ubuntu/perception_project/go2_ros2_nav/install/gemini_api/share/gemini_api/package.ps1'
[0.678s] INFO:colcon.colcon_core.shell:Creating package descriptor '/media/saitama/Games1/Documents_ubuntu/perception_project/go2_ros2_nav/install/gemini_api/share/gemini_api/package.dsv'
[0.679s] INFO:colcon.colcon_core.shell:Creating package script '/media/saitama/Games1/Documents_ubuntu/perception_project/go2_ros2_nav/install/gemini_api/share/gemini_api/package.sh'
[0.679s] INFO:colcon.colcon_core.shell:Creating package script '/media/saitama/Games1/Documents_ubuntu/perception_project/go2_ros2_nav/install/gemini_api/share/gemini_api/package.bash'
[0.679s] INFO:colcon.colcon_core.shell:Creating package script '/media/saitama/Games1/Documents_ubuntu/perception_project/go2_ros2_nav/install/gemini_api/share/gemini_api/package.zsh'
[0.680s] Level 1:colcon.colcon_core.environment:create_file_with_runtime_dependencies(/media/saitama/Games1/Documents_ubuntu/perception_project/go2_ros2_nav/install/gemini_api/share/colcon-core/packages/gemini_api)
[0.680s] DEBUG:colcon.colcon_parallel_executor.executor.parallel:closing loop
[0.681s] DEBUG:colcon.colcon_parallel_executor.executor.parallel:loop closed
[0.681s] DEBUG:colcon.colcon_parallel_executor.executor.parallel:run_until_complete finished with '0'
[0.681s] DEBUG:colcon.colcon_core.event_reactor:joining thread
[0.687s] INFO:colcon.colcon_core.plugin_system:Skipping extension 'colcon_notification.desktop_notification.terminal_notifier': Not used on non-Darwin systems
[0.687s] INFO:colcon.colcon_core.plugin_system:Skipping extension 'colcon_notification.desktop_notification.win32': Not used on non-Windows systems
[0.687s] INFO:colcon.colcon_notification.desktop_notification:Sending desktop notification using 'notify2'
[0.700s] DEBUG:colcon.colcon_core.event_reactor:joined thread
[0.701s] INFO:colcon.colcon_core.shell:Creating prefix script '/media/saitama/Games1/Documents_ubuntu/perception_project/go2_ros2_nav/install/local_setup.ps1'
[0.703s] INFO:colcon.colcon_core.shell:Creating prefix util module '/media/saitama/Games1/Documents_ubuntu/perception_project/go2_ros2_nav/install/_local_setup_util_ps1.py'
[0.704s] INFO:colcon.colcon_core.shell:Creating prefix chain script '/media/saitama/Games1/Documents_ubuntu/perception_project/go2_ros2_nav/install/setup.ps1'
[0.705s] INFO:colcon.colcon_core.shell:Creating prefix script '/media/saitama/Games1/Documents_ubuntu/perception_project/go2_ros2_nav/install/local_setup.sh'
[0.705s] INFO:colcon.colcon_core.shell:Creating prefix util module '/media/saitama/Games1/Documents_ubuntu/perception_project/go2_ros2_nav/install/_local_setup_util_sh.py'
[0.706s] INFO:colcon.colcon_core.shell:Creating prefix chain script '/media/saitama/Games1/Documents_ubuntu/perception_project/go2_ros2_nav/install/setup.sh'
[0.706s] INFO:colcon.colcon_core.shell:Creating prefix script '/media/saitama/Games1/Documents_ubuntu/perception_project/go2_ros2_nav/install/local_setup.bash'
[0.707s] INFO:colcon.colcon_core.shell:Creating prefix chain script '/media/saitama/Games1/Documents_ubuntu/perception_project/go2_ros2_nav/install/setup.bash'
[0.708s] INFO:colcon.colcon_core.shell:Creating prefix script '/media/saitama/Games1/Documents_ubuntu/perception_project/go2_ros2_nav/install/local_setup.zsh'
[0.708s] INFO:colcon.colcon_core.shell:Creating prefix chain script '/media/saitama/Games1/Documents_ubuntu/perception_project/go2_ros2_nav/install/setup.zsh'
