[0.098s] DEBUG:colcon:Command line arguments: ['/usr/bin/colcon', 'build']
[0.098s] DEBUG:colcon:Parsed command line arguments: Namespace(log_base=None, log_level=None, verb_name='build', build_base='build', install_base='install', merge_install=False, symlink_install=False, test_result_base=None, continue_on_error=False, executor='parallel', parallel_workers=16, event_handlers=None, ignore_user_meta=False, metas=['./colcon.meta'], base_paths=['.'], packages_ignore=None, packages_ignore_regex=None, paths=None, packages_up_to=None, packages_up_to_regex=None, packages_above=None, packages_above_and_dependencies=None, packages_above_depth=None, packages_select_by_dep=None, packages_skip_by_dep=None, packages_skip_up_to=None, packages_select_build_failed=False, packages_skip_build_finished=False, packages_select_test_failures=False, packages_skip_test_passed=False, packages_select=None, packages_skip=None, packages_select_regex=None, packages_skip_regex=None, packages_start=None, packages_end=None, allow_overriding=[], cmake_args=None, cmake_target=None, cmake_target_skip_unavailable=False, cmake_clean_cache=False, cmake_clean_first=False, cmake_force_configure=False, ament_cmake_args=None, catkin_cmake_args=None, catkin_skip_building_tests=False, mixin_files=None, mixin=None, verb_parser=<colcon_mixin.mixin.mixin_argument.MixinArgumentDecorator object at 0x778bc27ad330>, verb_extension=<colcon_core.verb.build.BuildVerb object at 0x778bc27acd60>, main=<bound method BuildVerb.main of <colcon_core.verb.build.BuildVerb object at 0x778bc27acd60>>, mixin_verb=('build',))
[0.269s] Level 1:colcon.colcon_core.package_discovery:discover_packages(colcon_meta) check parameters
[0.269s] Level 1:colcon.colcon_core.package_discovery:discover_packages(recursive) check parameters
[0.269s] Level 1:colcon.colcon_core.package_discovery:discover_packages(ignore) check parameters
[0.269s] Level 1:colcon.colcon_core.package_discovery:discover_packages(path) check parameters
[0.269s] Level 1:colcon.colcon_core.package_discovery:discover_packages(colcon_meta) discover
[0.269s] Level 1:colcon.colcon_core.package_discovery:discover_packages(recursive) discover
[0.270s] INFO:colcon.colcon_core.package_discovery:Crawling recursively for packages in '/media/saitama/Games1/Documents_ubuntu/perception_project/go2_ros2_nav'
[0.270s] Level 1:colcon.colcon_core.package_identification:_identify(.) by extensions ['ignore', 'ignore_ament_install']
[0.270s] Level 1:colcon.colcon_core.package_identification:_identify(.) by extension 'ignore'
[0.270s] Level 1:colcon.colcon_core.package_identification:_identify(.) by extension 'ignore_ament_install'
[0.270s] Level 1:colcon.colcon_core.package_identification:_identify(.) by extensions ['colcon_pkg']
[0.270s] Level 1:colcon.colcon_core.package_identification:_identify(.) by extension 'colcon_pkg'
[0.270s] Level 1:colcon.colcon_core.package_identification:_identify(.) by extensions ['colcon_meta']
[0.270s] Level 1:colcon.colcon_core.package_identification:_identify(.) by extension 'colcon_meta'
[0.270s] Level 1:colcon.colcon_core.package_identification:_identify(.) by extensions ['ros']
[0.270s] Level 1:colcon.colcon_core.package_identification:_identify(.) by extension 'ros'
[0.288s] Level 1:colcon.colcon_core.package_identification:_identify(.) by extensions ['cmake', 'python']
[0.289s] Level 1:colcon.colcon_core.package_identification:_identify(.) by extension 'cmake'
[0.289s] Level 1:colcon.colcon_core.package_identification:_identify(.) by extension 'python'
[0.289s] Level 1:colcon.colcon_core.package_identification:_identify(.) by extensions ['python_setup_py']
[0.289s] Level 1:colcon.colcon_core.package_identification:_identify(.) by extension 'python_setup_py'
[0.289s] Level 1:colcon.colcon_core.package_identification:_identify(build) by extensions ['ignore', 'ignore_ament_install']
[0.289s] Level 1:colcon.colcon_core.package_identification:_identify(build) by extension 'ignore'
[0.289s] Level 1:colcon.colcon_core.package_identification:_identify(build) ignored
[0.289s] Level 1:colcon.colcon_core.package_identification:_identify(install) by extensions ['ignore', 'ignore_ament_install']
[0.289s] Level 1:colcon.colcon_core.package_identification:_identify(install) by extension 'ignore'
[0.289s] Level 1:colcon.colcon_core.package_identification:_identify(install) ignored
[0.289s] Level 1:colcon.colcon_core.package_identification:_identify(log) by extensions ['ignore', 'ignore_ament_install']
[0.289s] Level 1:colcon.colcon_core.package_identification:_identify(log) by extension 'ignore'
[0.289s] Level 1:colcon.colcon_core.package_identification:_identify(log) ignored
[0.289s] Level 1:colcon.colcon_core.package_identification:_identify(src) by extensions ['ignore', 'ignore_ament_install']
[0.289s] Level 1:colcon.colcon_core.package_identification:_identify(src) by extension 'ignore'
[0.289s] Level 1:colcon.colcon_core.package_identification:_identify(src) by extension 'ignore_ament_install'
[0.289s] Level 1:colcon.colcon_core.package_identification:_identify(src) by extensions ['colcon_pkg']
[0.289s] Level 1:colcon.colcon_core.package_identification:_identify(src) by extension 'colcon_pkg'
[0.289s] Level 1:colcon.colcon_core.package_identification:_identify(src) by extensions ['colcon_meta']
[0.289s] Level 1:colcon.colcon_core.package_identification:_identify(src) by extension 'colcon_meta'
[0.289s] Level 1:colcon.colcon_core.package_identification:_identify(src) by extensions ['ros']
[0.290s] Level 1:colcon.colcon_core.package_identification:_identify(src) by extension 'ros'
[0.290s] Level 1:colcon.colcon_core.package_identification:_identify(src) by extensions ['cmake', 'python']
[0.290s] Level 1:colcon.colcon_core.package_identification:_identify(src) by extension 'cmake'
[0.290s] Level 1:colcon.colcon_core.package_identification:_identify(src) by extension 'python'
[0.290s] Level 1:colcon.colcon_core.package_identification:_identify(src) by extensions ['python_setup_py']
[0.290s] Level 1:colcon.colcon_core.package_identification:_identify(src) by extension 'python_setup_py'
[0.290s] Level 1:colcon.colcon_core.package_identification:_identify(src/gemini_api) by extensions ['ignore', 'ignore_ament_install']
[0.290s] Level 1:colcon.colcon_core.package_identification:_identify(src/gemini_api) by extension 'ignore'
[0.290s] Level 1:colcon.colcon_core.package_identification:_identify(src/gemini_api) by extension 'ignore_ament_install'
[0.290s] Level 1:colcon.colcon_core.package_identification:_identify(src/gemini_api) by extensions ['colcon_pkg']
[0.290s] Level 1:colcon.colcon_core.package_identification:_identify(src/gemini_api) by extension 'colcon_pkg'
[0.290s] Level 1:colcon.colcon_core.package_identification:_identify(src/gemini_api) by extensions ['colcon_meta']
[0.290s] Level 1:colcon.colcon_core.package_identification:_identify(src/gemini_api) by extension 'colcon_meta'
[0.290s] Level 1:colcon.colcon_core.package_identification:_identify(src/gemini_api) by extensions ['ros']
[0.290s] Level 1:colcon.colcon_core.package_identification:_identify(src/gemini_api) by extension 'ros'
[0.292s] DEBUG:colcon.colcon_core.package_identification:Package 'src/gemini_api' with type 'ros.ament_cmake' and name 'gemini_api'
[0.292s] Level 1:colcon.colcon_core.package_discovery:discover_packages(recursive) using defaults
[0.292s] Level 1:colcon.colcon_core.package_discovery:discover_packages(ignore) discover
[0.292s] Level 1:colcon.colcon_core.package_discovery:discover_packages(ignore) using defaults
[0.292s] Level 1:colcon.colcon_core.package_discovery:discover_packages(path) discover
[0.292s] Level 1:colcon.colcon_core.package_discovery:discover_packages(path) using defaults
[0.308s] Level 1:colcon.colcon_core.package_discovery:discover_packages(prefix_path) check parameters
[0.308s] Level 1:colcon.colcon_core.package_discovery:discover_packages(prefix_path) discover
[0.309s] DEBUG:colcon.colcon_installed_package_information.package_discovery:Found 1 installed packages in /media/saitama/Games1/Documents_ubuntu/perception_project/go2_ros2_nav/install
[0.310s] DEBUG:colcon.colcon_installed_package_information.package_discovery:Found 394 installed packages in /opt/ros/humble
[0.312s] Level 1:colcon.colcon_core.package_discovery:discover_packages(prefix_path) using defaults
[0.348s] Level 5:colcon.colcon_core.verb:set package 'gemini_api' build argument 'cmake_args' from command line to 'None'
[0.348s] Level 5:colcon.colcon_core.verb:set package 'gemini_api' build argument 'cmake_target' from command line to 'None'
[0.348s] Level 5:colcon.colcon_core.verb:set package 'gemini_api' build argument 'cmake_target_skip_unavailable' from command line to 'False'
[0.348s] Level 5:colcon.colcon_core.verb:set package 'gemini_api' build argument 'cmake_clean_cache' from command line to 'False'
[0.348s] Level 5:colcon.colcon_core.verb:set package 'gemini_api' build argument 'cmake_clean_first' from command line to 'False'
[0.348s] Level 5:colcon.colcon_core.verb:set package 'gemini_api' build argument 'cmake_force_configure' from command line to 'False'
[0.348s] Level 5:colcon.colcon_core.verb:set package 'gemini_api' build argument 'ament_cmake_args' from command line to 'None'
[0.348s] Level 5:colcon.colcon_core.verb:set package 'gemini_api' build argument 'catkin_cmake_args' from command line to 'None'
[0.348s] Level 5:colcon.colcon_core.verb:set package 'gemini_api' build argument 'catkin_skip_building_tests' from command line to 'False'
[0.348s] DEBUG:colcon.colcon_core.verb:Building package 'gemini_api' with the following arguments: {'ament_cmake_args': None, 'build_base': '/media/saitama/Games1/Documents_ubuntu/perception_project/go2_ros2_nav/build/gemini_api', 'catkin_cmake_args': None, 'catkin_skip_building_tests': False, 'cmake_args': None, 'cmake_clean_cache': False, 'cmake_clean_first': False, 'cmake_force_configure': False, 'cmake_target': None, 'cmake_target_skip_unavailable': False, 'install_base': '/media/saitama/Games1/Documents_ubuntu/perception_project/go2_ros2_nav/install/gemini_api', 'merge_install': False, 'path': '/media/saitama/Games1/Documents_ubuntu/perception_project/go2_ros2_nav/src/gemini_api', 'symlink_install': False, 'test_result_base': None}
[0.348s] INFO:colcon.colcon_core.executor:Executing jobs using 'parallel' executor
[0.349s] DEBUG:colcon.colcon_parallel_executor.executor.parallel:run_until_complete
[0.349s] INFO:colcon.colcon_ros.task.ament_cmake.build:Building ROS package in '/media/saitama/Games1/Documents_ubuntu/perception_project/go2_ros2_nav/src/gemini_api' with build type 'ament_cmake'
[0.349s] INFO:colcon.colcon_cmake.task.cmake.build:Building CMake package in '/media/saitama/Games1/Documents_ubuntu/perception_project/go2_ros2_nav/src/gemini_api'
[0.352s] INFO:colcon.colcon_core.plugin_system:Skipping extension 'colcon_core.shell.bat': Not used on non-Windows systems
[0.352s] INFO:colcon.colcon_core.shell:Skip shell extension 'powershell' for command environment: Not usable outside of PowerShell
[0.352s] DEBUG:colcon.colcon_core.shell:Skip shell extension 'dsv' for command environment
[0.362s] DEBUG:colcon.colcon_core.event_handler.log_command:Invoking command in '/media/saitama/Games1/Documents_ubuntu/perception_project/go2_ros2_nav/build/gemini_api': CMAKE_PREFIX_PATH=${CMAKE_PREFIX_PATH}:/opt/ros/humble /home/saitama/.local/bin/cmake --build /media/saitama/Games1/Documents_ubuntu/perception_project/go2_ros2_nav/build/gemini_api -- -j16 -l16
[0.731s] DEBUG:colcon.colcon_core.event_handler.log_command:Invoked command in '/media/saitama/Games1/Documents_ubuntu/perception_project/go2_ros2_nav/build/gemini_api' returned '0': CMAKE_PREFIX_PATH=${CMAKE_PREFIX_PATH}:/opt/ros/humble /home/saitama/.local/bin/cmake --build /media/saitama/Games1/Documents_ubuntu/perception_project/go2_ros2_nav/build/gemini_api -- -j16 -l16
[0.804s] DEBUG:colcon.colcon_core.event_handler.log_command:Invoking command in '/media/saitama/Games1/Documents_ubuntu/perception_project/go2_ros2_nav/build/gemini_api': CMAKE_PREFIX_PATH=${CMAKE_PREFIX_PATH}:/opt/ros/humble /home/saitama/.local/bin/cmake --install /media/saitama/Games1/Documents_ubuntu/perception_project/go2_ros2_nav/build/gemini_api
[0.885s] Level 1:colcon.colcon_core.environment:create_environment_scripts_only(gemini_api)
[0.886s] DEBUG:colcon.colcon_core.event_handler.log_command:Invoked command in '/media/saitama/Games1/Documents_ubuntu/perception_project/go2_ros2_nav/build/gemini_api' returned '0': CMAKE_PREFIX_PATH=${CMAKE_PREFIX_PATH}:/opt/ros/humble /home/saitama/.local/bin/cmake --install /media/saitama/Games1/Documents_ubuntu/perception_project/go2_ros2_nav/build/gemini_api
[0.887s] Level 1:colcon.colcon_core.environment:checking '/media/saitama/Games1/Documents_ubuntu/perception_project/go2_ros2_nav/install/gemini_api' for CMake module files
[0.888s] Level 1:colcon.colcon_core.environment:checking '/media/saitama/Games1/Documents_ubuntu/perception_project/go2_ros2_nav/install/gemini_api' for CMake config files
[0.888s] Level 1:colcon.colcon_core.shell:create_environment_hook('gemini_api', 'cmake_prefix_path')
[0.888s] INFO:colcon.colcon_core.shell:Creating environment hook '/media/saitama/Games1/Documents_ubuntu/perception_project/go2_ros2_nav/install/gemini_api/share/gemini_api/hook/cmake_prefix_path.ps1'
[0.889s] INFO:colcon.colcon_core.shell:Creating environment descriptor '/media/saitama/Games1/Documents_ubuntu/perception_project/go2_ros2_nav/install/gemini_api/share/gemini_api/hook/cmake_prefix_path.dsv'
[0.889s] INFO:colcon.colcon_core.shell:Creating environment hook '/media/saitama/Games1/Documents_ubuntu/perception_project/go2_ros2_nav/install/gemini_api/share/gemini_api/hook/cmake_prefix_path.sh'
[0.890s] Level 1:colcon.colcon_core.environment:checking '/media/saitama/Games1/Documents_ubuntu/perception_project/go2_ros2_nav/install/gemini_api/lib'
[0.890s] Level 1:colcon.colcon_core.environment:checking '/media/saitama/Games1/Documents_ubuntu/perception_project/go2_ros2_nav/install/gemini_api/bin'
[0.890s] Level 1:colcon.colcon_core.environment:checking '/media/saitama/Games1/Documents_ubuntu/perception_project/go2_ros2_nav/install/gemini_api/lib/pkgconfig/gemini_api.pc'
[0.891s] Level 1:colcon.colcon_core.environment:checking '/media/saitama/Games1/Documents_ubuntu/perception_project/go2_ros2_nav/install/gemini_api/lib/python3.10/site-packages'
[0.891s] Level 1:colcon.colcon_core.environment:checking '/media/saitama/Games1/Documents_ubuntu/perception_project/go2_ros2_nav/install/gemini_api/bin'
[0.891s] INFO:colcon.colcon_core.shell:Creating package script '/media/saitama/Games1/Documents_ubuntu/perception_project/go2_ros2_nav/install/gemini_api/share/gemini_api/package.ps1'
[0.892s] INFO:colcon.colcon_core.shell:Creating package descriptor '/media/saitama/Games1/Documents_ubuntu/perception_project/go2_ros2_nav/install/gemini_api/share/gemini_api/package.dsv'
[0.892s] INFO:colcon.colcon_core.shell:Creating package script '/media/saitama/Games1/Documents_ubuntu/perception_project/go2_ros2_nav/install/gemini_api/share/gemini_api/package.sh'
[0.893s] INFO:colcon.colcon_core.shell:Creating package script '/media/saitama/Games1/Documents_ubuntu/perception_project/go2_ros2_nav/install/gemini_api/share/gemini_api/package.bash'
[0.893s] INFO:colcon.colcon_core.shell:Creating package script '/media/saitama/Games1/Documents_ubuntu/perception_project/go2_ros2_nav/install/gemini_api/share/gemini_api/package.zsh'
[0.893s] Level 1:colcon.colcon_core.environment:create_file_with_runtime_dependencies(/media/saitama/Games1/Documents_ubuntu/perception_project/go2_ros2_nav/install/gemini_api/share/colcon-core/packages/gemini_api)
[0.894s] Level 1:colcon.colcon_core.environment:create_environment_scripts_only(gemini_api)
[0.894s] Level 1:colcon.colcon_core.environment:checking '/media/saitama/Games1/Documents_ubuntu/perception_project/go2_ros2_nav/install/gemini_api' for CMake module files
[0.895s] Level 1:colcon.colcon_core.environment:checking '/media/saitama/Games1/Documents_ubuntu/perception_project/go2_ros2_nav/install/gemini_api' for CMake config files
[0.895s] Level 1:colcon.colcon_core.shell:create_environment_hook('gemini_api', 'cmake_prefix_path')
[0.895s] INFO:colcon.colcon_core.shell:Creating environment hook '/media/saitama/Games1/Documents_ubuntu/perception_project/go2_ros2_nav/install/gemini_api/share/gemini_api/hook/cmake_prefix_path.ps1'
[0.895s] INFO:colcon.colcon_core.shell:Creating environment descriptor '/media/saitama/Games1/Documents_ubuntu/perception_project/go2_ros2_nav/install/gemini_api/share/gemini_api/hook/cmake_prefix_path.dsv'
[0.896s] INFO:colcon.colcon_core.shell:Creating environment hook '/media/saitama/Games1/Documents_ubuntu/perception_project/go2_ros2_nav/install/gemini_api/share/gemini_api/hook/cmake_prefix_path.sh'
[0.896s] Level 1:colcon.colcon_core.environment:checking '/media/saitama/Games1/Documents_ubuntu/perception_project/go2_ros2_nav/install/gemini_api/lib'
[0.896s] Level 1:colcon.colcon_core.environment:checking '/media/saitama/Games1/Documents_ubuntu/perception_project/go2_ros2_nav/install/gemini_api/bin'
[0.896s] Level 1:colcon.colcon_core.environment:checking '/media/saitama/Games1/Documents_ubuntu/perception_project/go2_ros2_nav/install/gemini_api/lib/pkgconfig/gemini_api.pc'
[0.896s] Level 1:colcon.colcon_core.environment:checking '/media/saitama/Games1/Documents_ubuntu/perception_project/go2_ros2_nav/install/gemini_api/lib/python3.10/site-packages'
[0.896s] Level 1:colcon.colcon_core.environment:checking '/media/saitama/Games1/Documents_ubuntu/perception_project/go2_ros2_nav/install/gemini_api/bin'
[0.897s] INFO:colcon.colcon_core.shell:Creating package script '/media/saitama/Games1/Documents_ubuntu/perception_project/go2_ros2_nav/install/gemini_api/share/gemini_api/package.ps1'
[0.897s] INFO:colcon.colcon_core.shell:Creating package descriptor '/media/saitama/Games1/Documents_ubuntu/perception_project/go2_ros2_nav/install/gemini_api/share/gemini_api/package.dsv'
[0.897s] INFO:colcon.colcon_core.shell:Creating package script '/media/saitama/Games1/Documents_ubuntu/perception_project/go2_ros2_nav/install/gemini_api/share/gemini_api/package.sh'
[0.897s] INFO:colcon.colcon_core.shell:Creating package script '/media/saitama/Games1/Documents_ubuntu/perception_project/go2_ros2_nav/install/gemini_api/share/gemini_api/package.bash'
[0.898s] INFO:colcon.colcon_core.shell:Creating package script '/media/saitama/Games1/Documents_ubuntu/perception_project/go2_ros2_nav/install/gemini_api/share/gemini_api/package.zsh'
[0.898s] Level 1:colcon.colcon_core.environment:create_file_with_runtime_dependencies(/media/saitama/Games1/Documents_ubuntu/perception_project/go2_ros2_nav/install/gemini_api/share/colcon-core/packages/gemini_api)
[0.898s] DEBUG:colcon.colcon_parallel_executor.executor.parallel:closing loop
[0.898s] DEBUG:colcon.colcon_parallel_executor.executor.parallel:loop closed
[0.898s] DEBUG:colcon.colcon_parallel_executor.executor.parallel:run_until_complete finished with '0'
[0.898s] DEBUG:colcon.colcon_core.event_reactor:joining thread
[0.903s] INFO:colcon.colcon_core.plugin_system:Skipping extension 'colcon_notification.desktop_notification.terminal_notifier': Not used on non-Darwin systems
[0.903s] INFO:colcon.colcon_core.plugin_system:Skipping extension 'colcon_notification.desktop_notification.win32': Not used on non-Windows systems
[0.903s] INFO:colcon.colcon_notification.desktop_notification:Sending desktop notification using 'notify2'
[0.913s] DEBUG:colcon.colcon_core.event_reactor:joined thread
[0.914s] INFO:colcon.colcon_core.shell:Creating prefix script '/media/saitama/Games1/Documents_ubuntu/perception_project/go2_ros2_nav/install/local_setup.ps1'
[0.915s] INFO:colcon.colcon_core.shell:Creating prefix util module '/media/saitama/Games1/Documents_ubuntu/perception_project/go2_ros2_nav/install/_local_setup_util_ps1.py'
[0.916s] INFO:colcon.colcon_core.shell:Creating prefix chain script '/media/saitama/Games1/Documents_ubuntu/perception_project/go2_ros2_nav/install/setup.ps1'
[0.916s] INFO:colcon.colcon_core.shell:Creating prefix script '/media/saitama/Games1/Documents_ubuntu/perception_project/go2_ros2_nav/install/local_setup.sh'
[0.917s] INFO:colcon.colcon_core.shell:Creating prefix util module '/media/saitama/Games1/Documents_ubuntu/perception_project/go2_ros2_nav/install/_local_setup_util_sh.py'
[0.917s] INFO:colcon.colcon_core.shell:Creating prefix chain script '/media/saitama/Games1/Documents_ubuntu/perception_project/go2_ros2_nav/install/setup.sh'
[0.918s] INFO:colcon.colcon_core.shell:Creating prefix script '/media/saitama/Games1/Documents_ubuntu/perception_project/go2_ros2_nav/install/local_setup.bash'
[0.918s] INFO:colcon.colcon_core.shell:Creating prefix chain script '/media/saitama/Games1/Documents_ubuntu/perception_project/go2_ros2_nav/install/setup.bash'
[0.919s] INFO:colcon.colcon_core.shell:Creating prefix script '/media/saitama/Games1/Documents_ubuntu/perception_project/go2_ros2_nav/install/local_setup.zsh'
[0.919s] INFO:colcon.colcon_core.shell:Creating prefix chain script '/media/saitama/Games1/Documents_ubuntu/perception_project/go2_ros2_nav/install/setup.zsh'
