[0.011s] Invoking command in '/media/saitama/Games1/Documents_ubuntu/perception_project/go2_ros2_nav/build/robot_control': CMAKE_PREFIX_PATH=/opt/ros/humble /home/saitama/.local/bin/cmake --build /media/saitama/Games1/Documents_ubuntu/perception_project/go2_ros2_nav/build/robot_control -- -j16 -l16
[0.066s] -- Found ament_cmake: 1.3.11 (/opt/ros/humble/share/ament_cmake/cmake)
[0.198s] -- Found ament_lint_auto: 0.12.12 (/opt/ros/humble/share/ament_lint_auto/cmake)
[0.258s] -- Added test 'copyright' to check source files copyright and LICENSE
[0.260s] -- Added test 'flake8' to check Python code syntax and style conventions
[0.260s] -- Added test 'lint_cmake' to check CMake code style
[0.260s] -- Added test 'pep257' to check Python code against some of the docstring style conventions in PEP 257
[0.261s] -- Added test 'xmllint' to check XML markup files
[0.262s] -- Configuring done (0.2s)
[0.267s] -- Generating done (0.0s)
[0.269s] -- Build files have been written to: /media/saitama/Games1/Documents_ubuntu/perception_project/go2_ros2_nav/build/robot_control
[0.280s] Invoked command in '/media/saitama/Games1/Documents_ubuntu/perception_project/go2_ros2_nav/build/robot_control' returned '0': CMAKE_PREFIX_PATH=/opt/ros/humble /home/saitama/.local/bin/cmake --build /media/saitama/Games1/Documents_ubuntu/perception_project/go2_ros2_nav/build/robot_control -- -j16 -l16
[0.281s] Invoking command in '/media/saitama/Games1/Documents_ubuntu/perception_project/go2_ros2_nav/build/robot_control': CMAKE_PREFIX_PATH=/opt/ros/humble /home/saitama/.local/bin/cmake --install /media/saitama/Games1/Documents_ubuntu/perception_project/go2_ros2_nav/build/robot_control
[0.327s] -- Install configuration: ""
[0.327s] -- Up-to-date: /media/saitama/Games1/Documents_ubuntu/perception_project/go2_ros2_nav/install/robot_control/share/robot_control//scripts
[0.327s] -- Up-to-date: /media/saitama/Games1/Documents_ubuntu/perception_project/go2_ros2_nav/install/robot_control/share/robot_control//scripts/InverseKinematics
[0.328s] -- Up-to-date: /media/saitama/Games1/Documents_ubuntu/perception_project/go2_ros2_nav/install/robot_control/share/robot_control//scripts/InverseKinematics/robot_IK.py
[0.328s] -- Up-to-date: /media/saitama/Games1/Documents_ubuntu/perception_project/go2_ros2_nav/install/robot_control/share/robot_control//scripts/ramped_joypad.py
[0.328s] -- Up-to-date: /media/saitama/Games1/Documents_ubuntu/perception_project/go2_ros2_nav/install/robot_control/share/robot_control//scripts/RobotController
[0.328s] -- Up-to-date: /media/saitama/Games1/Documents_ubuntu/perception_project/go2_ros2_nav/install/robot_control/share/robot_control//scripts/RobotController/CrawlGaitController.py
[0.328s] -- Up-to-date: /media/saitama/Games1/Documents_ubuntu/perception_project/go2_ros2_nav/install/robot_control/share/robot_control//scripts/RobotController/GaitController.py
[0.328s] -- Up-to-date: /media/saitama/Games1/Documents_ubuntu/perception_project/go2_ros2_nav/install/robot_control/share/robot_control//scripts/RobotController/PIDController.py
[0.328s] -- Up-to-date: /media/saitama/Games1/Documents_ubuntu/perception_project/go2_ros2_nav/install/robot_control/share/robot_control//scripts/RobotController/RobotController.py
[0.328s] -- Up-to-date: /media/saitama/Games1/Documents_ubuntu/perception_project/go2_ros2_nav/install/robot_control/share/robot_control//scripts/RobotController/StandController.py
[0.328s] -- Up-to-date: /media/saitama/Games1/Documents_ubuntu/perception_project/go2_ros2_nav/install/robot_control/share/robot_control//scripts/RobotController/StateCommand.py
[0.328s] -- Up-to-date: /media/saitama/Games1/Documents_ubuntu/perception_project/go2_ros2_nav/install/robot_control/share/robot_control//scripts/RobotController/TrotGaitController.py
[0.328s] -- Up-to-date: /media/saitama/Games1/Documents_ubuntu/perception_project/go2_ros2_nav/install/robot_control/share/robot_control//scripts/RoboticsUtilities
[0.328s] -- Up-to-date: /media/saitama/Games1/Documents_ubuntu/perception_project/go2_ros2_nav/install/robot_control/share/robot_control//scripts/RoboticsUtilities/Transformations.py
[0.329s] -- Up-to-date: /media/saitama/Games1/Documents_ubuntu/perception_project/go2_ros2_nav/install/robot_control/share/robot_control//scripts/robot_controller_gazebo.py
[0.329s] -- Up-to-date: /media/saitama/Games1/Documents_ubuntu/perception_project/go2_ros2_nav/install/robot_control/share/robot_control//launch
[0.329s] -- Up-to-date: /media/saitama/Games1/Documents_ubuntu/perception_project/go2_ros2_nav/install/robot_control/share/robot_control//launch/robot_control.launch.py
[0.329s] -- Up-to-date: /media/saitama/Games1/Documents_ubuntu/perception_project/go2_ros2_nav/install/robot_control/lib/robot_control/robot_controller_gazebo.py
[0.329s] -- Up-to-date: /media/saitama/Games1/Documents_ubuntu/perception_project/go2_ros2_nav/install/robot_control/lib/robot_control/ramped_joypad.py
[0.329s] -- Up-to-date: /media/saitama/Games1/Documents_ubuntu/perception_project/go2_ros2_nav/install/robot_control/lib/robot_control/robot_control.launch.py
[0.329s] -- Up-to-date: /media/saitama/Games1/Documents_ubuntu/perception_project/go2_ros2_nav/install/robot_control/lib/robot_control/RoboticsUtilities/Transformations.py
[0.329s] -- Up-to-date: /media/saitama/Games1/Documents_ubuntu/perception_project/go2_ros2_nav/install/robot_control/lib/robot_control/RobotController/CrawlGaitController.py
[0.329s] -- Up-to-date: /media/saitama/Games1/Documents_ubuntu/perception_project/go2_ros2_nav/install/robot_control/lib/robot_control/RobotController/GaitController.py
[0.329s] -- Up-to-date: /media/saitama/Games1/Documents_ubuntu/perception_project/go2_ros2_nav/install/robot_control/lib/robot_control/RobotController/PIDController.py
[0.329s] -- Up-to-date: /media/saitama/Games1/Documents_ubuntu/perception_project/go2_ros2_nav/install/robot_control/lib/robot_control/RobotController/RobotController.py
[0.330s] -- Up-to-date: /media/saitama/Games1/Documents_ubuntu/perception_project/go2_ros2_nav/install/robot_control/lib/robot_control/RobotController/StandController.py
[0.330s] -- Up-to-date: /media/saitama/Games1/Documents_ubuntu/perception_project/go2_ros2_nav/install/robot_control/lib/robot_control/RobotController/StateCommand.py
[0.330s] -- Up-to-date: /media/saitama/Games1/Documents_ubuntu/perception_project/go2_ros2_nav/install/robot_control/lib/robot_control/RobotController/TrotGaitController.py
[0.331s] -- Up-to-date: /media/saitama/Games1/Documents_ubuntu/perception_project/go2_ros2_nav/install/robot_control/lib/robot_control/InverseKinematics/robot_IK.py
[0.331s] -- Up-to-date: /media/saitama/Games1/Documents_ubuntu/perception_project/go2_ros2_nav/install/robot_control/share/ament_index/resource_index/package_run_dependencies/robot_control
[0.331s] -- Up-to-date: /media/saitama/Games1/Documents_ubuntu/perception_project/go2_ros2_nav/install/robot_control/share/ament_index/resource_index/parent_prefix_path/robot_control
[0.331s] -- Up-to-date: /media/saitama/Games1/Documents_ubuntu/perception_project/go2_ros2_nav/install/robot_control/share/robot_control/environment/ament_prefix_path.sh
[0.331s] -- Installing: /media/saitama/Games1/Documents_ubuntu/perception_project/go2_ros2_nav/install/robot_control/share/robot_control/environment/ament_prefix_path.dsv
[0.331s] -- Up-to-date: /media/saitama/Games1/Documents_ubuntu/perception_project/go2_ros2_nav/install/robot_control/share/robot_control/environment/path.sh
[0.332s] -- Installing: /media/saitama/Games1/Documents_ubuntu/perception_project/go2_ros2_nav/install/robot_control/share/robot_control/environment/path.dsv
[0.332s] -- Up-to-date: /media/saitama/Games1/Documents_ubuntu/perception_project/go2_ros2_nav/install/robot_control/share/robot_control/local_setup.bash
[0.332s] -- Up-to-date: /media/saitama/Games1/Documents_ubuntu/perception_project/go2_ros2_nav/install/robot_control/share/robot_control/local_setup.sh
[0.332s] -- Up-to-date: /media/saitama/Games1/Documents_ubuntu/perception_project/go2_ros2_nav/install/robot_control/share/robot_control/local_setup.zsh
[0.332s] -- Installing: /media/saitama/Games1/Documents_ubuntu/perception_project/go2_ros2_nav/install/robot_control/share/robot_control/local_setup.dsv
[0.332s] -- Installing: /media/saitama/Games1/Documents_ubuntu/perception_project/go2_ros2_nav/install/robot_control/share/robot_control/package.dsv
[0.332s] -- Up-to-date: /media/saitama/Games1/Documents_ubuntu/perception_project/go2_ros2_nav/install/robot_control/share/ament_index/resource_index/packages/robot_control
[0.332s] -- Up-to-date: /media/saitama/Games1/Documents_ubuntu/perception_project/go2_ros2_nav/install/robot_control/share/robot_control/cmake/robot_controlConfig.cmake
[0.332s] -- Up-to-date: /media/saitama/Games1/Documents_ubuntu/perception_project/go2_ros2_nav/install/robot_control/share/robot_control/cmake/robot_controlConfig-version.cmake
[0.333s] -- Up-to-date: /media/saitama/Games1/Documents_ubuntu/perception_project/go2_ros2_nav/install/robot_control/share/robot_control/package.xml
[0.333s] Invoked command in '/media/saitama/Games1/Documents_ubuntu/perception_project/go2_ros2_nav/build/robot_control' returned '0': CMAKE_PREFIX_PATH=/opt/ros/humble /home/saitama/.local/bin/cmake --install /media/saitama/Games1/Documents_ubuntu/perception_project/go2_ros2_nav/build/robot_control
