[0.084s] DEBUG:colcon:Command line arguments: ['/usr/bin/colcon', 'build']
[0.084s] DEBUG:colcon:Parsed command line arguments: Namespace(log_base=None, log_level=None, verb_name='build', build_base='build', install_base='install', merge_install=False, symlink_install=False, test_result_base=None, continue_on_error=False, executor='parallel', parallel_workers=16, event_handlers=None, ignore_user_meta=False, metas=['./colcon.meta'], base_paths=['.'], packages_ignore=None, packages_ignore_regex=None, paths=None, packages_up_to=None, packages_up_to_regex=None, packages_above=None, packages_above_and_dependencies=None, packages_above_depth=None, packages_select_by_dep=None, packages_skip_by_dep=None, packages_skip_up_to=None, packages_select_build_failed=False, packages_skip_build_finished=False, packages_select_test_failures=False, packages_skip_test_passed=False, packages_select=None, packages_skip=None, packages_select_regex=None, packages_skip_regex=None, packages_start=None, packages_end=None, allow_overriding=[], cmake_args=None, cmake_target=None, cmake_target_skip_unavailable=False, cmake_clean_cache=False, cmake_clean_first=False, cmake_force_configure=False, ament_cmake_args=None, catkin_cmake_args=None, catkin_skip_building_tests=False, mixin_files=None, mixin=None, verb_parser=<colcon_mixin.mixin.mixin_argument.MixinArgumentDecorator object at 0x7ce2c26bd1e0>, verb_extension=<colcon_core.verb.build.BuildVerb object at 0x7ce2c26bcc10>, main=<bound method BuildVerb.main of <colcon_core.verb.build.BuildVerb object at 0x7ce2c26bcc10>>, mixin_verb=('build',))
[0.230s] Level 1:colcon.colcon_core.package_discovery:discover_packages(colcon_meta) check parameters
[0.230s] Level 1:colcon.colcon_core.package_discovery:discover_packages(recursive) check parameters
[0.230s] Level 1:colcon.colcon_core.package_discovery:discover_packages(ignore) check parameters
[0.230s] Level 1:colcon.colcon_core.package_discovery:discover_packages(path) check parameters
[0.230s] Level 1:colcon.colcon_core.package_discovery:discover_packages(colcon_meta) discover
[0.230s] Level 1:colcon.colcon_core.package_discovery:discover_packages(recursive) discover
[0.230s] INFO:colcon.colcon_core.package_discovery:Crawling recursively for packages in '/media/saitama/Games1/Documents_ubuntu/perception_project/go2_ros2_nav'
[0.230s] Level 1:colcon.colcon_core.package_identification:_identify(.) by extensions ['ignore', 'ignore_ament_install']
[0.230s] Level 1:colcon.colcon_core.package_identification:_identify(.) by extension 'ignore'
[0.230s] Level 1:colcon.colcon_core.package_identification:_identify(.) by extension 'ignore_ament_install'
[0.230s] Level 1:colcon.colcon_core.package_identification:_identify(.) by extensions ['colcon_pkg']
[0.230s] Level 1:colcon.colcon_core.package_identification:_identify(.) by extension 'colcon_pkg'
[0.230s] Level 1:colcon.colcon_core.package_identification:_identify(.) by extensions ['colcon_meta']
[0.230s] Level 1:colcon.colcon_core.package_identification:_identify(.) by extension 'colcon_meta'
[0.230s] Level 1:colcon.colcon_core.package_identification:_identify(.) by extensions ['ros']
[0.230s] Level 1:colcon.colcon_core.package_identification:_identify(.) by extension 'ros'
[0.247s] Level 1:colcon.colcon_core.package_identification:_identify(.) by extensions ['cmake', 'python']
[0.247s] Level 1:colcon.colcon_core.package_identification:_identify(.) by extension 'cmake'
[0.247s] Level 1:colcon.colcon_core.package_identification:_identify(.) by extension 'python'
[0.247s] Level 1:colcon.colcon_core.package_identification:_identify(.) by extensions ['python_setup_py']
[0.247s] Level 1:colcon.colcon_core.package_identification:_identify(.) by extension 'python_setup_py'
[0.247s] Level 1:colcon.colcon_core.package_identification:_identify(build) by extensions ['ignore', 'ignore_ament_install']
[0.247s] Level 1:colcon.colcon_core.package_identification:_identify(build) by extension 'ignore'
[0.247s] Level 1:colcon.colcon_core.package_identification:_identify(build) ignored
[0.248s] Level 1:colcon.colcon_core.package_identification:_identify(install) by extensions ['ignore', 'ignore_ament_install']
[0.248s] Level 1:colcon.colcon_core.package_identification:_identify(install) by extension 'ignore'
[0.248s] Level 1:colcon.colcon_core.package_identification:_identify(install) ignored
[0.248s] Level 1:colcon.colcon_core.package_identification:_identify(log) by extensions ['ignore', 'ignore_ament_install']
[0.248s] Level 1:colcon.colcon_core.package_identification:_identify(log) by extension 'ignore'
[0.248s] Level 1:colcon.colcon_core.package_identification:_identify(log) ignored
[0.248s] Level 1:colcon.colcon_core.package_identification:_identify(src) by extensions ['ignore', 'ignore_ament_install']
[0.248s] Level 1:colcon.colcon_core.package_identification:_identify(src) by extension 'ignore'
[0.248s] Level 1:colcon.colcon_core.package_identification:_identify(src) by extension 'ignore_ament_install'
[0.248s] Level 1:colcon.colcon_core.package_identification:_identify(src) by extensions ['colcon_pkg']
[0.248s] Level 1:colcon.colcon_core.package_identification:_identify(src) by extension 'colcon_pkg'
[0.248s] Level 1:colcon.colcon_core.package_identification:_identify(src) by extensions ['colcon_meta']
[0.248s] Level 1:colcon.colcon_core.package_identification:_identify(src) by extension 'colcon_meta'
[0.248s] Level 1:colcon.colcon_core.package_identification:_identify(src) by extensions ['ros']
[0.248s] Level 1:colcon.colcon_core.package_identification:_identify(src) by extension 'ros'
[0.248s] Level 1:colcon.colcon_core.package_identification:_identify(src) by extensions ['cmake', 'python']
[0.248s] Level 1:colcon.colcon_core.package_identification:_identify(src) by extension 'cmake'
[0.248s] Level 1:colcon.colcon_core.package_identification:_identify(src) by extension 'python'
[0.248s] Level 1:colcon.colcon_core.package_identification:_identify(src) by extensions ['python_setup_py']
[0.248s] Level 1:colcon.colcon_core.package_identification:_identify(src) by extension 'python_setup_py'
[0.248s] Level 1:colcon.colcon_core.package_identification:_identify(src/gemini_api) by extensions ['ignore', 'ignore_ament_install']
[0.248s] Level 1:colcon.colcon_core.package_identification:_identify(src/gemini_api) by extension 'ignore'
[0.248s] Level 1:colcon.colcon_core.package_identification:_identify(src/gemini_api) by extension 'ignore_ament_install'
[0.248s] Level 1:colcon.colcon_core.package_identification:_identify(src/gemini_api) by extensions ['colcon_pkg']
[0.248s] Level 1:colcon.colcon_core.package_identification:_identify(src/gemini_api) by extension 'colcon_pkg'
[0.248s] Level 1:colcon.colcon_core.package_identification:_identify(src/gemini_api) by extensions ['colcon_meta']
[0.248s] Level 1:colcon.colcon_core.package_identification:_identify(src/gemini_api) by extension 'colcon_meta'
[0.248s] Level 1:colcon.colcon_core.package_identification:_identify(src/gemini_api) by extensions ['ros']
[0.248s] Level 1:colcon.colcon_core.package_identification:_identify(src/gemini_api) by extension 'ros'
[0.250s] DEBUG:colcon.colcon_core.package_identification:Package 'src/gemini_api' with type 'ros.ament_cmake' and name 'gemini_api'
[0.250s] Level 1:colcon.colcon_core.package_identification:_identify(src/robot_control) by extensions ['ignore', 'ignore_ament_install']
[0.250s] Level 1:colcon.colcon_core.package_identification:_identify(src/robot_control) by extension 'ignore'
[0.250s] Level 1:colcon.colcon_core.package_identification:_identify(src/robot_control) by extension 'ignore_ament_install'
[0.250s] Level 1:colcon.colcon_core.package_identification:_identify(src/robot_control) by extensions ['colcon_pkg']
[0.250s] Level 1:colcon.colcon_core.package_identification:_identify(src/robot_control) by extension 'colcon_pkg'
[0.250s] Level 1:colcon.colcon_core.package_identification:_identify(src/robot_control) by extensions ['colcon_meta']
[0.250s] Level 1:colcon.colcon_core.package_identification:_identify(src/robot_control) by extension 'colcon_meta'
[0.250s] Level 1:colcon.colcon_core.package_identification:_identify(src/robot_control) by extensions ['ros']
[0.251s] Level 1:colcon.colcon_core.package_identification:_identify(src/robot_control) by extension 'ros'
[0.251s] DEBUG:colcon.colcon_core.package_identification:Package 'src/robot_control' with type 'ros.ament_cmake' and name 'robot_control'
[0.251s] Level 1:colcon.colcon_core.package_identification:_identify(src/robot_simulation) by extensions ['ignore', 'ignore_ament_install']
[0.251s] Level 1:colcon.colcon_core.package_identification:_identify(src/robot_simulation) by extension 'ignore'
[0.251s] Level 1:colcon.colcon_core.package_identification:_identify(src/robot_simulation) by extension 'ignore_ament_install'
[0.251s] Level 1:colcon.colcon_core.package_identification:_identify(src/robot_simulation) by extensions ['colcon_pkg']
[0.251s] Level 1:colcon.colcon_core.package_identification:_identify(src/robot_simulation) by extension 'colcon_pkg'
[0.251s] Level 1:colcon.colcon_core.package_identification:_identify(src/robot_simulation) by extensions ['colcon_meta']
[0.251s] Level 1:colcon.colcon_core.package_identification:_identify(src/robot_simulation) by extension 'colcon_meta'
[0.251s] Level 1:colcon.colcon_core.package_identification:_identify(src/robot_simulation) by extensions ['ros']
[0.251s] Level 1:colcon.colcon_core.package_identification:_identify(src/robot_simulation) by extension 'ros'
[0.251s] Level 1:colcon.colcon_core.package_identification:_identify(src/robot_simulation) by extensions ['cmake', 'python']
[0.251s] Level 1:colcon.colcon_core.package_identification:_identify(src/robot_simulation) by extension 'cmake'
[0.251s] Level 1:colcon.colcon_core.package_identification:_identify(src/robot_simulation) by extension 'python'
[0.251s] Level 1:colcon.colcon_core.package_identification:_identify(src/robot_simulation) by extensions ['python_setup_py']
[0.251s] Level 1:colcon.colcon_core.package_identification:_identify(src/robot_simulation) by extension 'python_setup_py'
[0.251s] Level 1:colcon.colcon_core.package_identification:_identify(src/robot_simulation/robot_description) by extensions ['ignore', 'ignore_ament_install']
[0.251s] Level 1:colcon.colcon_core.package_identification:_identify(src/robot_simulation/robot_description) by extension 'ignore'
[0.251s] Level 1:colcon.colcon_core.package_identification:_identify(src/robot_simulation/robot_description) by extension 'ignore_ament_install'
[0.251s] Level 1:colcon.colcon_core.package_identification:_identify(src/robot_simulation/robot_description) by extensions ['colcon_pkg']
[0.251s] Level 1:colcon.colcon_core.package_identification:_identify(src/robot_simulation/robot_description) by extension 'colcon_pkg'
[0.251s] Level 1:colcon.colcon_core.package_identification:_identify(src/robot_simulation/robot_description) by extensions ['colcon_meta']
[0.251s] Level 1:colcon.colcon_core.package_identification:_identify(src/robot_simulation/robot_description) by extension 'colcon_meta'
[0.251s] Level 1:colcon.colcon_core.package_identification:_identify(src/robot_simulation/robot_description) by extensions ['ros']
[0.251s] Level 1:colcon.colcon_core.package_identification:_identify(src/robot_simulation/robot_description) by extension 'ros'
[0.252s] DEBUG:colcon.colcon_core.package_identification:Package 'src/robot_simulation/robot_description' with type 'ros.ament_cmake' and name 'robot_description'
[0.252s] Level 1:colcon.colcon_core.package_discovery:discover_packages(recursive) using defaults
[0.252s] Level 1:colcon.colcon_core.package_discovery:discover_packages(ignore) discover
[0.252s] Level 1:colcon.colcon_core.package_discovery:discover_packages(ignore) using defaults
[0.252s] Level 1:colcon.colcon_core.package_discovery:discover_packages(path) discover
[0.252s] Level 1:colcon.colcon_core.package_discovery:discover_packages(path) using defaults
[0.266s] Level 1:colcon.colcon_core.package_discovery:discover_packages(prefix_path) check parameters
[0.266s] Level 1:colcon.colcon_core.package_discovery:discover_packages(prefix_path) discover
[0.267s] DEBUG:colcon.colcon_installed_package_information.package_discovery:Found 3 installed packages in /media/saitama/Games1/Documents_ubuntu/perception_project/go2_ros2_nav/install
[0.268s] DEBUG:colcon.colcon_installed_package_information.package_discovery:Found 394 installed packages in /opt/ros/humble
[0.269s] Level 1:colcon.colcon_core.package_discovery:discover_packages(prefix_path) using defaults
[0.300s] Level 5:colcon.colcon_core.verb:set package 'gemini_api' build argument 'cmake_args' from command line to 'None'
[0.300s] Level 5:colcon.colcon_core.verb:set package 'gemini_api' build argument 'cmake_target' from command line to 'None'
[0.300s] Level 5:colcon.colcon_core.verb:set package 'gemini_api' build argument 'cmake_target_skip_unavailable' from command line to 'False'
[0.300s] Level 5:colcon.colcon_core.verb:set package 'gemini_api' build argument 'cmake_clean_cache' from command line to 'False'
[0.300s] Level 5:colcon.colcon_core.verb:set package 'gemini_api' build argument 'cmake_clean_first' from command line to 'False'
[0.300s] Level 5:colcon.colcon_core.verb:set package 'gemini_api' build argument 'cmake_force_configure' from command line to 'False'
[0.300s] Level 5:colcon.colcon_core.verb:set package 'gemini_api' build argument 'ament_cmake_args' from command line to 'None'
[0.300s] Level 5:colcon.colcon_core.verb:set package 'gemini_api' build argument 'catkin_cmake_args' from command line to 'None'
[0.300s] Level 5:colcon.colcon_core.verb:set package 'gemini_api' build argument 'catkin_skip_building_tests' from command line to 'False'
[0.300s] DEBUG:colcon.colcon_core.verb:Building package 'gemini_api' with the following arguments: {'ament_cmake_args': None, 'build_base': '/media/saitama/Games1/Documents_ubuntu/perception_project/go2_ros2_nav/build/gemini_api', 'catkin_cmake_args': None, 'catkin_skip_building_tests': False, 'cmake_args': None, 'cmake_clean_cache': False, 'cmake_clean_first': False, 'cmake_force_configure': False, 'cmake_target': None, 'cmake_target_skip_unavailable': False, 'install_base': '/media/saitama/Games1/Documents_ubuntu/perception_project/go2_ros2_nav/install/gemini_api', 'merge_install': False, 'path': '/media/saitama/Games1/Documents_ubuntu/perception_project/go2_ros2_nav/src/gemini_api', 'symlink_install': False, 'test_result_base': None}
[0.300s] Level 5:colcon.colcon_core.verb:set package 'robot_control' build argument 'cmake_args' from command line to 'None'
[0.300s] Level 5:colcon.colcon_core.verb:set package 'robot_control' build argument 'cmake_target' from command line to 'None'
[0.300s] Level 5:colcon.colcon_core.verb:set package 'robot_control' build argument 'cmake_target_skip_unavailable' from command line to 'False'
[0.300s] Level 5:colcon.colcon_core.verb:set package 'robot_control' build argument 'cmake_clean_cache' from command line to 'False'
[0.300s] Level 5:colcon.colcon_core.verb:set package 'robot_control' build argument 'cmake_clean_first' from command line to 'False'
[0.300s] Level 5:colcon.colcon_core.verb:set package 'robot_control' build argument 'cmake_force_configure' from command line to 'False'
[0.300s] Level 5:colcon.colcon_core.verb:set package 'robot_control' build argument 'ament_cmake_args' from command line to 'None'
[0.300s] Level 5:colcon.colcon_core.verb:set package 'robot_control' build argument 'catkin_cmake_args' from command line to 'None'
[0.300s] Level 5:colcon.colcon_core.verb:set package 'robot_control' build argument 'catkin_skip_building_tests' from command line to 'False'
[0.300s] DEBUG:colcon.colcon_core.verb:Building package 'robot_control' with the following arguments: {'ament_cmake_args': None, 'build_base': '/media/saitama/Games1/Documents_ubuntu/perception_project/go2_ros2_nav/build/robot_control', 'catkin_cmake_args': None, 'catkin_skip_building_tests': False, 'cmake_args': None, 'cmake_clean_cache': False, 'cmake_clean_first': False, 'cmake_force_configure': False, 'cmake_target': None, 'cmake_target_skip_unavailable': False, 'install_base': '/media/saitama/Games1/Documents_ubuntu/perception_project/go2_ros2_nav/install/robot_control', 'merge_install': False, 'path': '/media/saitama/Games1/Documents_ubuntu/perception_project/go2_ros2_nav/src/robot_control', 'symlink_install': False, 'test_result_base': None}
[0.301s] Level 5:colcon.colcon_core.verb:set package 'robot_description' build argument 'cmake_args' from command line to 'None'
[0.301s] Level 5:colcon.colcon_core.verb:set package 'robot_description' build argument 'cmake_target' from command line to 'None'
[0.301s] Level 5:colcon.colcon_core.verb:set package 'robot_description' build argument 'cmake_target_skip_unavailable' from command line to 'False'
[0.301s] Level 5:colcon.colcon_core.verb:set package 'robot_description' build argument 'cmake_clean_cache' from command line to 'False'
[0.301s] Level 5:colcon.colcon_core.verb:set package 'robot_description' build argument 'cmake_clean_first' from command line to 'False'
[0.301s] Level 5:colcon.colcon_core.verb:set package 'robot_description' build argument 'cmake_force_configure' from command line to 'False'
[0.301s] Level 5:colcon.colcon_core.verb:set package 'robot_description' build argument 'ament_cmake_args' from command line to 'None'
[0.301s] Level 5:colcon.colcon_core.verb:set package 'robot_description' build argument 'catkin_cmake_args' from command line to 'None'
[0.301s] Level 5:colcon.colcon_core.verb:set package 'robot_description' build argument 'catkin_skip_building_tests' from command line to 'False'
[0.301s] DEBUG:colcon.colcon_core.verb:Building package 'robot_description' with the following arguments: {'ament_cmake_args': None, 'build_base': '/media/saitama/Games1/Documents_ubuntu/perception_project/go2_ros2_nav/build/robot_description', 'catkin_cmake_args': None, 'catkin_skip_building_tests': False, 'cmake_args': None, 'cmake_clean_cache': False, 'cmake_clean_first': False, 'cmake_force_configure': False, 'cmake_target': None, 'cmake_target_skip_unavailable': False, 'install_base': '/media/saitama/Games1/Documents_ubuntu/perception_project/go2_ros2_nav/install/robot_description', 'merge_install': False, 'path': '/media/saitama/Games1/Documents_ubuntu/perception_project/go2_ros2_nav/src/robot_simulation/robot_description', 'symlink_install': False, 'test_result_base': None}
[0.301s] INFO:colcon.colcon_core.executor:Executing jobs using 'parallel' executor
[0.302s] DEBUG:colcon.colcon_parallel_executor.executor.parallel:run_until_complete
[0.302s] INFO:colcon.colcon_ros.task.ament_cmake.build:Building ROS package in '/media/saitama/Games1/Documents_ubuntu/perception_project/go2_ros2_nav/src/gemini_api' with build type 'ament_cmake'
[0.302s] INFO:colcon.colcon_cmake.task.cmake.build:Building CMake package in '/media/saitama/Games1/Documents_ubuntu/perception_project/go2_ros2_nav/src/gemini_api'
[0.304s] INFO:colcon.colcon_core.plugin_system:Skipping extension 'colcon_core.shell.bat': Not used on non-Windows systems
[0.304s] INFO:colcon.colcon_core.shell:Skip shell extension 'powershell' for command environment: Not usable outside of PowerShell
[0.304s] DEBUG:colcon.colcon_core.shell:Skip shell extension 'dsv' for command environment
[0.307s] INFO:colcon.colcon_ros.task.ament_cmake.build:Building ROS package in '/media/saitama/Games1/Documents_ubuntu/perception_project/go2_ros2_nav/src/robot_control' with build type 'ament_cmake'
[0.307s] INFO:colcon.colcon_cmake.task.cmake.build:Building CMake package in '/media/saitama/Games1/Documents_ubuntu/perception_project/go2_ros2_nav/src/robot_control'
[0.307s] INFO:colcon.colcon_core.shell:Skip shell extension 'powershell' for command environment: Not usable outside of PowerShell
[0.307s] DEBUG:colcon.colcon_core.shell:Skip shell extension 'dsv' for command environment
[0.310s] INFO:colcon.colcon_ros.task.ament_cmake.build:Building ROS package in '/media/saitama/Games1/Documents_ubuntu/perception_project/go2_ros2_nav/src/robot_simulation/robot_description' with build type 'ament_cmake'
[0.310s] INFO:colcon.colcon_cmake.task.cmake.build:Building CMake package in '/media/saitama/Games1/Documents_ubuntu/perception_project/go2_ros2_nav/src/robot_simulation/robot_description'
[0.311s] INFO:colcon.colcon_core.shell:Skip shell extension 'powershell' for command environment: Not usable outside of PowerShell
[0.311s] DEBUG:colcon.colcon_core.shell:Skip shell extension 'dsv' for command environment
[0.321s] DEBUG:colcon.colcon_core.event_handler.log_command:Invoking command in '/media/saitama/Games1/Documents_ubuntu/perception_project/go2_ros2_nav/build/gemini_api': CMAKE_PREFIX_PATH=${CMAKE_PREFIX_PATH}:/opt/ros/humble /home/saitama/.local/bin/cmake --build /media/saitama/Games1/Documents_ubuntu/perception_project/go2_ros2_nav/build/gemini_api -- -j16 -l16
[0.323s] DEBUG:colcon.colcon_core.event_handler.log_command:Invoking command in '/media/saitama/Games1/Documents_ubuntu/perception_project/go2_ros2_nav/build/robot_control': CMAKE_PREFIX_PATH=${CMAKE_PREFIX_PATH}:/opt/ros/humble /home/saitama/.local/bin/cmake --build /media/saitama/Games1/Documents_ubuntu/perception_project/go2_ros2_nav/build/robot_control -- -j16 -l16
[0.324s] DEBUG:colcon.colcon_core.event_handler.log_command:Invoking command in '/media/saitama/Games1/Documents_ubuntu/perception_project/go2_ros2_nav/build/robot_description': CMAKE_PREFIX_PATH=${CMAKE_PREFIX_PATH}:/opt/ros/humble /home/saitama/.local/bin/cmake --build /media/saitama/Games1/Documents_ubuntu/perception_project/go2_ros2_nav/build/robot_description -- -j16 -l16
[0.390s] DEBUG:colcon.colcon_core.event_handler.log_command:Invoked command in '/media/saitama/Games1/Documents_ubuntu/perception_project/go2_ros2_nav/build/robot_control' returned '0': CMAKE_PREFIX_PATH=${CMAKE_PREFIX_PATH}:/opt/ros/humble /home/saitama/.local/bin/cmake --build /media/saitama/Games1/Documents_ubuntu/perception_project/go2_ros2_nav/build/robot_control -- -j16 -l16
[0.452s] DEBUG:colcon.colcon_core.event_handler.log_command:Invoking command in '/media/saitama/Games1/Documents_ubuntu/perception_project/go2_ros2_nav/build/robot_control': CMAKE_PREFIX_PATH=${CMAKE_PREFIX_PATH}:/opt/ros/humble /home/saitama/.local/bin/cmake --install /media/saitama/Games1/Documents_ubuntu/perception_project/go2_ros2_nav/build/robot_control
[0.454s] DEBUG:colcon.colcon_core.event_handler.log_command:Invoked command in '/media/saitama/Games1/Documents_ubuntu/perception_project/go2_ros2_nav/build/gemini_api' returned '0': CMAKE_PREFIX_PATH=${CMAKE_PREFIX_PATH}:/opt/ros/humble /home/saitama/.local/bin/cmake --build /media/saitama/Games1/Documents_ubuntu/perception_project/go2_ros2_nav/build/gemini_api -- -j16 -l16
[0.455s] DEBUG:colcon.colcon_core.event_handler.log_command:Invoking command in '/media/saitama/Games1/Documents_ubuntu/perception_project/go2_ros2_nav/build/gemini_api': CMAKE_PREFIX_PATH=${CMAKE_PREFIX_PATH}:/opt/ros/humble /home/saitama/.local/bin/cmake --install /media/saitama/Games1/Documents_ubuntu/perception_project/go2_ros2_nav/build/gemini_api
[0.456s] DEBUG:colcon.colcon_core.event_handler.log_command:Invoked command in '/media/saitama/Games1/Documents_ubuntu/perception_project/go2_ros2_nav/build/robot_description' returned '0': CMAKE_PREFIX_PATH=${CMAKE_PREFIX_PATH}:/opt/ros/humble /home/saitama/.local/bin/cmake --build /media/saitama/Games1/Documents_ubuntu/perception_project/go2_ros2_nav/build/robot_description -- -j16 -l16
[0.457s] DEBUG:colcon.colcon_core.event_handler.log_command:Invoking command in '/media/saitama/Games1/Documents_ubuntu/perception_project/go2_ros2_nav/build/robot_description': CMAKE_PREFIX_PATH=${CMAKE_PREFIX_PATH}:/opt/ros/humble /home/saitama/.local/bin/cmake --install /media/saitama/Games1/Documents_ubuntu/perception_project/go2_ros2_nav/build/robot_description
[0.518s] Level 1:colcon.colcon_core.environment:create_environment_scripts_only(robot_description)
[0.519s] DEBUG:colcon.colcon_core.event_handler.log_command:Invoked command in '/media/saitama/Games1/Documents_ubuntu/perception_project/go2_ros2_nav/build/robot_description' returned '0': CMAKE_PREFIX_PATH=${CMAKE_PREFIX_PATH}:/opt/ros/humble /home/saitama/.local/bin/cmake --install /media/saitama/Games1/Documents_ubuntu/perception_project/go2_ros2_nav/build/robot_description
[0.520s] Level 1:colcon.colcon_core.environment:checking '/media/saitama/Games1/Documents_ubuntu/perception_project/go2_ros2_nav/install/robot_description' for CMake module files
[0.523s] Level 1:colcon.colcon_core.environment:checking '/media/saitama/Games1/Documents_ubuntu/perception_project/go2_ros2_nav/install/robot_description' for CMake config files
[0.524s] Level 1:colcon.colcon_core.shell:create_environment_hook('robot_description', 'cmake_prefix_path')
[0.524s] INFO:colcon.colcon_core.shell:Creating environment hook '/media/saitama/Games1/Documents_ubuntu/perception_project/go2_ros2_nav/install/robot_description/share/robot_description/hook/cmake_prefix_path.ps1'
[0.525s] INFO:colcon.colcon_core.shell:Creating environment descriptor '/media/saitama/Games1/Documents_ubuntu/perception_project/go2_ros2_nav/install/robot_description/share/robot_description/hook/cmake_prefix_path.dsv'
[0.525s] INFO:colcon.colcon_core.shell:Creating environment hook '/media/saitama/Games1/Documents_ubuntu/perception_project/go2_ros2_nav/install/robot_description/share/robot_description/hook/cmake_prefix_path.sh'
[0.525s] Level 1:colcon.colcon_core.environment:checking '/media/saitama/Games1/Documents_ubuntu/perception_project/go2_ros2_nav/install/robot_description/bin'
[0.525s] Level 1:colcon.colcon_core.environment:checking '/media/saitama/Games1/Documents_ubuntu/perception_project/go2_ros2_nav/install/robot_description/lib/pkgconfig/robot_description.pc'
[0.526s] Level 1:colcon.colcon_core.environment:checking '/media/saitama/Games1/Documents_ubuntu/perception_project/go2_ros2_nav/install/robot_description/lib/python3.10/site-packages'
[0.526s] Level 1:colcon.colcon_core.environment:checking '/media/saitama/Games1/Documents_ubuntu/perception_project/go2_ros2_nav/install/robot_description/bin'
[0.526s] INFO:colcon.colcon_core.shell:Creating package script '/media/saitama/Games1/Documents_ubuntu/perception_project/go2_ros2_nav/install/robot_description/share/robot_description/package.ps1'
[0.526s] INFO:colcon.colcon_core.shell:Creating package descriptor '/media/saitama/Games1/Documents_ubuntu/perception_project/go2_ros2_nav/install/robot_description/share/robot_description/package.dsv'
[0.527s] INFO:colcon.colcon_core.shell:Creating package script '/media/saitama/Games1/Documents_ubuntu/perception_project/go2_ros2_nav/install/robot_description/share/robot_description/package.sh'
[0.527s] INFO:colcon.colcon_core.shell:Creating package script '/media/saitama/Games1/Documents_ubuntu/perception_project/go2_ros2_nav/install/robot_description/share/robot_description/package.bash'
[0.527s] INFO:colcon.colcon_core.shell:Creating package script '/media/saitama/Games1/Documents_ubuntu/perception_project/go2_ros2_nav/install/robot_description/share/robot_description/package.zsh'
[0.528s] Level 1:colcon.colcon_core.environment:create_file_with_runtime_dependencies(/media/saitama/Games1/Documents_ubuntu/perception_project/go2_ros2_nav/install/robot_description/share/colcon-core/packages/robot_description)
[0.528s] Level 1:colcon.colcon_core.environment:create_environment_scripts_only(robot_description)
[0.528s] Level 1:colcon.colcon_core.environment:checking '/media/saitama/Games1/Documents_ubuntu/perception_project/go2_ros2_nav/install/robot_description' for CMake module files
[0.529s] Level 1:colcon.colcon_core.environment:checking '/media/saitama/Games1/Documents_ubuntu/perception_project/go2_ros2_nav/install/robot_description' for CMake config files
[0.529s] Level 1:colcon.colcon_core.shell:create_environment_hook('robot_description', 'cmake_prefix_path')
[0.529s] INFO:colcon.colcon_core.shell:Creating environment hook '/media/saitama/Games1/Documents_ubuntu/perception_project/go2_ros2_nav/install/robot_description/share/robot_description/hook/cmake_prefix_path.ps1'
[0.529s] INFO:colcon.colcon_core.shell:Creating environment descriptor '/media/saitama/Games1/Documents_ubuntu/perception_project/go2_ros2_nav/install/robot_description/share/robot_description/hook/cmake_prefix_path.dsv'
[0.529s] INFO:colcon.colcon_core.shell:Creating environment hook '/media/saitama/Games1/Documents_ubuntu/perception_project/go2_ros2_nav/install/robot_description/share/robot_description/hook/cmake_prefix_path.sh'
[0.530s] Level 1:colcon.colcon_core.environment:checking '/media/saitama/Games1/Documents_ubuntu/perception_project/go2_ros2_nav/install/robot_description/bin'
[0.530s] Level 1:colcon.colcon_core.environment:checking '/media/saitama/Games1/Documents_ubuntu/perception_project/go2_ros2_nav/install/robot_description/lib/pkgconfig/robot_description.pc'
[0.530s] Level 1:colcon.colcon_core.environment:checking '/media/saitama/Games1/Documents_ubuntu/perception_project/go2_ros2_nav/install/robot_description/lib/python3.10/site-packages'
[0.530s] Level 1:colcon.colcon_core.environment:checking '/media/saitama/Games1/Documents_ubuntu/perception_project/go2_ros2_nav/install/robot_description/bin'
[0.530s] INFO:colcon.colcon_core.shell:Creating package script '/media/saitama/Games1/Documents_ubuntu/perception_project/go2_ros2_nav/install/robot_description/share/robot_description/package.ps1'
[0.531s] INFO:colcon.colcon_core.shell:Creating package descriptor '/media/saitama/Games1/Documents_ubuntu/perception_project/go2_ros2_nav/install/robot_description/share/robot_description/package.dsv'
[0.531s] INFO:colcon.colcon_core.shell:Creating package script '/media/saitama/Games1/Documents_ubuntu/perception_project/go2_ros2_nav/install/robot_description/share/robot_description/package.sh'
[0.531s] INFO:colcon.colcon_core.shell:Creating package script '/media/saitama/Games1/Documents_ubuntu/perception_project/go2_ros2_nav/install/robot_description/share/robot_description/package.bash'
[0.531s] INFO:colcon.colcon_core.shell:Creating package script '/media/saitama/Games1/Documents_ubuntu/perception_project/go2_ros2_nav/install/robot_description/share/robot_description/package.zsh'
[0.531s] Level 1:colcon.colcon_core.environment:create_file_with_runtime_dependencies(/media/saitama/Games1/Documents_ubuntu/perception_project/go2_ros2_nav/install/robot_description/share/colcon-core/packages/robot_description)
[0.532s] Level 1:colcon.colcon_core.environment:create_environment_scripts_only(gemini_api)
[0.532s] Level 1:colcon.colcon_core.environment:checking '/media/saitama/Games1/Documents_ubuntu/perception_project/go2_ros2_nav/install/gemini_api' for CMake module files
[0.533s] DEBUG:colcon.colcon_core.event_handler.log_command:Invoked command in '/media/saitama/Games1/Documents_ubuntu/perception_project/go2_ros2_nav/build/gemini_api' returned '0': CMAKE_PREFIX_PATH=${CMAKE_PREFIX_PATH}:/opt/ros/humble /home/saitama/.local/bin/cmake --install /media/saitama/Games1/Documents_ubuntu/perception_project/go2_ros2_nav/build/gemini_api
[0.533s] Level 1:colcon.colcon_core.environment:checking '/media/saitama/Games1/Documents_ubuntu/perception_project/go2_ros2_nav/install/gemini_api' for CMake config files
[0.533s] Level 1:colcon.colcon_core.shell:create_environment_hook('gemini_api', 'cmake_prefix_path')
[0.533s] INFO:colcon.colcon_core.shell:Creating environment hook '/media/saitama/Games1/Documents_ubuntu/perception_project/go2_ros2_nav/install/gemini_api/share/gemini_api/hook/cmake_prefix_path.ps1'
[0.533s] INFO:colcon.colcon_core.shell:Creating environment descriptor '/media/saitama/Games1/Documents_ubuntu/perception_project/go2_ros2_nav/install/gemini_api/share/gemini_api/hook/cmake_prefix_path.dsv'
[0.534s] INFO:colcon.colcon_core.shell:Creating environment hook '/media/saitama/Games1/Documents_ubuntu/perception_project/go2_ros2_nav/install/gemini_api/share/gemini_api/hook/cmake_prefix_path.sh'
[0.534s] Level 1:colcon.colcon_core.environment:checking '/media/saitama/Games1/Documents_ubuntu/perception_project/go2_ros2_nav/install/gemini_api/lib'
[0.534s] Level 1:colcon.colcon_core.environment:checking '/media/saitama/Games1/Documents_ubuntu/perception_project/go2_ros2_nav/install/gemini_api/bin'
[0.534s] Level 1:colcon.colcon_core.environment:checking '/media/saitama/Games1/Documents_ubuntu/perception_project/go2_ros2_nav/install/gemini_api/lib/pkgconfig/gemini_api.pc'
[0.534s] Level 1:colcon.colcon_core.environment:checking '/media/saitama/Games1/Documents_ubuntu/perception_project/go2_ros2_nav/install/gemini_api/lib/python3.10/site-packages'
[0.534s] Level 1:colcon.colcon_core.environment:checking '/media/saitama/Games1/Documents_ubuntu/perception_project/go2_ros2_nav/install/gemini_api/bin'
[0.535s] INFO:colcon.colcon_core.shell:Creating package script '/media/saitama/Games1/Documents_ubuntu/perception_project/go2_ros2_nav/install/gemini_api/share/gemini_api/package.ps1'
[0.535s] INFO:colcon.colcon_core.shell:Creating package descriptor '/media/saitama/Games1/Documents_ubuntu/perception_project/go2_ros2_nav/install/gemini_api/share/gemini_api/package.dsv'
[0.535s] INFO:colcon.colcon_core.shell:Creating package script '/media/saitama/Games1/Documents_ubuntu/perception_project/go2_ros2_nav/install/gemini_api/share/gemini_api/package.sh'
[0.535s] INFO:colcon.colcon_core.shell:Creating package script '/media/saitama/Games1/Documents_ubuntu/perception_project/go2_ros2_nav/install/gemini_api/share/gemini_api/package.bash'
[0.535s] INFO:colcon.colcon_core.shell:Creating package script '/media/saitama/Games1/Documents_ubuntu/perception_project/go2_ros2_nav/install/gemini_api/share/gemini_api/package.zsh'
[0.535s] Level 1:colcon.colcon_core.environment:create_file_with_runtime_dependencies(/media/saitama/Games1/Documents_ubuntu/perception_project/go2_ros2_nav/install/gemini_api/share/colcon-core/packages/gemini_api)
[0.536s] Level 1:colcon.colcon_core.environment:create_environment_scripts_only(gemini_api)
[0.536s] Level 1:colcon.colcon_core.environment:checking '/media/saitama/Games1/Documents_ubuntu/perception_project/go2_ros2_nav/install/gemini_api' for CMake module files
[0.536s] Level 1:colcon.colcon_core.environment:checking '/media/saitama/Games1/Documents_ubuntu/perception_project/go2_ros2_nav/install/gemini_api' for CMake config files
[0.536s] Level 1:colcon.colcon_core.shell:create_environment_hook('gemini_api', 'cmake_prefix_path')
[0.537s] INFO:colcon.colcon_core.shell:Creating environment hook '/media/saitama/Games1/Documents_ubuntu/perception_project/go2_ros2_nav/install/gemini_api/share/gemini_api/hook/cmake_prefix_path.ps1'
[0.537s] INFO:colcon.colcon_core.shell:Creating environment descriptor '/media/saitama/Games1/Documents_ubuntu/perception_project/go2_ros2_nav/install/gemini_api/share/gemini_api/hook/cmake_prefix_path.dsv'
[0.537s] INFO:colcon.colcon_core.shell:Creating environment hook '/media/saitama/Games1/Documents_ubuntu/perception_project/go2_ros2_nav/install/gemini_api/share/gemini_api/hook/cmake_prefix_path.sh'
[0.538s] Level 1:colcon.colcon_core.environment:checking '/media/saitama/Games1/Documents_ubuntu/perception_project/go2_ros2_nav/install/gemini_api/lib'
[0.538s] Level 1:colcon.colcon_core.environment:checking '/media/saitama/Games1/Documents_ubuntu/perception_project/go2_ros2_nav/install/gemini_api/bin'
[0.538s] Level 1:colcon.colcon_core.environment:checking '/media/saitama/Games1/Documents_ubuntu/perception_project/go2_ros2_nav/install/gemini_api/lib/pkgconfig/gemini_api.pc'
[0.538s] Level 1:colcon.colcon_core.environment:checking '/media/saitama/Games1/Documents_ubuntu/perception_project/go2_ros2_nav/install/gemini_api/lib/python3.10/site-packages'
[0.538s] Level 1:colcon.colcon_core.environment:checking '/media/saitama/Games1/Documents_ubuntu/perception_project/go2_ros2_nav/install/gemini_api/bin'
[0.538s] INFO:colcon.colcon_core.shell:Creating package script '/media/saitama/Games1/Documents_ubuntu/perception_project/go2_ros2_nav/install/gemini_api/share/gemini_api/package.ps1'
[0.539s] INFO:colcon.colcon_core.shell:Creating package descriptor '/media/saitama/Games1/Documents_ubuntu/perception_project/go2_ros2_nav/install/gemini_api/share/gemini_api/package.dsv'
[0.539s] INFO:colcon.colcon_core.shell:Creating package script '/media/saitama/Games1/Documents_ubuntu/perception_project/go2_ros2_nav/install/gemini_api/share/gemini_api/package.sh'
[0.539s] INFO:colcon.colcon_core.shell:Creating package script '/media/saitama/Games1/Documents_ubuntu/perception_project/go2_ros2_nav/install/gemini_api/share/gemini_api/package.bash'
[0.540s] INFO:colcon.colcon_core.shell:Creating package script '/media/saitama/Games1/Documents_ubuntu/perception_project/go2_ros2_nav/install/gemini_api/share/gemini_api/package.zsh'
[0.540s] Level 1:colcon.colcon_core.environment:create_file_with_runtime_dependencies(/media/saitama/Games1/Documents_ubuntu/perception_project/go2_ros2_nav/install/gemini_api/share/colcon-core/packages/gemini_api)
[0.540s] Level 1:colcon.colcon_core.environment:create_environment_scripts_only(robot_control)
[0.540s] Level 1:colcon.colcon_core.environment:checking '/media/saitama/Games1/Documents_ubuntu/perception_project/go2_ros2_nav/install/robot_control' for CMake module files
[0.541s] DEBUG:colcon.colcon_core.event_handler.log_command:Invoked command in '/media/saitama/Games1/Documents_ubuntu/perception_project/go2_ros2_nav/build/robot_control' returned '0': CMAKE_PREFIX_PATH=${CMAKE_PREFIX_PATH}:/opt/ros/humble /home/saitama/.local/bin/cmake --install /media/saitama/Games1/Documents_ubuntu/perception_project/go2_ros2_nav/build/robot_control
[0.541s] Level 1:colcon.colcon_core.environment:checking '/media/saitama/Games1/Documents_ubuntu/perception_project/go2_ros2_nav/install/robot_control' for CMake config files
[0.541s] Level 1:colcon.colcon_core.shell:create_environment_hook('robot_control', 'cmake_prefix_path')
[0.542s] INFO:colcon.colcon_core.shell:Creating environment hook '/media/saitama/Games1/Documents_ubuntu/perception_project/go2_ros2_nav/install/robot_control/share/robot_control/hook/cmake_prefix_path.ps1'
[0.542s] INFO:colcon.colcon_core.shell:Creating environment descriptor '/media/saitama/Games1/Documents_ubuntu/perception_project/go2_ros2_nav/install/robot_control/share/robot_control/hook/cmake_prefix_path.dsv'
[0.542s] INFO:colcon.colcon_core.shell:Creating environment hook '/media/saitama/Games1/Documents_ubuntu/perception_project/go2_ros2_nav/install/robot_control/share/robot_control/hook/cmake_prefix_path.sh'
[0.542s] Level 1:colcon.colcon_core.environment:checking '/media/saitama/Games1/Documents_ubuntu/perception_project/go2_ros2_nav/install/robot_control/lib'
[0.542s] Level 1:colcon.colcon_core.environment:checking '/media/saitama/Games1/Documents_ubuntu/perception_project/go2_ros2_nav/install/robot_control/bin'
[0.542s] Level 1:colcon.colcon_core.environment:checking '/media/saitama/Games1/Documents_ubuntu/perception_project/go2_ros2_nav/install/robot_control/lib/pkgconfig/robot_control.pc'
[0.543s] Level 1:colcon.colcon_core.environment:checking '/media/saitama/Games1/Documents_ubuntu/perception_project/go2_ros2_nav/install/robot_control/lib/python3.10/site-packages'
[0.543s] Level 1:colcon.colcon_core.environment:checking '/media/saitama/Games1/Documents_ubuntu/perception_project/go2_ros2_nav/install/robot_control/bin'
[0.543s] INFO:colcon.colcon_core.shell:Creating package script '/media/saitama/Games1/Documents_ubuntu/perception_project/go2_ros2_nav/install/robot_control/share/robot_control/package.ps1'
[0.543s] INFO:colcon.colcon_core.shell:Creating package descriptor '/media/saitama/Games1/Documents_ubuntu/perception_project/go2_ros2_nav/install/robot_control/share/robot_control/package.dsv'
[0.543s] INFO:colcon.colcon_core.shell:Creating package script '/media/saitama/Games1/Documents_ubuntu/perception_project/go2_ros2_nav/install/robot_control/share/robot_control/package.sh'
[0.543s] INFO:colcon.colcon_core.shell:Creating package script '/media/saitama/Games1/Documents_ubuntu/perception_project/go2_ros2_nav/install/robot_control/share/robot_control/package.bash'
[0.544s] INFO:colcon.colcon_core.shell:Creating package script '/media/saitama/Games1/Documents_ubuntu/perception_project/go2_ros2_nav/install/robot_control/share/robot_control/package.zsh'
[0.544s] Level 1:colcon.colcon_core.environment:create_file_with_runtime_dependencies(/media/saitama/Games1/Documents_ubuntu/perception_project/go2_ros2_nav/install/robot_control/share/colcon-core/packages/robot_control)
[0.544s] Level 1:colcon.colcon_core.environment:create_environment_scripts_only(robot_control)
[0.544s] Level 1:colcon.colcon_core.environment:checking '/media/saitama/Games1/Documents_ubuntu/perception_project/go2_ros2_nav/install/robot_control' for CMake module files
[0.544s] Level 1:colcon.colcon_core.environment:checking '/media/saitama/Games1/Documents_ubuntu/perception_project/go2_ros2_nav/install/robot_control' for CMake config files
[0.545s] Level 1:colcon.colcon_core.shell:create_environment_hook('robot_control', 'cmake_prefix_path')
[0.545s] INFO:colcon.colcon_core.shell:Creating environment hook '/media/saitama/Games1/Documents_ubuntu/perception_project/go2_ros2_nav/install/robot_control/share/robot_control/hook/cmake_prefix_path.ps1'
[0.545s] INFO:colcon.colcon_core.shell:Creating environment descriptor '/media/saitama/Games1/Documents_ubuntu/perception_project/go2_ros2_nav/install/robot_control/share/robot_control/hook/cmake_prefix_path.dsv'
[0.545s] INFO:colcon.colcon_core.shell:Creating environment hook '/media/saitama/Games1/Documents_ubuntu/perception_project/go2_ros2_nav/install/robot_control/share/robot_control/hook/cmake_prefix_path.sh'
[0.545s] Level 1:colcon.colcon_core.environment:checking '/media/saitama/Games1/Documents_ubuntu/perception_project/go2_ros2_nav/install/robot_control/lib'
[0.546s] Level 1:colcon.colcon_core.environment:checking '/media/saitama/Games1/Documents_ubuntu/perception_project/go2_ros2_nav/install/robot_control/bin'
[0.546s] Level 1:colcon.colcon_core.environment:checking '/media/saitama/Games1/Documents_ubuntu/perception_project/go2_ros2_nav/install/robot_control/lib/pkgconfig/robot_control.pc'
[0.546s] Level 1:colcon.colcon_core.environment:checking '/media/saitama/Games1/Documents_ubuntu/perception_project/go2_ros2_nav/install/robot_control/lib/python3.10/site-packages'
[0.546s] Level 1:colcon.colcon_core.environment:checking '/media/saitama/Games1/Documents_ubuntu/perception_project/go2_ros2_nav/install/robot_control/bin'
[0.546s] INFO:colcon.colcon_core.shell:Creating package script '/media/saitama/Games1/Documents_ubuntu/perception_project/go2_ros2_nav/install/robot_control/share/robot_control/package.ps1'
[0.546s] INFO:colcon.colcon_core.shell:Creating package descriptor '/media/saitama/Games1/Documents_ubuntu/perception_project/go2_ros2_nav/install/robot_control/share/robot_control/package.dsv'
[0.546s] INFO:colcon.colcon_core.shell:Creating package script '/media/saitama/Games1/Documents_ubuntu/perception_project/go2_ros2_nav/install/robot_control/share/robot_control/package.sh'
[0.547s] INFO:colcon.colcon_core.shell:Creating package script '/media/saitama/Games1/Documents_ubuntu/perception_project/go2_ros2_nav/install/robot_control/share/robot_control/package.bash'
[0.547s] INFO:colcon.colcon_core.shell:Creating package script '/media/saitama/Games1/Documents_ubuntu/perception_project/go2_ros2_nav/install/robot_control/share/robot_control/package.zsh'
[0.547s] Level 1:colcon.colcon_core.environment:create_file_with_runtime_dependencies(/media/saitama/Games1/Documents_ubuntu/perception_project/go2_ros2_nav/install/robot_control/share/colcon-core/packages/robot_control)
[0.548s] DEBUG:colcon.colcon_parallel_executor.executor.parallel:closing loop
[0.548s] DEBUG:colcon.colcon_parallel_executor.executor.parallel:loop closed
[0.548s] DEBUG:colcon.colcon_parallel_executor.executor.parallel:run_until_complete finished with '0'
[0.548s] DEBUG:colcon.colcon_core.event_reactor:joining thread
[0.552s] INFO:colcon.colcon_core.plugin_system:Skipping extension 'colcon_notification.desktop_notification.terminal_notifier': Not used on non-Darwin systems
[0.552s] INFO:colcon.colcon_core.plugin_system:Skipping extension 'colcon_notification.desktop_notification.win32': Not used on non-Windows systems
[0.552s] INFO:colcon.colcon_notification.desktop_notification:Sending desktop notification using 'notify2'
[0.558s] DEBUG:colcon.colcon_core.event_reactor:joined thread
[0.558s] INFO:colcon.colcon_core.shell:Creating prefix script '/media/saitama/Games1/Documents_ubuntu/perception_project/go2_ros2_nav/install/local_setup.ps1'
[0.559s] INFO:colcon.colcon_core.shell:Creating prefix util module '/media/saitama/Games1/Documents_ubuntu/perception_project/go2_ros2_nav/install/_local_setup_util_ps1.py'
[0.560s] INFO:colcon.colcon_core.shell:Creating prefix chain script '/media/saitama/Games1/Documents_ubuntu/perception_project/go2_ros2_nav/install/setup.ps1'
[0.560s] INFO:colcon.colcon_core.shell:Creating prefix script '/media/saitama/Games1/Documents_ubuntu/perception_project/go2_ros2_nav/install/local_setup.sh'
[0.561s] INFO:colcon.colcon_core.shell:Creating prefix util module '/media/saitama/Games1/Documents_ubuntu/perception_project/go2_ros2_nav/install/_local_setup_util_sh.py'
[0.561s] INFO:colcon.colcon_core.shell:Creating prefix chain script '/media/saitama/Games1/Documents_ubuntu/perception_project/go2_ros2_nav/install/setup.sh'
[0.562s] INFO:colcon.colcon_core.shell:Creating prefix script '/media/saitama/Games1/Documents_ubuntu/perception_project/go2_ros2_nav/install/local_setup.bash'
[0.562s] INFO:colcon.colcon_core.shell:Creating prefix chain script '/media/saitama/Games1/Documents_ubuntu/perception_project/go2_ros2_nav/install/setup.bash'
[0.563s] INFO:colcon.colcon_core.shell:Creating prefix script '/media/saitama/Games1/Documents_ubuntu/perception_project/go2_ros2_nav/install/local_setup.zsh'
[0.563s] INFO:colcon.colcon_core.shell:Creating prefix chain script '/media/saitama/Games1/Documents_ubuntu/perception_project/go2_ros2_nav/install/setup.zsh'
