[0.018s] Invoking command in '/media/saitama/Games1/Documents_ubuntu/perception_project/go2_ros2_nav/build/robot_control': CMAKE_PREFIX_PATH=${CMAKE_PREFIX_PATH}:/opt/ros/humble /home/saitama/.local/bin/cmake --build /media/saitama/Games1/Documents_ubuntu/perception_project/go2_ros2_nav/build/robot_control -- -j16 -l16
[0.110s] Invoked command in '/media/saitama/Games1/Documents_ubuntu/perception_project/go2_ros2_nav/build/robot_control' returned '0': CMAKE_PREFIX_PATH=${CMAKE_PREFIX_PATH}:/opt/ros/humble /home/saitama/.local/bin/cmake --build /media/saitama/Games1/Documents_ubuntu/perception_project/go2_ros2_nav/build/robot_control -- -j16 -l16
[0.201s] Invoking command in '/media/saitama/Games1/Documents_ubuntu/perception_project/go2_ros2_nav/build/robot_control': CMAKE_PREFIX_PATH=${CMAKE_PREFIX_PATH}:/opt/ros/humble /home/saitama/.local/bin/cmake --install /media/saitama/Games1/Documents_ubuntu/perception_project/go2_ros2_nav/build/robot_control
[0.280s] -- Install configuration: ""
[0.280s] -- Up-to-date: /media/saitama/Games1/Documents_ubuntu/perception_project/go2_ros2_nav/install/robot_control/share/robot_control//scripts
[0.280s] -- Up-to-date: /media/saitama/Games1/Documents_ubuntu/perception_project/go2_ros2_nav/install/robot_control/share/robot_control//scripts/InverseKinematics
[0.280s] -- Up-to-date: /media/saitama/Games1/Documents_ubuntu/perception_project/go2_ros2_nav/install/robot_control/share/robot_control//scripts/InverseKinematics/robot_IK.py
[0.280s] -- Up-to-date: /media/saitama/Games1/Documents_ubuntu/perception_project/go2_ros2_nav/install/robot_control/share/robot_control//scripts/ramped_joypad.py
[0.281s] -- Up-to-date: /media/saitama/Games1/Documents_ubuntu/perception_project/go2_ros2_nav/install/robot_control/share/robot_control//scripts/RobotController
[0.281s] -- Up-to-date: /media/saitama/Games1/Documents_ubuntu/perception_project/go2_ros2_nav/install/robot_control/share/robot_control//scripts/RobotController/CrawlGaitController.py
[0.281s] -- Up-to-date: /media/saitama/Games1/Documents_ubuntu/perception_project/go2_ros2_nav/install/robot_control/share/robot_control//scripts/RobotController/GaitController.py
[0.281s] -- Up-to-date: /media/saitama/Games1/Documents_ubuntu/perception_project/go2_ros2_nav/install/robot_control/share/robot_control//scripts/RobotController/PIDController.py
[0.281s] -- Up-to-date: /media/saitama/Games1/Documents_ubuntu/perception_project/go2_ros2_nav/install/robot_control/share/robot_control//scripts/RobotController/RobotController.py
[0.281s] -- Up-to-date: /media/saitama/Games1/Documents_ubuntu/perception_project/go2_ros2_nav/install/robot_control/share/robot_control//scripts/RobotController/StandController.py
[0.281s] -- Up-to-date: /media/saitama/Games1/Documents_ubuntu/perception_project/go2_ros2_nav/install/robot_control/share/robot_control//scripts/RobotController/StateCommand.py
[0.281s] -- Up-to-date: /media/saitama/Games1/Documents_ubuntu/perception_project/go2_ros2_nav/install/robot_control/share/robot_control//scripts/RobotController/TrotGaitController.py
[0.281s] -- Up-to-date: /media/saitama/Games1/Documents_ubuntu/perception_project/go2_ros2_nav/install/robot_control/share/robot_control//scripts/RoboticsUtilities
[0.281s] -- Up-to-date: /media/saitama/Games1/Documents_ubuntu/perception_project/go2_ros2_nav/install/robot_control/share/robot_control//scripts/RoboticsUtilities/Transformations.py
[0.281s] -- Up-to-date: /media/saitama/Games1/Documents_ubuntu/perception_project/go2_ros2_nav/install/robot_control/share/robot_control//scripts/robot_controller_gazebo.py
[0.282s] -- Up-to-date: /media/saitama/Games1/Documents_ubuntu/perception_project/go2_ros2_nav/install/robot_control/share/robot_control//launch
[0.282s] -- Up-to-date: /media/saitama/Games1/Documents_ubuntu/perception_project/go2_ros2_nav/install/robot_control/share/robot_control//launch/robot_control.launch.py
[0.282s] -- Up-to-date: /media/saitama/Games1/Documents_ubuntu/perception_project/go2_ros2_nav/install/robot_control/lib/robot_control/robot_controller_gazebo.py
[0.282s] -- Up-to-date: /media/saitama/Games1/Documents_ubuntu/perception_project/go2_ros2_nav/install/robot_control/lib/robot_control/ramped_joypad.py
[0.282s] -- Up-to-date: /media/saitama/Games1/Documents_ubuntu/perception_project/go2_ros2_nav/install/robot_control/lib/robot_control/robot_control.launch.py
[0.282s] -- Up-to-date: /media/saitama/Games1/Documents_ubuntu/perception_project/go2_ros2_nav/install/robot_control/lib/robot_control/RoboticsUtilities/Transformations.py
[0.282s] -- Up-to-date: /media/saitama/Games1/Documents_ubuntu/perception_project/go2_ros2_nav/install/robot_control/lib/robot_control/RobotController/CrawlGaitController.py
[0.282s] -- Up-to-date: /media/saitama/Games1/Documents_ubuntu/perception_project/go2_ros2_nav/install/robot_control/lib/robot_control/RobotController/GaitController.py
[0.282s] -- Up-to-date: /media/saitama/Games1/Documents_ubuntu/perception_project/go2_ros2_nav/install/robot_control/lib/robot_control/RobotController/PIDController.py
[0.282s] -- Up-to-date: /media/saitama/Games1/Documents_ubuntu/perception_project/go2_ros2_nav/install/robot_control/lib/robot_control/RobotController/RobotController.py
[0.283s] -- Up-to-date: /media/saitama/Games1/Documents_ubuntu/perception_project/go2_ros2_nav/install/robot_control/lib/robot_control/RobotController/StandController.py
[0.283s] -- Up-to-date: /media/saitama/Games1/Documents_ubuntu/perception_project/go2_ros2_nav/install/robot_control/lib/robot_control/RobotController/StateCommand.py
[0.283s] -- Up-to-date: /media/saitama/Games1/Documents_ubuntu/perception_project/go2_ros2_nav/install/robot_control/lib/robot_control/RobotController/TrotGaitController.py
[0.283s] -- Up-to-date: /media/saitama/Games1/Documents_ubuntu/perception_project/go2_ros2_nav/install/robot_control/lib/robot_control/InverseKinematics/robot_IK.py
[0.283s] -- Up-to-date: /media/saitama/Games1/Documents_ubuntu/perception_project/go2_ros2_nav/install/robot_control/share/ament_index/resource_index/package_run_dependencies/robot_control
[0.283s] -- Up-to-date: /media/saitama/Games1/Documents_ubuntu/perception_project/go2_ros2_nav/install/robot_control/share/ament_index/resource_index/parent_prefix_path/robot_control
[0.283s] -- Up-to-date: /media/saitama/Games1/Documents_ubuntu/perception_project/go2_ros2_nav/install/robot_control/share/robot_control/environment/ament_prefix_path.sh
[0.283s] -- Up-to-date: /media/saitama/Games1/Documents_ubuntu/perception_project/go2_ros2_nav/install/robot_control/share/robot_control/environment/ament_prefix_path.dsv
[0.283s] -- Up-to-date: /media/saitama/Games1/Documents_ubuntu/perception_project/go2_ros2_nav/install/robot_control/share/robot_control/environment/path.sh
[0.283s] -- Up-to-date: /media/saitama/Games1/Documents_ubuntu/perception_project/go2_ros2_nav/install/robot_control/share/robot_control/environment/path.dsv
[0.284s] -- Up-to-date: /media/saitama/Games1/Documents_ubuntu/perception_project/go2_ros2_nav/install/robot_control/share/robot_control/local_setup.bash
[0.284s] -- Up-to-date: /media/saitama/Games1/Documents_ubuntu/perception_project/go2_ros2_nav/install/robot_control/share/robot_control/local_setup.sh
[0.284s] -- Up-to-date: /media/saitama/Games1/Documents_ubuntu/perception_project/go2_ros2_nav/install/robot_control/share/robot_control/local_setup.zsh
[0.284s] -- Up-to-date: /media/saitama/Games1/Documents_ubuntu/perception_project/go2_ros2_nav/install/robot_control/share/robot_control/local_setup.dsv
[0.285s] -- Installing: /media/saitama/Games1/Documents_ubuntu/perception_project/go2_ros2_nav/install/robot_control/share/robot_control/package.dsv
[0.285s] -- Up-to-date: /media/saitama/Games1/Documents_ubuntu/perception_project/go2_ros2_nav/install/robot_control/share/ament_index/resource_index/packages/robot_control
[0.285s] -- Up-to-date: /media/saitama/Games1/Documents_ubuntu/perception_project/go2_ros2_nav/install/robot_control/share/robot_control/cmake/robot_controlConfig.cmake
[0.285s] -- Up-to-date: /media/saitama/Games1/Documents_ubuntu/perception_project/go2_ros2_nav/install/robot_control/share/robot_control/cmake/robot_controlConfig-version.cmake
[0.285s] -- Up-to-date: /media/saitama/Games1/Documents_ubuntu/perception_project/go2_ros2_nav/install/robot_control/share/robot_control/package.xml
[0.285s] Invoked command in '/media/saitama/Games1/Documents_ubuntu/perception_project/go2_ros2_nav/build/robot_control' returned '0': CMAKE_PREFIX_PATH=${CMAKE_PREFIX_PATH}:/opt/ros/humble /home/saitama/.local/bin/cmake --install /media/saitama/Games1/Documents_ubuntu/perception_project/go2_ros2_nav/build/robot_control
