[0.117s] DEBUG:colcon:Command line arguments: ['/usr/bin/colcon', 'build']
[0.118s] DEBUG:colcon:Parsed command line arguments: Namespace(log_base=None, log_level=None, verb_name='build', build_base='build', install_base='install', merge_install=False, symlink_install=False, test_result_base=None, continue_on_error=False, executor='parallel', parallel_workers=16, event_handlers=None, ignore_user_meta=False, metas=['./colcon.meta'], base_paths=['.'], packages_ignore=None, packages_ignore_regex=None, paths=None, packages_up_to=None, packages_up_to_regex=None, packages_above=None, packages_above_and_dependencies=None, packages_above_depth=None, packages_select_by_dep=None, packages_skip_by_dep=None, packages_skip_up_to=None, packages_select_build_failed=False, packages_skip_build_finished=False, packages_select_test_failures=False, packages_skip_test_passed=False, packages_select=None, packages_skip=None, packages_select_regex=None, packages_skip_regex=None, packages_start=None, packages_end=None, allow_overriding=[], cmake_args=None, cmake_target=None, cmake_target_skip_unavailable=False, cmake_clean_cache=False, cmake_clean_first=False, cmake_force_configure=False, ament_cmake_args=None, catkin_cmake_args=None, catkin_skip_building_tests=False, mixin_files=None, mixin=None, verb_parser=<colcon_mixin.mixin.mixin_argument.MixinArgumentDecorator object at 0x784e126b51e0>, verb_extension=<colcon_core.verb.build.BuildVerb object at 0x784e126b4c10>, main=<bound method BuildVerb.main of <colcon_core.verb.build.BuildVerb object at 0x784e126b4c10>>, mixin_verb=('build',))
[0.330s] Level 1:colcon.colcon_core.package_discovery:discover_packages(colcon_meta) check parameters
[0.330s] Level 1:colcon.colcon_core.package_discovery:discover_packages(recursive) check parameters
[0.330s] Level 1:colcon.colcon_core.package_discovery:discover_packages(ignore) check parameters
[0.330s] Level 1:colcon.colcon_core.package_discovery:discover_packages(path) check parameters
[0.330s] Level 1:colcon.colcon_core.package_discovery:discover_packages(colcon_meta) discover
[0.330s] Level 1:colcon.colcon_core.package_discovery:discover_packages(recursive) discover
[0.330s] INFO:colcon.colcon_core.package_discovery:Crawling recursively for packages in '/media/saitama/Games1/Documents_ubuntu/perception_project/go2_ros2_nav'
[0.330s] Level 1:colcon.colcon_core.package_identification:_identify(.) by extensions ['ignore', 'ignore_ament_install']
[0.330s] Level 1:colcon.colcon_core.package_identification:_identify(.) by extension 'ignore'
[0.331s] Level 1:colcon.colcon_core.package_identification:_identify(.) by extension 'ignore_ament_install'
[0.331s] Level 1:colcon.colcon_core.package_identification:_identify(.) by extensions ['colcon_pkg']
[0.331s] Level 1:colcon.colcon_core.package_identification:_identify(.) by extension 'colcon_pkg'
[0.331s] Level 1:colcon.colcon_core.package_identification:_identify(.) by extensions ['colcon_meta']
[0.331s] Level 1:colcon.colcon_core.package_identification:_identify(.) by extension 'colcon_meta'
[0.331s] Level 1:colcon.colcon_core.package_identification:_identify(.) by extensions ['ros']
[0.331s] Level 1:colcon.colcon_core.package_identification:_identify(.) by extension 'ros'
[0.353s] Level 1:colcon.colcon_core.package_identification:_identify(.) by extensions ['cmake', 'python']
[0.353s] Level 1:colcon.colcon_core.package_identification:_identify(.) by extension 'cmake'
[0.353s] Level 1:colcon.colcon_core.package_identification:_identify(.) by extension 'python'
[0.353s] Level 1:colcon.colcon_core.package_identification:_identify(.) by extensions ['python_setup_py']
[0.353s] Level 1:colcon.colcon_core.package_identification:_identify(.) by extension 'python_setup_py'
[0.353s] Level 1:colcon.colcon_core.package_identification:_identify(build) by extensions ['ignore', 'ignore_ament_install']
[0.353s] Level 1:colcon.colcon_core.package_identification:_identify(build) by extension 'ignore'
[0.353s] Level 1:colcon.colcon_core.package_identification:_identify(build) ignored
[0.353s] Level 1:colcon.colcon_core.package_identification:_identify(install) by extensions ['ignore', 'ignore_ament_install']
[0.353s] Level 1:colcon.colcon_core.package_identification:_identify(install) by extension 'ignore'
[0.353s] Level 1:colcon.colcon_core.package_identification:_identify(install) ignored
[0.353s] Level 1:colcon.colcon_core.package_identification:_identify(log) by extensions ['ignore', 'ignore_ament_install']
[0.353s] Level 1:colcon.colcon_core.package_identification:_identify(log) by extension 'ignore'
[0.354s] Level 1:colcon.colcon_core.package_identification:_identify(log) ignored
[0.354s] Level 1:colcon.colcon_core.package_identification:_identify(src) by extensions ['ignore', 'ignore_ament_install']
[0.354s] Level 1:colcon.colcon_core.package_identification:_identify(src) by extension 'ignore'
[0.354s] Level 1:colcon.colcon_core.package_identification:_identify(src) by extension 'ignore_ament_install'
[0.354s] Level 1:colcon.colcon_core.package_identification:_identify(src) by extensions ['colcon_pkg']
[0.354s] Level 1:colcon.colcon_core.package_identification:_identify(src) by extension 'colcon_pkg'
[0.354s] Level 1:colcon.colcon_core.package_identification:_identify(src) by extensions ['colcon_meta']
[0.354s] Level 1:colcon.colcon_core.package_identification:_identify(src) by extension 'colcon_meta'
[0.354s] Level 1:colcon.colcon_core.package_identification:_identify(src) by extensions ['ros']
[0.354s] Level 1:colcon.colcon_core.package_identification:_identify(src) by extension 'ros'
[0.354s] Level 1:colcon.colcon_core.package_identification:_identify(src) by extensions ['cmake', 'python']
[0.354s] Level 1:colcon.colcon_core.package_identification:_identify(src) by extension 'cmake'
[0.354s] Level 1:colcon.colcon_core.package_identification:_identify(src) by extension 'python'
[0.354s] Level 1:colcon.colcon_core.package_identification:_identify(src) by extensions ['python_setup_py']
[0.354s] Level 1:colcon.colcon_core.package_identification:_identify(src) by extension 'python_setup_py'
[0.354s] Level 1:colcon.colcon_core.package_identification:_identify(src/gemini_api) by extensions ['ignore', 'ignore_ament_install']
[0.354s] Level 1:colcon.colcon_core.package_identification:_identify(src/gemini_api) by extension 'ignore'
[0.354s] Level 1:colcon.colcon_core.package_identification:_identify(src/gemini_api) by extension 'ignore_ament_install'
[0.354s] Level 1:colcon.colcon_core.package_identification:_identify(src/gemini_api) by extensions ['colcon_pkg']
[0.354s] Level 1:colcon.colcon_core.package_identification:_identify(src/gemini_api) by extension 'colcon_pkg'
[0.354s] Level 1:colcon.colcon_core.package_identification:_identify(src/gemini_api) by extensions ['colcon_meta']
[0.354s] Level 1:colcon.colcon_core.package_identification:_identify(src/gemini_api) by extension 'colcon_meta'
[0.354s] Level 1:colcon.colcon_core.package_identification:_identify(src/gemini_api) by extensions ['ros']
[0.354s] Level 1:colcon.colcon_core.package_identification:_identify(src/gemini_api) by extension 'ros'
[0.356s] DEBUG:colcon.colcon_core.package_identification:Package 'src/gemini_api' with type 'ros.ament_cmake' and name 'gemini_api'
[0.356s] Level 1:colcon.colcon_core.package_identification:_identify(src/robot_control) by extensions ['ignore', 'ignore_ament_install']
[0.356s] Level 1:colcon.colcon_core.package_identification:_identify(src/robot_control) by extension 'ignore'
[0.357s] Level 1:colcon.colcon_core.package_identification:_identify(src/robot_control) by extension 'ignore_ament_install'
[0.357s] Level 1:colcon.colcon_core.package_identification:_identify(src/robot_control) by extensions ['colcon_pkg']
[0.357s] Level 1:colcon.colcon_core.package_identification:_identify(src/robot_control) by extension 'colcon_pkg'
[0.357s] Level 1:colcon.colcon_core.package_identification:_identify(src/robot_control) by extensions ['colcon_meta']
[0.357s] Level 1:colcon.colcon_core.package_identification:_identify(src/robot_control) by extension 'colcon_meta'
[0.357s] Level 1:colcon.colcon_core.package_identification:_identify(src/robot_control) by extensions ['ros']
[0.357s] Level 1:colcon.colcon_core.package_identification:_identify(src/robot_control) by extension 'ros'
[0.357s] DEBUG:colcon.colcon_core.package_identification:Package 'src/robot_control' with type 'ros.ament_cmake' and name 'robot_control'
[0.357s] Level 1:colcon.colcon_core.package_identification:_identify(src/robot_simulation) by extensions ['ignore', 'ignore_ament_install']
[0.357s] Level 1:colcon.colcon_core.package_identification:_identify(src/robot_simulation) by extension 'ignore'
[0.357s] Level 1:colcon.colcon_core.package_identification:_identify(src/robot_simulation) by extension 'ignore_ament_install'
[0.357s] Level 1:colcon.colcon_core.package_identification:_identify(src/robot_simulation) by extensions ['colcon_pkg']
[0.357s] Level 1:colcon.colcon_core.package_identification:_identify(src/robot_simulation) by extension 'colcon_pkg'
[0.357s] Level 1:colcon.colcon_core.package_identification:_identify(src/robot_simulation) by extensions ['colcon_meta']
[0.357s] Level 1:colcon.colcon_core.package_identification:_identify(src/robot_simulation) by extension 'colcon_meta'
[0.357s] Level 1:colcon.colcon_core.package_identification:_identify(src/robot_simulation) by extensions ['ros']
[0.357s] Level 1:colcon.colcon_core.package_identification:_identify(src/robot_simulation) by extension 'ros'
[0.357s] Level 1:colcon.colcon_core.package_identification:_identify(src/robot_simulation) by extensions ['cmake', 'python']
[0.358s] Level 1:colcon.colcon_core.package_identification:_identify(src/robot_simulation) by extension 'cmake'
[0.358s] Level 1:colcon.colcon_core.package_identification:_identify(src/robot_simulation) by extension 'python'
[0.358s] Level 1:colcon.colcon_core.package_identification:_identify(src/robot_simulation) by extensions ['python_setup_py']
[0.358s] Level 1:colcon.colcon_core.package_identification:_identify(src/robot_simulation) by extension 'python_setup_py'
[0.358s] Level 1:colcon.colcon_core.package_identification:_identify(src/robot_simulation/robot_description) by extensions ['ignore', 'ignore_ament_install']
[0.358s] Level 1:colcon.colcon_core.package_identification:_identify(src/robot_simulation/robot_description) by extension 'ignore'
[0.358s] Level 1:colcon.colcon_core.package_identification:_identify(src/robot_simulation/robot_description) by extension 'ignore_ament_install'
[0.358s] Level 1:colcon.colcon_core.package_identification:_identify(src/robot_simulation/robot_description) by extensions ['colcon_pkg']
[0.358s] Level 1:colcon.colcon_core.package_identification:_identify(src/robot_simulation/robot_description) by extension 'colcon_pkg'
[0.358s] Level 1:colcon.colcon_core.package_identification:_identify(src/robot_simulation/robot_description) by extensions ['colcon_meta']
[0.358s] Level 1:colcon.colcon_core.package_identification:_identify(src/robot_simulation/robot_description) by extension 'colcon_meta'
[0.358s] Level 1:colcon.colcon_core.package_identification:_identify(src/robot_simulation/robot_description) by extensions ['ros']
[0.358s] Level 1:colcon.colcon_core.package_identification:_identify(src/robot_simulation/robot_description) by extension 'ros'
[0.359s] DEBUG:colcon.colcon_core.package_identification:Package 'src/robot_simulation/robot_description' with type 'ros.ament_cmake' and name 'robot_description'
[0.359s] Level 1:colcon.colcon_core.package_discovery:discover_packages(recursive) using defaults
[0.359s] Level 1:colcon.colcon_core.package_discovery:discover_packages(ignore) discover
[0.359s] Level 1:colcon.colcon_core.package_discovery:discover_packages(ignore) using defaults
[0.359s] Level 1:colcon.colcon_core.package_discovery:discover_packages(path) discover
[0.359s] Level 1:colcon.colcon_core.package_discovery:discover_packages(path) using defaults
[0.379s] Level 1:colcon.colcon_core.package_discovery:discover_packages(prefix_path) check parameters
[0.379s] Level 1:colcon.colcon_core.package_discovery:discover_packages(prefix_path) discover
[0.381s] DEBUG:colcon.colcon_installed_package_information.package_discovery:Found 3 installed packages in /media/saitama/Games1/Documents_ubuntu/perception_project/go2_ros2_nav/install
[0.382s] DEBUG:colcon.colcon_installed_package_information.package_discovery:Found 394 installed packages in /opt/ros/humble
[0.384s] Level 1:colcon.colcon_core.package_discovery:discover_packages(prefix_path) using defaults
[0.433s] Level 5:colcon.colcon_core.verb:set package 'gemini_api' build argument 'cmake_args' from command line to 'None'
[0.434s] Level 5:colcon.colcon_core.verb:set package 'gemini_api' build argument 'cmake_target' from command line to 'None'
[0.434s] Level 5:colcon.colcon_core.verb:set package 'gemini_api' build argument 'cmake_target_skip_unavailable' from command line to 'False'
[0.434s] Level 5:colcon.colcon_core.verb:set package 'gemini_api' build argument 'cmake_clean_cache' from command line to 'False'
[0.434s] Level 5:colcon.colcon_core.verb:set package 'gemini_api' build argument 'cmake_clean_first' from command line to 'False'
[0.434s] Level 5:colcon.colcon_core.verb:set package 'gemini_api' build argument 'cmake_force_configure' from command line to 'False'
[0.434s] Level 5:colcon.colcon_core.verb:set package 'gemini_api' build argument 'ament_cmake_args' from command line to 'None'
[0.434s] Level 5:colcon.colcon_core.verb:set package 'gemini_api' build argument 'catkin_cmake_args' from command line to 'None'
[0.434s] Level 5:colcon.colcon_core.verb:set package 'gemini_api' build argument 'catkin_skip_building_tests' from command line to 'False'
[0.434s] DEBUG:colcon.colcon_core.verb:Building package 'gemini_api' with the following arguments: {'ament_cmake_args': None, 'build_base': '/media/saitama/Games1/Documents_ubuntu/perception_project/go2_ros2_nav/build/gemini_api', 'catkin_cmake_args': None, 'catkin_skip_building_tests': False, 'cmake_args': None, 'cmake_clean_cache': False, 'cmake_clean_first': False, 'cmake_force_configure': False, 'cmake_target': None, 'cmake_target_skip_unavailable': False, 'install_base': '/media/saitama/Games1/Documents_ubuntu/perception_project/go2_ros2_nav/install/gemini_api', 'merge_install': False, 'path': '/media/saitama/Games1/Documents_ubuntu/perception_project/go2_ros2_nav/src/gemini_api', 'symlink_install': False, 'test_result_base': None}
[0.435s] Level 5:colcon.colcon_core.verb:set package 'robot_control' build argument 'cmake_args' from command line to 'None'
[0.435s] Level 5:colcon.colcon_core.verb:set package 'robot_control' build argument 'cmake_target' from command line to 'None'
[0.435s] Level 5:colcon.colcon_core.verb:set package 'robot_control' build argument 'cmake_target_skip_unavailable' from command line to 'False'
[0.435s] Level 5:colcon.colcon_core.verb:set package 'robot_control' build argument 'cmake_clean_cache' from command line to 'False'
[0.435s] Level 5:colcon.colcon_core.verb:set package 'robot_control' build argument 'cmake_clean_first' from command line to 'False'
[0.435s] Level 5:colcon.colcon_core.verb:set package 'robot_control' build argument 'cmake_force_configure' from command line to 'False'
[0.435s] Level 5:colcon.colcon_core.verb:set package 'robot_control' build argument 'ament_cmake_args' from command line to 'None'
[0.435s] Level 5:colcon.colcon_core.verb:set package 'robot_control' build argument 'catkin_cmake_args' from command line to 'None'
[0.435s] Level 5:colcon.colcon_core.verb:set package 'robot_control' build argument 'catkin_skip_building_tests' from command line to 'False'
[0.435s] DEBUG:colcon.colcon_core.verb:Building package 'robot_control' with the following arguments: {'ament_cmake_args': None, 'build_base': '/media/saitama/Games1/Documents_ubuntu/perception_project/go2_ros2_nav/build/robot_control', 'catkin_cmake_args': None, 'catkin_skip_building_tests': False, 'cmake_args': None, 'cmake_clean_cache': False, 'cmake_clean_first': False, 'cmake_force_configure': False, 'cmake_target': None, 'cmake_target_skip_unavailable': False, 'install_base': '/media/saitama/Games1/Documents_ubuntu/perception_project/go2_ros2_nav/install/robot_control', 'merge_install': False, 'path': '/media/saitama/Games1/Documents_ubuntu/perception_project/go2_ros2_nav/src/robot_control', 'symlink_install': False, 'test_result_base': None}
[0.436s] Level 5:colcon.colcon_core.verb:set package 'robot_description' build argument 'cmake_args' from command line to 'None'
[0.436s] Level 5:colcon.colcon_core.verb:set package 'robot_description' build argument 'cmake_target' from command line to 'None'
[0.436s] Level 5:colcon.colcon_core.verb:set package 'robot_description' build argument 'cmake_target_skip_unavailable' from command line to 'False'
[0.436s] Level 5:colcon.colcon_core.verb:set package 'robot_description' build argument 'cmake_clean_cache' from command line to 'False'
[0.436s] Level 5:colcon.colcon_core.verb:set package 'robot_description' build argument 'cmake_clean_first' from command line to 'False'
[0.436s] Level 5:colcon.colcon_core.verb:set package 'robot_description' build argument 'cmake_force_configure' from command line to 'False'
[0.436s] Level 5:colcon.colcon_core.verb:set package 'robot_description' build argument 'ament_cmake_args' from command line to 'None'
[0.436s] Level 5:colcon.colcon_core.verb:set package 'robot_description' build argument 'catkin_cmake_args' from command line to 'None'
[0.436s] Level 5:colcon.colcon_core.verb:set package 'robot_description' build argument 'catkin_skip_building_tests' from command line to 'False'
[0.436s] DEBUG:colcon.colcon_core.verb:Building package 'robot_description' with the following arguments: {'ament_cmake_args': None, 'build_base': '/media/saitama/Games1/Documents_ubuntu/perception_project/go2_ros2_nav/build/robot_description', 'catkin_cmake_args': None, 'catkin_skip_building_tests': False, 'cmake_args': None, 'cmake_clean_cache': False, 'cmake_clean_first': False, 'cmake_force_configure': False, 'cmake_target': None, 'cmake_target_skip_unavailable': False, 'install_base': '/media/saitama/Games1/Documents_ubuntu/perception_project/go2_ros2_nav/install/robot_description', 'merge_install': False, 'path': '/media/saitama/Games1/Documents_ubuntu/perception_project/go2_ros2_nav/src/robot_simulation/robot_description', 'symlink_install': False, 'test_result_base': None}
[0.437s] INFO:colcon.colcon_core.executor:Executing jobs using 'parallel' executor
[0.438s] DEBUG:colcon.colcon_parallel_executor.executor.parallel:run_until_complete
[0.438s] INFO:colcon.colcon_ros.task.ament_cmake.build:Building ROS package in '/media/saitama/Games1/Documents_ubuntu/perception_project/go2_ros2_nav/src/gemini_api' with build type 'ament_cmake'
[0.438s] INFO:colcon.colcon_cmake.task.cmake.build:Building CMake package in '/media/saitama/Games1/Documents_ubuntu/perception_project/go2_ros2_nav/src/gemini_api'
[0.440s] INFO:colcon.colcon_core.plugin_system:Skipping extension 'colcon_core.shell.bat': Not used on non-Windows systems
[0.440s] INFO:colcon.colcon_core.shell:Skip shell extension 'powershell' for command environment: Not usable outside of PowerShell
[0.440s] DEBUG:colcon.colcon_core.shell:Skip shell extension 'dsv' for command environment
[0.443s] INFO:colcon.colcon_ros.task.ament_cmake.build:Building ROS package in '/media/saitama/Games1/Documents_ubuntu/perception_project/go2_ros2_nav/src/robot_control' with build type 'ament_cmake'
[0.443s] INFO:colcon.colcon_cmake.task.cmake.build:Building CMake package in '/media/saitama/Games1/Documents_ubuntu/perception_project/go2_ros2_nav/src/robot_control'
[0.443s] INFO:colcon.colcon_core.shell:Skip shell extension 'powershell' for command environment: Not usable outside of PowerShell
[0.443s] DEBUG:colcon.colcon_core.shell:Skip shell extension 'dsv' for command environment
[0.447s] INFO:colcon.colcon_ros.task.ament_cmake.build:Building ROS package in '/media/saitama/Games1/Documents_ubuntu/perception_project/go2_ros2_nav/src/robot_simulation/robot_description' with build type 'ament_cmake'
[0.447s] INFO:colcon.colcon_cmake.task.cmake.build:Building CMake package in '/media/saitama/Games1/Documents_ubuntu/perception_project/go2_ros2_nav/src/robot_simulation/robot_description'
[0.447s] INFO:colcon.colcon_core.shell:Skip shell extension 'powershell' for command environment: Not usable outside of PowerShell
[0.447s] DEBUG:colcon.colcon_core.shell:Skip shell extension 'dsv' for command environment
[0.460s] DEBUG:colcon.colcon_core.event_handler.log_command:Invoking command in '/media/saitama/Games1/Documents_ubuntu/perception_project/go2_ros2_nav/build/gemini_api': CMAKE_PREFIX_PATH=${CMAKE_PREFIX_PATH}:/opt/ros/humble /home/saitama/.local/bin/cmake --build /media/saitama/Games1/Documents_ubuntu/perception_project/go2_ros2_nav/build/gemini_api -- -j16 -l16
[0.463s] DEBUG:colcon.colcon_core.event_handler.log_command:Invoking command in '/media/saitama/Games1/Documents_ubuntu/perception_project/go2_ros2_nav/build/robot_control': CMAKE_PREFIX_PATH=${CMAKE_PREFIX_PATH}:/opt/ros/humble /home/saitama/.local/bin/cmake --build /media/saitama/Games1/Documents_ubuntu/perception_project/go2_ros2_nav/build/robot_control -- -j16 -l16
[0.465s] DEBUG:colcon.colcon_core.event_handler.log_command:Invoking command in '/media/saitama/Games1/Documents_ubuntu/perception_project/go2_ros2_nav/build/robot_description': CMAKE_PREFIX_PATH=${CMAKE_PREFIX_PATH}:/opt/ros/humble /home/saitama/.local/bin/cmake --build /media/saitama/Games1/Documents_ubuntu/perception_project/go2_ros2_nav/build/robot_description -- -j16 -l16
[0.546s] DEBUG:colcon.colcon_core.event_handler.log_command:Invoked command in '/media/saitama/Games1/Documents_ubuntu/perception_project/go2_ros2_nav/build/robot_control' returned '0': CMAKE_PREFIX_PATH=${CMAKE_PREFIX_PATH}:/opt/ros/humble /home/saitama/.local/bin/cmake --build /media/saitama/Games1/Documents_ubuntu/perception_project/go2_ros2_nav/build/robot_control -- -j16 -l16
[0.623s] DEBUG:colcon.colcon_core.event_handler.log_command:Invoking command in '/media/saitama/Games1/Documents_ubuntu/perception_project/go2_ros2_nav/build/robot_control': CMAKE_PREFIX_PATH=${CMAKE_PREFIX_PATH}:/opt/ros/humble /home/saitama/.local/bin/cmake --install /media/saitama/Games1/Documents_ubuntu/perception_project/go2_ros2_nav/build/robot_control
[0.624s] DEBUG:colcon.colcon_core.event_handler.log_command:Invoked command in '/media/saitama/Games1/Documents_ubuntu/perception_project/go2_ros2_nav/build/gemini_api' returned '0': CMAKE_PREFIX_PATH=${CMAKE_PREFIX_PATH}:/opt/ros/humble /home/saitama/.local/bin/cmake --build /media/saitama/Games1/Documents_ubuntu/perception_project/go2_ros2_nav/build/gemini_api -- -j16 -l16
[0.625s] DEBUG:colcon.colcon_core.event_handler.log_command:Invoking command in '/media/saitama/Games1/Documents_ubuntu/perception_project/go2_ros2_nav/build/gemini_api': CMAKE_PREFIX_PATH=${CMAKE_PREFIX_PATH}:/opt/ros/humble /home/saitama/.local/bin/cmake --install /media/saitama/Games1/Documents_ubuntu/perception_project/go2_ros2_nav/build/gemini_api
[0.626s] DEBUG:colcon.colcon_core.event_handler.log_command:Invoked command in '/media/saitama/Games1/Documents_ubuntu/perception_project/go2_ros2_nav/build/robot_description' returned '0': CMAKE_PREFIX_PATH=${CMAKE_PREFIX_PATH}:/opt/ros/humble /home/saitama/.local/bin/cmake --build /media/saitama/Games1/Documents_ubuntu/perception_project/go2_ros2_nav/build/robot_description -- -j16 -l16
[0.627s] DEBUG:colcon.colcon_core.event_handler.log_command:Invoking command in '/media/saitama/Games1/Documents_ubuntu/perception_project/go2_ros2_nav/build/robot_description': CMAKE_PREFIX_PATH=${CMAKE_PREFIX_PATH}:/opt/ros/humble /home/saitama/.local/bin/cmake --install /media/saitama/Games1/Documents_ubuntu/perception_project/go2_ros2_nav/build/robot_description
[0.704s] Level 1:colcon.colcon_core.environment:create_environment_scripts_only(robot_control)
[0.709s] DEBUG:colcon.colcon_core.event_handler.log_command:Invoked command in '/media/saitama/Games1/Documents_ubuntu/perception_project/go2_ros2_nav/build/robot_control' returned '0': CMAKE_PREFIX_PATH=${CMAKE_PREFIX_PATH}:/opt/ros/humble /home/saitama/.local/bin/cmake --install /media/saitama/Games1/Documents_ubuntu/perception_project/go2_ros2_nav/build/robot_control
[0.711s] Level 1:colcon.colcon_core.environment:checking '/media/saitama/Games1/Documents_ubuntu/perception_project/go2_ros2_nav/install/robot_control' for CMake module files
[0.711s] Level 1:colcon.colcon_core.environment:checking '/media/saitama/Games1/Documents_ubuntu/perception_project/go2_ros2_nav/install/robot_control' for CMake config files
[0.712s] Level 1:colcon.colcon_core.shell:create_environment_hook('robot_control', 'cmake_prefix_path')
[0.712s] INFO:colcon.colcon_core.shell:Creating environment hook '/media/saitama/Games1/Documents_ubuntu/perception_project/go2_ros2_nav/install/robot_control/share/robot_control/hook/cmake_prefix_path.ps1'
[0.713s] INFO:colcon.colcon_core.shell:Creating environment descriptor '/media/saitama/Games1/Documents_ubuntu/perception_project/go2_ros2_nav/install/robot_control/share/robot_control/hook/cmake_prefix_path.dsv'
[0.714s] INFO:colcon.colcon_core.shell:Creating environment hook '/media/saitama/Games1/Documents_ubuntu/perception_project/go2_ros2_nav/install/robot_control/share/robot_control/hook/cmake_prefix_path.sh'
[0.714s] Level 1:colcon.colcon_core.environment:checking '/media/saitama/Games1/Documents_ubuntu/perception_project/go2_ros2_nav/install/robot_control/lib'
[0.715s] Level 1:colcon.colcon_core.environment:checking '/media/saitama/Games1/Documents_ubuntu/perception_project/go2_ros2_nav/install/robot_control/bin'
[0.715s] Level 1:colcon.colcon_core.environment:checking '/media/saitama/Games1/Documents_ubuntu/perception_project/go2_ros2_nav/install/robot_control/lib/pkgconfig/robot_control.pc'
[0.715s] Level 1:colcon.colcon_core.environment:checking '/media/saitama/Games1/Documents_ubuntu/perception_project/go2_ros2_nav/install/robot_control/lib/python3.10/site-packages'
[0.715s] Level 1:colcon.colcon_core.environment:checking '/media/saitama/Games1/Documents_ubuntu/perception_project/go2_ros2_nav/install/robot_control/bin'
[0.715s] INFO:colcon.colcon_core.shell:Creating package script '/media/saitama/Games1/Documents_ubuntu/perception_project/go2_ros2_nav/install/robot_control/share/robot_control/package.ps1'
[0.716s] INFO:colcon.colcon_core.shell:Creating package descriptor '/media/saitama/Games1/Documents_ubuntu/perception_project/go2_ros2_nav/install/robot_control/share/robot_control/package.dsv'
[0.716s] INFO:colcon.colcon_core.shell:Creating package script '/media/saitama/Games1/Documents_ubuntu/perception_project/go2_ros2_nav/install/robot_control/share/robot_control/package.sh'
[0.717s] INFO:colcon.colcon_core.shell:Creating package script '/media/saitama/Games1/Documents_ubuntu/perception_project/go2_ros2_nav/install/robot_control/share/robot_control/package.bash'
[0.717s] INFO:colcon.colcon_core.shell:Creating package script '/media/saitama/Games1/Documents_ubuntu/perception_project/go2_ros2_nav/install/robot_control/share/robot_control/package.zsh'
[0.718s] Level 1:colcon.colcon_core.environment:create_file_with_runtime_dependencies(/media/saitama/Games1/Documents_ubuntu/perception_project/go2_ros2_nav/install/robot_control/share/colcon-core/packages/robot_control)
[0.718s] Level 1:colcon.colcon_core.environment:create_environment_scripts_only(robot_control)
[0.719s] Level 1:colcon.colcon_core.environment:checking '/media/saitama/Games1/Documents_ubuntu/perception_project/go2_ros2_nav/install/robot_control' for CMake module files
[0.719s] Level 1:colcon.colcon_core.environment:checking '/media/saitama/Games1/Documents_ubuntu/perception_project/go2_ros2_nav/install/robot_control' for CMake config files
[0.720s] Level 1:colcon.colcon_core.shell:create_environment_hook('robot_control', 'cmake_prefix_path')
[0.720s] INFO:colcon.colcon_core.shell:Creating environment hook '/media/saitama/Games1/Documents_ubuntu/perception_project/go2_ros2_nav/install/robot_control/share/robot_control/hook/cmake_prefix_path.ps1'
[0.720s] INFO:colcon.colcon_core.shell:Creating environment descriptor '/media/saitama/Games1/Documents_ubuntu/perception_project/go2_ros2_nav/install/robot_control/share/robot_control/hook/cmake_prefix_path.dsv'
[0.721s] INFO:colcon.colcon_core.shell:Creating environment hook '/media/saitama/Games1/Documents_ubuntu/perception_project/go2_ros2_nav/install/robot_control/share/robot_control/hook/cmake_prefix_path.sh'
[0.722s] Level 1:colcon.colcon_core.environment:checking '/media/saitama/Games1/Documents_ubuntu/perception_project/go2_ros2_nav/install/robot_control/lib'
[0.722s] Level 1:colcon.colcon_core.environment:checking '/media/saitama/Games1/Documents_ubuntu/perception_project/go2_ros2_nav/install/robot_control/bin'
[0.722s] Level 1:colcon.colcon_core.environment:checking '/media/saitama/Games1/Documents_ubuntu/perception_project/go2_ros2_nav/install/robot_control/lib/pkgconfig/robot_control.pc'
[0.722s] Level 1:colcon.colcon_core.environment:checking '/media/saitama/Games1/Documents_ubuntu/perception_project/go2_ros2_nav/install/robot_control/lib/python3.10/site-packages'
[0.722s] Level 1:colcon.colcon_core.environment:checking '/media/saitama/Games1/Documents_ubuntu/perception_project/go2_ros2_nav/install/robot_control/bin'
[0.722s] INFO:colcon.colcon_core.shell:Creating package script '/media/saitama/Games1/Documents_ubuntu/perception_project/go2_ros2_nav/install/robot_control/share/robot_control/package.ps1'
[0.723s] INFO:colcon.colcon_core.shell:Creating package descriptor '/media/saitama/Games1/Documents_ubuntu/perception_project/go2_ros2_nav/install/robot_control/share/robot_control/package.dsv'
[0.723s] INFO:colcon.colcon_core.shell:Creating package script '/media/saitama/Games1/Documents_ubuntu/perception_project/go2_ros2_nav/install/robot_control/share/robot_control/package.sh'
[0.723s] INFO:colcon.colcon_core.shell:Creating package script '/media/saitama/Games1/Documents_ubuntu/perception_project/go2_ros2_nav/install/robot_control/share/robot_control/package.bash'
[0.723s] INFO:colcon.colcon_core.shell:Creating package script '/media/saitama/Games1/Documents_ubuntu/perception_project/go2_ros2_nav/install/robot_control/share/robot_control/package.zsh'
[0.724s] Level 1:colcon.colcon_core.environment:create_file_with_runtime_dependencies(/media/saitama/Games1/Documents_ubuntu/perception_project/go2_ros2_nav/install/robot_control/share/colcon-core/packages/robot_control)
[0.724s] Level 1:colcon.colcon_core.environment:create_environment_scripts_only(gemini_api)
[0.725s] Level 1:colcon.colcon_core.environment:checking '/media/saitama/Games1/Documents_ubuntu/perception_project/go2_ros2_nav/install/gemini_api' for CMake module files
[0.725s] DEBUG:colcon.colcon_core.event_handler.log_command:Invoked command in '/media/saitama/Games1/Documents_ubuntu/perception_project/go2_ros2_nav/build/gemini_api' returned '0': CMAKE_PREFIX_PATH=${CMAKE_PREFIX_PATH}:/opt/ros/humble /home/saitama/.local/bin/cmake --install /media/saitama/Games1/Documents_ubuntu/perception_project/go2_ros2_nav/build/gemini_api
[0.725s] Level 1:colcon.colcon_core.environment:checking '/media/saitama/Games1/Documents_ubuntu/perception_project/go2_ros2_nav/install/gemini_api' for CMake config files
[0.726s] Level 1:colcon.colcon_core.shell:create_environment_hook('gemini_api', 'cmake_prefix_path')
[0.726s] INFO:colcon.colcon_core.shell:Creating environment hook '/media/saitama/Games1/Documents_ubuntu/perception_project/go2_ros2_nav/install/gemini_api/share/gemini_api/hook/cmake_prefix_path.ps1'
[0.726s] INFO:colcon.colcon_core.shell:Creating environment descriptor '/media/saitama/Games1/Documents_ubuntu/perception_project/go2_ros2_nav/install/gemini_api/share/gemini_api/hook/cmake_prefix_path.dsv'
[0.726s] INFO:colcon.colcon_core.shell:Creating environment hook '/media/saitama/Games1/Documents_ubuntu/perception_project/go2_ros2_nav/install/gemini_api/share/gemini_api/hook/cmake_prefix_path.sh'
[0.727s] Level 1:colcon.colcon_core.environment:checking '/media/saitama/Games1/Documents_ubuntu/perception_project/go2_ros2_nav/install/gemini_api/lib'
[0.727s] Level 1:colcon.colcon_core.environment:checking '/media/saitama/Games1/Documents_ubuntu/perception_project/go2_ros2_nav/install/gemini_api/bin'
[0.727s] Level 1:colcon.colcon_core.environment:checking '/media/saitama/Games1/Documents_ubuntu/perception_project/go2_ros2_nav/install/gemini_api/lib/pkgconfig/gemini_api.pc'
[0.727s] Level 1:colcon.colcon_core.environment:checking '/media/saitama/Games1/Documents_ubuntu/perception_project/go2_ros2_nav/install/gemini_api/lib/python3.10/site-packages'
[0.727s] Level 1:colcon.colcon_core.environment:checking '/media/saitama/Games1/Documents_ubuntu/perception_project/go2_ros2_nav/install/gemini_api/bin'
[0.727s] INFO:colcon.colcon_core.shell:Creating package script '/media/saitama/Games1/Documents_ubuntu/perception_project/go2_ros2_nav/install/gemini_api/share/gemini_api/package.ps1'
[0.728s] INFO:colcon.colcon_core.shell:Creating package descriptor '/media/saitama/Games1/Documents_ubuntu/perception_project/go2_ros2_nav/install/gemini_api/share/gemini_api/package.dsv'
[0.728s] INFO:colcon.colcon_core.shell:Creating package script '/media/saitama/Games1/Documents_ubuntu/perception_project/go2_ros2_nav/install/gemini_api/share/gemini_api/package.sh'
[0.728s] INFO:colcon.colcon_core.shell:Creating package script '/media/saitama/Games1/Documents_ubuntu/perception_project/go2_ros2_nav/install/gemini_api/share/gemini_api/package.bash'
[0.729s] INFO:colcon.colcon_core.shell:Creating package script '/media/saitama/Games1/Documents_ubuntu/perception_project/go2_ros2_nav/install/gemini_api/share/gemini_api/package.zsh'
[0.729s] Level 1:colcon.colcon_core.environment:create_file_with_runtime_dependencies(/media/saitama/Games1/Documents_ubuntu/perception_project/go2_ros2_nav/install/gemini_api/share/colcon-core/packages/gemini_api)
[0.729s] Level 1:colcon.colcon_core.environment:create_environment_scripts_only(gemini_api)
[0.730s] Level 1:colcon.colcon_core.environment:checking '/media/saitama/Games1/Documents_ubuntu/perception_project/go2_ros2_nav/install/gemini_api' for CMake module files
[0.730s] Level 1:colcon.colcon_core.environment:checking '/media/saitama/Games1/Documents_ubuntu/perception_project/go2_ros2_nav/install/gemini_api' for CMake config files
[0.730s] Level 1:colcon.colcon_core.shell:create_environment_hook('gemini_api', 'cmake_prefix_path')
[0.731s] INFO:colcon.colcon_core.shell:Creating environment hook '/media/saitama/Games1/Documents_ubuntu/perception_project/go2_ros2_nav/install/gemini_api/share/gemini_api/hook/cmake_prefix_path.ps1'
[0.731s] INFO:colcon.colcon_core.shell:Creating environment descriptor '/media/saitama/Games1/Documents_ubuntu/perception_project/go2_ros2_nav/install/gemini_api/share/gemini_api/hook/cmake_prefix_path.dsv'
[0.731s] INFO:colcon.colcon_core.shell:Creating environment hook '/media/saitama/Games1/Documents_ubuntu/perception_project/go2_ros2_nav/install/gemini_api/share/gemini_api/hook/cmake_prefix_path.sh'
[0.731s] Level 1:colcon.colcon_core.environment:checking '/media/saitama/Games1/Documents_ubuntu/perception_project/go2_ros2_nav/install/gemini_api/lib'
[0.731s] Level 1:colcon.colcon_core.environment:checking '/media/saitama/Games1/Documents_ubuntu/perception_project/go2_ros2_nav/install/gemini_api/bin'
[0.732s] Level 1:colcon.colcon_core.environment:checking '/media/saitama/Games1/Documents_ubuntu/perception_project/go2_ros2_nav/install/gemini_api/lib/pkgconfig/gemini_api.pc'
[0.732s] Level 1:colcon.colcon_core.environment:checking '/media/saitama/Games1/Documents_ubuntu/perception_project/go2_ros2_nav/install/gemini_api/lib/python3.10/site-packages'
[0.732s] Level 1:colcon.colcon_core.environment:checking '/media/saitama/Games1/Documents_ubuntu/perception_project/go2_ros2_nav/install/gemini_api/bin'
[0.732s] INFO:colcon.colcon_core.shell:Creating package script '/media/saitama/Games1/Documents_ubuntu/perception_project/go2_ros2_nav/install/gemini_api/share/gemini_api/package.ps1'
[0.732s] INFO:colcon.colcon_core.shell:Creating package descriptor '/media/saitama/Games1/Documents_ubuntu/perception_project/go2_ros2_nav/install/gemini_api/share/gemini_api/package.dsv'
[0.733s] INFO:colcon.colcon_core.shell:Creating package script '/media/saitama/Games1/Documents_ubuntu/perception_project/go2_ros2_nav/install/gemini_api/share/gemini_api/package.sh'
[0.733s] INFO:colcon.colcon_core.shell:Creating package script '/media/saitama/Games1/Documents_ubuntu/perception_project/go2_ros2_nav/install/gemini_api/share/gemini_api/package.bash'
[0.733s] INFO:colcon.colcon_core.shell:Creating package script '/media/saitama/Games1/Documents_ubuntu/perception_project/go2_ros2_nav/install/gemini_api/share/gemini_api/package.zsh'
[0.734s] Level 1:colcon.colcon_core.environment:create_file_with_runtime_dependencies(/media/saitama/Games1/Documents_ubuntu/perception_project/go2_ros2_nav/install/gemini_api/share/colcon-core/packages/gemini_api)
[0.734s] Level 1:colcon.colcon_core.environment:create_environment_scripts_only(robot_description)
[0.734s] Level 1:colcon.colcon_core.environment:checking '/media/saitama/Games1/Documents_ubuntu/perception_project/go2_ros2_nav/install/robot_description' for CMake module files
[0.734s] Level 1:colcon.colcon_core.environment:checking '/media/saitama/Games1/Documents_ubuntu/perception_project/go2_ros2_nav/install/robot_description' for CMake config files
[0.735s] Level 1:colcon.colcon_core.shell:create_environment_hook('robot_description', 'cmake_prefix_path')
[0.735s] INFO:colcon.colcon_core.shell:Creating environment hook '/media/saitama/Games1/Documents_ubuntu/perception_project/go2_ros2_nav/install/robot_description/share/robot_description/hook/cmake_prefix_path.ps1'
[0.735s] INFO:colcon.colcon_core.shell:Creating environment descriptor '/media/saitama/Games1/Documents_ubuntu/perception_project/go2_ros2_nav/install/robot_description/share/robot_description/hook/cmake_prefix_path.dsv'
[0.735s] INFO:colcon.colcon_core.shell:Creating environment hook '/media/saitama/Games1/Documents_ubuntu/perception_project/go2_ros2_nav/install/robot_description/share/robot_description/hook/cmake_prefix_path.sh'
[0.735s] Level 1:colcon.colcon_core.environment:checking '/media/saitama/Games1/Documents_ubuntu/perception_project/go2_ros2_nav/install/robot_description/bin'
[0.736s] Level 1:colcon.colcon_core.environment:checking '/media/saitama/Games1/Documents_ubuntu/perception_project/go2_ros2_nav/install/robot_description/lib/pkgconfig/robot_description.pc'
[0.736s] Level 1:colcon.colcon_core.environment:checking '/media/saitama/Games1/Documents_ubuntu/perception_project/go2_ros2_nav/install/robot_description/lib/python3.10/site-packages'
[0.736s] Level 1:colcon.colcon_core.environment:checking '/media/saitama/Games1/Documents_ubuntu/perception_project/go2_ros2_nav/install/robot_description/bin'
[0.736s] INFO:colcon.colcon_core.shell:Creating package script '/media/saitama/Games1/Documents_ubuntu/perception_project/go2_ros2_nav/install/robot_description/share/robot_description/package.ps1'
[0.737s] DEBUG:colcon.colcon_core.event_handler.log_command:Invoked command in '/media/saitama/Games1/Documents_ubuntu/perception_project/go2_ros2_nav/build/robot_description' returned '0': CMAKE_PREFIX_PATH=${CMAKE_PREFIX_PATH}:/opt/ros/humble /home/saitama/.local/bin/cmake --install /media/saitama/Games1/Documents_ubuntu/perception_project/go2_ros2_nav/build/robot_description
[0.737s] INFO:colcon.colcon_core.shell:Creating package descriptor '/media/saitama/Games1/Documents_ubuntu/perception_project/go2_ros2_nav/install/robot_description/share/robot_description/package.dsv'
[0.737s] INFO:colcon.colcon_core.shell:Creating package script '/media/saitama/Games1/Documents_ubuntu/perception_project/go2_ros2_nav/install/robot_description/share/robot_description/package.sh'
[0.738s] INFO:colcon.colcon_core.shell:Creating package script '/media/saitama/Games1/Documents_ubuntu/perception_project/go2_ros2_nav/install/robot_description/share/robot_description/package.bash'
[0.738s] INFO:colcon.colcon_core.shell:Creating package script '/media/saitama/Games1/Documents_ubuntu/perception_project/go2_ros2_nav/install/robot_description/share/robot_description/package.zsh'
[0.738s] Level 1:colcon.colcon_core.environment:create_file_with_runtime_dependencies(/media/saitama/Games1/Documents_ubuntu/perception_project/go2_ros2_nav/install/robot_description/share/colcon-core/packages/robot_description)
[0.738s] Level 1:colcon.colcon_core.environment:create_environment_scripts_only(robot_description)
[0.739s] Level 1:colcon.colcon_core.environment:checking '/media/saitama/Games1/Documents_ubuntu/perception_project/go2_ros2_nav/install/robot_description' for CMake module files
[0.739s] Level 1:colcon.colcon_core.environment:checking '/media/saitama/Games1/Documents_ubuntu/perception_project/go2_ros2_nav/install/robot_description' for CMake config files
[0.739s] Level 1:colcon.colcon_core.shell:create_environment_hook('robot_description', 'cmake_prefix_path')
[0.739s] INFO:colcon.colcon_core.shell:Creating environment hook '/media/saitama/Games1/Documents_ubuntu/perception_project/go2_ros2_nav/install/robot_description/share/robot_description/hook/cmake_prefix_path.ps1'
[0.739s] INFO:colcon.colcon_core.shell:Creating environment descriptor '/media/saitama/Games1/Documents_ubuntu/perception_project/go2_ros2_nav/install/robot_description/share/robot_description/hook/cmake_prefix_path.dsv'
[0.740s] INFO:colcon.colcon_core.shell:Creating environment hook '/media/saitama/Games1/Documents_ubuntu/perception_project/go2_ros2_nav/install/robot_description/share/robot_description/hook/cmake_prefix_path.sh'
[0.740s] Level 1:colcon.colcon_core.environment:checking '/media/saitama/Games1/Documents_ubuntu/perception_project/go2_ros2_nav/install/robot_description/bin'
[0.740s] Level 1:colcon.colcon_core.environment:checking '/media/saitama/Games1/Documents_ubuntu/perception_project/go2_ros2_nav/install/robot_description/lib/pkgconfig/robot_description.pc'
[0.740s] Level 1:colcon.colcon_core.environment:checking '/media/saitama/Games1/Documents_ubuntu/perception_project/go2_ros2_nav/install/robot_description/lib/python3.10/site-packages'
[0.740s] Level 1:colcon.colcon_core.environment:checking '/media/saitama/Games1/Documents_ubuntu/perception_project/go2_ros2_nav/install/robot_description/bin'
[0.740s] INFO:colcon.colcon_core.shell:Creating package script '/media/saitama/Games1/Documents_ubuntu/perception_project/go2_ros2_nav/install/robot_description/share/robot_description/package.ps1'
[0.741s] INFO:colcon.colcon_core.shell:Creating package descriptor '/media/saitama/Games1/Documents_ubuntu/perception_project/go2_ros2_nav/install/robot_description/share/robot_description/package.dsv'
[0.741s] INFO:colcon.colcon_core.shell:Creating package script '/media/saitama/Games1/Documents_ubuntu/perception_project/go2_ros2_nav/install/robot_description/share/robot_description/package.sh'
[0.741s] INFO:colcon.colcon_core.shell:Creating package script '/media/saitama/Games1/Documents_ubuntu/perception_project/go2_ros2_nav/install/robot_description/share/robot_description/package.bash'
[0.742s] INFO:colcon.colcon_core.shell:Creating package script '/media/saitama/Games1/Documents_ubuntu/perception_project/go2_ros2_nav/install/robot_description/share/robot_description/package.zsh'
[0.742s] Level 1:colcon.colcon_core.environment:create_file_with_runtime_dependencies(/media/saitama/Games1/Documents_ubuntu/perception_project/go2_ros2_nav/install/robot_description/share/colcon-core/packages/robot_description)
[0.742s] DEBUG:colcon.colcon_parallel_executor.executor.parallel:closing loop
[0.742s] DEBUG:colcon.colcon_parallel_executor.executor.parallel:loop closed
[0.742s] DEBUG:colcon.colcon_parallel_executor.executor.parallel:run_until_complete finished with '0'
[0.742s] DEBUG:colcon.colcon_core.event_reactor:joining thread
[0.748s] INFO:colcon.colcon_core.plugin_system:Skipping extension 'colcon_notification.desktop_notification.terminal_notifier': Not used on non-Darwin systems
[0.748s] INFO:colcon.colcon_core.plugin_system:Skipping extension 'colcon_notification.desktop_notification.win32': Not used on non-Windows systems
[0.748s] INFO:colcon.colcon_notification.desktop_notification:Sending desktop notification using 'notify2'
[0.754s] DEBUG:colcon.colcon_core.event_reactor:joined thread
[0.754s] INFO:colcon.colcon_core.shell:Creating prefix script '/media/saitama/Games1/Documents_ubuntu/perception_project/go2_ros2_nav/install/local_setup.ps1'
[0.755s] INFO:colcon.colcon_core.shell:Creating prefix util module '/media/saitama/Games1/Documents_ubuntu/perception_project/go2_ros2_nav/install/_local_setup_util_ps1.py'
[0.756s] INFO:colcon.colcon_core.shell:Creating prefix chain script '/media/saitama/Games1/Documents_ubuntu/perception_project/go2_ros2_nav/install/setup.ps1'
[0.757s] INFO:colcon.colcon_core.shell:Creating prefix script '/media/saitama/Games1/Documents_ubuntu/perception_project/go2_ros2_nav/install/local_setup.sh'
[0.758s] INFO:colcon.colcon_core.shell:Creating prefix util module '/media/saitama/Games1/Documents_ubuntu/perception_project/go2_ros2_nav/install/_local_setup_util_sh.py'
[0.758s] INFO:colcon.colcon_core.shell:Creating prefix chain script '/media/saitama/Games1/Documents_ubuntu/perception_project/go2_ros2_nav/install/setup.sh'
[0.759s] INFO:colcon.colcon_core.shell:Creating prefix script '/media/saitama/Games1/Documents_ubuntu/perception_project/go2_ros2_nav/install/local_setup.bash'
[0.759s] INFO:colcon.colcon_core.shell:Creating prefix chain script '/media/saitama/Games1/Documents_ubuntu/perception_project/go2_ros2_nav/install/setup.bash'
[0.760s] INFO:colcon.colcon_core.shell:Creating prefix script '/media/saitama/Games1/Documents_ubuntu/perception_project/go2_ros2_nav/install/local_setup.zsh'
[0.760s] INFO:colcon.colcon_core.shell:Creating prefix chain script '/media/saitama/Games1/Documents_ubuntu/perception_project/go2_ros2_nav/install/setup.zsh'
