[0.010s] Invoking command in '/media/saitama/Games1/Documents_ubuntu/perception_project/go2_ros2_nav/build/robot_description': CMAKE_PREFIX_PATH=/opt/ros/humble /home/saitama/.local/bin/cmake --build /media/saitama/Games1/Documents_ubuntu/perception_project/go2_ros2_nav/build/robot_description -- -j16 -l16
[0.063s] -- Found ament_cmake: 1.3.11 (/opt/ros/humble/share/ament_cmake/cmake)
[0.197s] -- Found urdf: 2.6.1 (/opt/ros/humble/share/urdf/cmake)
[0.269s] -- Found ament_lint_auto: 0.12.12 (/opt/ros/humble/share/ament_lint_auto/cmake)
[0.324s] -- Added test 'copyright' to check source files copyright and LICENSE
[0.332s] -- Added test 'lint_cmake' to check CMake code style
[0.334s] -- Added test 'xmllint' to check XML markup files
[0.335s] -- Configuring done (0.3s)
[0.338s] -- Generating done (0.0s)
[0.339s] -- Build files have been written to: /media/saitama/Games1/Documents_ubuntu/perception_project/go2_ros2_nav/build/robot_description
[0.353s] Invoked command in '/media/saitama/Games1/Documents_ubuntu/perception_project/go2_ros2_nav/build/robot_description' returned '0': CMAKE_PREFIX_PATH=/opt/ros/humble /home/saitama/.local/bin/cmake --build /media/saitama/Games1/Documents_ubuntu/perception_project/go2_ros2_nav/build/robot_description -- -j16 -l16
[0.356s] Invoking command in '/media/saitama/Games1/Documents_ubuntu/perception_project/go2_ros2_nav/build/robot_description': CMAKE_PREFIX_PATH=/opt/ros/humble /home/saitama/.local/bin/cmake --install /media/saitama/Games1/Documents_ubuntu/perception_project/go2_ros2_nav/build/robot_description
[0.402s] -- Install configuration: ""
[0.403s] -- Up-to-date: /media/saitama/Games1/Documents_ubuntu/perception_project/go2_ros2_nav/install/robot_description/share/robot_description//robot
[0.403s] -- Up-to-date: /media/saitama/Games1/Documents_ubuntu/perception_project/go2_ros2_nav/install/robot_description/share/robot_description//robot/parts
[0.403s] -- Up-to-date: /media/saitama/Games1/Documents_ubuntu/perception_project/go2_ros2_nav/install/robot_description/share/robot_description//robot/parts/base
[0.403s] -- Up-to-date: /media/saitama/Games1/Documents_ubuntu/perception_project/go2_ros2_nav/install/robot_description/share/robot_description//robot/parts/base/base.gazebo
[0.403s] -- Up-to-date: /media/saitama/Games1/Documents_ubuntu/perception_project/go2_ros2_nav/install/robot_description/share/robot_description//robot/parts/base/base.xacro
[0.404s] -- Up-to-date: /media/saitama/Games1/Documents_ubuntu/perception_project/go2_ros2_nav/install/robot_description/share/robot_description//robot/parts/left_thigh
[0.404s] -- Up-to-date: /media/saitama/Games1/Documents_ubuntu/perception_project/go2_ros2_nav/install/robot_description/share/robot_description//robot/parts/left_thigh/left_thigh.gazebo
[0.404s] -- Up-to-date: /media/saitama/Games1/Documents_ubuntu/perception_project/go2_ros2_nav/install/robot_description/share/robot_description//robot/parts/left_thigh/left_thigh.xacro
[0.404s] -- Up-to-date: /media/saitama/Games1/Documents_ubuntu/perception_project/go2_ros2_nav/install/robot_description/share/robot_description//robot/parts/leg_joint
[0.404s] -- Up-to-date: /media/saitama/Games1/Documents_ubuntu/perception_project/go2_ros2_nav/install/robot_description/share/robot_description//robot/parts/leg_joint/leg_joint.gazebo
[0.404s] -- Up-to-date: /media/saitama/Games1/Documents_ubuntu/perception_project/go2_ros2_nav/install/robot_description/share/robot_description//robot/parts/leg_joint/leg_joint.xacro
[0.404s] -- Up-to-date: /media/saitama/Games1/Documents_ubuntu/perception_project/go2_ros2_nav/install/robot_description/share/robot_description//robot/parts/right_thigh
[0.405s] -- Up-to-date: /media/saitama/Games1/Documents_ubuntu/perception_project/go2_ros2_nav/install/robot_description/share/robot_description//robot/parts/right_thigh/right_thigh.gazebo
[0.405s] -- Up-to-date: /media/saitama/Games1/Documents_ubuntu/perception_project/go2_ros2_nav/install/robot_description/share/robot_description//robot/parts/right_thigh/right_thigh.xacro
[0.405s] -- Up-to-date: /media/saitama/Games1/Documents_ubuntu/perception_project/go2_ros2_nav/install/robot_description/share/robot_description//robot/parts/shin
[0.405s] -- Up-to-date: /media/saitama/Games1/Documents_ubuntu/perception_project/go2_ros2_nav/install/robot_description/share/robot_description//robot/parts/shin/shin.gazebo
[0.405s] -- Up-to-date: /media/saitama/Games1/Documents_ubuntu/perception_project/go2_ros2_nav/install/robot_description/share/robot_description//robot/parts/shin/shin.xacro
[0.405s] -- Up-to-date: /media/saitama/Games1/Documents_ubuntu/perception_project/go2_ros2_nav/install/robot_description/share/robot_description//robot/robot
[0.405s] -- Up-to-date: /media/saitama/Games1/Documents_ubuntu/perception_project/go2_ros2_nav/install/robot_description/share/robot_description//robot/robot/robot.usd
[0.405s] -- Up-to-date: /media/saitama/Games1/Documents_ubuntu/perception_project/go2_ros2_nav/install/robot_description/share/robot_description//robot/robot.urdf
[0.405s] -- Up-to-date: /media/saitama/Games1/Documents_ubuntu/perception_project/go2_ros2_nav/install/robot_description/share/robot_description//robot/robot.xacro
[0.406s] -- Up-to-date: /media/saitama/Games1/Documents_ubuntu/perception_project/go2_ros2_nav/install/robot_description/share/robot_description//robot/robot_control_gazebo.xacro
[0.406s] -- Up-to-date: /media/saitama/Games1/Documents_ubuntu/perception_project/go2_ros2_nav/install/robot_description/share/robot_description//meshes
[0.406s] -- Up-to-date: /media/saitama/Games1/Documents_ubuntu/perception_project/go2_ros2_nav/install/robot_description/share/robot_description//meshes/DAE
[0.407s] -- Up-to-date: /media/saitama/Games1/Documents_ubuntu/perception_project/go2_ros2_nav/install/robot_description/share/robot_description//meshes/DAE/base
[0.407s] -- Up-to-date: /media/saitama/Games1/Documents_ubuntu/perception_project/go2_ros2_nav/install/robot_description/share/robot_description//meshes/DAE/base/base_link.dae
[0.407s] -- Up-to-date: /media/saitama/Games1/Documents_ubuntu/perception_project/go2_ros2_nav/install/robot_description/share/robot_description//meshes/DAE/left_thigh
[0.407s] -- Up-to-date: /media/saitama/Games1/Documents_ubuntu/perception_project/go2_ros2_nav/install/robot_description/share/robot_description//meshes/DAE/left_thigh/left_thigh.dae
[0.408s] -- Up-to-date: /media/saitama/Games1/Documents_ubuntu/perception_project/go2_ros2_nav/install/robot_description/share/robot_description//meshes/DAE/leg_joint
[0.408s] -- Up-to-date: /media/saitama/Games1/Documents_ubuntu/perception_project/go2_ros2_nav/install/robot_description/share/robot_description//meshes/DAE/leg_joint/leg_joint.dae
[0.408s] -- Up-to-date: /media/saitama/Games1/Documents_ubuntu/perception_project/go2_ros2_nav/install/robot_description/share/robot_description//meshes/DAE/nuckle
[0.409s] -- Up-to-date: /media/saitama/Games1/Documents_ubuntu/perception_project/go2_ros2_nav/install/robot_description/share/robot_description//meshes/DAE/nuckle/knuckle.dae
[0.409s] -- Up-to-date: /media/saitama/Games1/Documents_ubuntu/perception_project/go2_ros2_nav/install/robot_description/share/robot_description//meshes/DAE/right_thigh
[0.409s] -- Up-to-date: /media/saitama/Games1/Documents_ubuntu/perception_project/go2_ros2_nav/install/robot_description/share/robot_description//meshes/DAE/right_thigh/right_thigh.dae
[0.409s] -- Up-to-date: /media/saitama/Games1/Documents_ubuntu/perception_project/go2_ros2_nav/install/robot_description/share/robot_description//meshes/DAE/shin
[0.409s] -- Up-to-date: /media/saitama/Games1/Documents_ubuntu/perception_project/go2_ros2_nav/install/robot_description/share/robot_description//meshes/DAE/shin/shin.dae
[0.409s] -- Up-to-date: /media/saitama/Games1/Documents_ubuntu/perception_project/go2_ros2_nav/install/robot_description/share/robot_description//meshes/DAE/wheel
[0.410s] -- Up-to-date: /media/saitama/Games1/Documents_ubuntu/perception_project/go2_ros2_nav/install/robot_description/share/robot_description//meshes/DAE/wheel/wheel.dae
[0.410s] -- Up-to-date: /media/saitama/Games1/Documents_ubuntu/perception_project/go2_ros2_nav/install/robot_description/share/robot_description//meshes/STL
[0.410s] -- Up-to-date: /media/saitama/Games1/Documents_ubuntu/perception_project/go2_ros2_nav/install/robot_description/share/robot_description//meshes/STL/base
[0.410s] -- Up-to-date: /media/saitama/Games1/Documents_ubuntu/perception_project/go2_ros2_nav/install/robot_description/share/robot_description//meshes/STL/base/base_link.stl
[0.410s] -- Up-to-date: /media/saitama/Games1/Documents_ubuntu/perception_project/go2_ros2_nav/install/robot_description/share/robot_description//meshes/STL/base/base_link_old.stl
[0.410s] -- Up-to-date: /media/saitama/Games1/Documents_ubuntu/perception_project/go2_ros2_nav/install/robot_description/share/robot_description//meshes/STL/knuckle
[0.411s] -- Up-to-date: /media/saitama/Games1/Documents_ubuntu/perception_project/go2_ros2_nav/install/robot_description/share/robot_description//meshes/STL/knuckle/knuckle.stl
[0.411s] -- Up-to-date: /media/saitama/Games1/Documents_ubuntu/perception_project/go2_ros2_nav/install/robot_description/share/robot_description//meshes/STL/left_thigh
[0.411s] -- Up-to-date: /media/saitama/Games1/Documents_ubuntu/perception_project/go2_ros2_nav/install/robot_description/share/robot_description//meshes/STL/left_thigh/left_thigh.stl
[0.412s] -- Up-to-date: /media/saitama/Games1/Documents_ubuntu/perception_project/go2_ros2_nav/install/robot_description/share/robot_description//meshes/STL/leg_joint
[0.413s] -- Up-to-date: /media/saitama/Games1/Documents_ubuntu/perception_project/go2_ros2_nav/install/robot_description/share/robot_description//meshes/STL/leg_joint/leg_joint.stl
[0.413s] -- Up-to-date: /media/saitama/Games1/Documents_ubuntu/perception_project/go2_ros2_nav/install/robot_description/share/robot_description//meshes/STL/right_thigh
[0.413s] -- Up-to-date: /media/saitama/Games1/Documents_ubuntu/perception_project/go2_ros2_nav/install/robot_description/share/robot_description//meshes/STL/right_thigh/right_thigh.stl
[0.413s] -- Up-to-date: /media/saitama/Games1/Documents_ubuntu/perception_project/go2_ros2_nav/install/robot_description/share/robot_description//meshes/STL/shin
[0.413s] -- Up-to-date: /media/saitama/Games1/Documents_ubuntu/perception_project/go2_ros2_nav/install/robot_description/share/robot_description//meshes/STL/shin/shin.stl
[0.413s] -- Up-to-date: /media/saitama/Games1/Documents_ubuntu/perception_project/go2_ros2_nav/install/robot_description/share/robot_description//config
[0.413s] -- Up-to-date: /media/saitama/Games1/Documents_ubuntu/perception_project/go2_ros2_nav/install/robot_description/share/robot_description//config/robot_controller.yaml
[0.413s] -- Up-to-date: /media/saitama/Games1/Documents_ubuntu/perception_project/go2_ros2_nav/install/robot_description/share/ament_index/resource_index/package_run_dependencies/robot_description
[0.414s] -- Up-to-date: /media/saitama/Games1/Documents_ubuntu/perception_project/go2_ros2_nav/install/robot_description/share/ament_index/resource_index/parent_prefix_path/robot_description
[0.414s] -- Up-to-date: /media/saitama/Games1/Documents_ubuntu/perception_project/go2_ros2_nav/install/robot_description/share/robot_description/environment/ament_prefix_path.sh
[0.414s] -- Installing: /media/saitama/Games1/Documents_ubuntu/perception_project/go2_ros2_nav/install/robot_description/share/robot_description/environment/ament_prefix_path.dsv
[0.414s] -- Up-to-date: /media/saitama/Games1/Documents_ubuntu/perception_project/go2_ros2_nav/install/robot_description/share/robot_description/environment/path.sh
[0.414s] -- Installing: /media/saitama/Games1/Documents_ubuntu/perception_project/go2_ros2_nav/install/robot_description/share/robot_description/environment/path.dsv
[0.414s] -- Up-to-date: /media/saitama/Games1/Documents_ubuntu/perception_project/go2_ros2_nav/install/robot_description/share/robot_description/local_setup.bash
[0.414s] -- Up-to-date: /media/saitama/Games1/Documents_ubuntu/perception_project/go2_ros2_nav/install/robot_description/share/robot_description/local_setup.sh
[0.415s] -- Up-to-date: /media/saitama/Games1/Documents_ubuntu/perception_project/go2_ros2_nav/install/robot_description/share/robot_description/local_setup.zsh
[0.415s] -- Installing: /media/saitama/Games1/Documents_ubuntu/perception_project/go2_ros2_nav/install/robot_description/share/robot_description/local_setup.dsv
[0.415s] -- Installing: /media/saitama/Games1/Documents_ubuntu/perception_project/go2_ros2_nav/install/robot_description/share/robot_description/package.dsv
[0.416s] -- Up-to-date: /media/saitama/Games1/Documents_ubuntu/perception_project/go2_ros2_nav/install/robot_description/share/ament_index/resource_index/packages/robot_description
[0.416s] -- Up-to-date: /media/saitama/Games1/Documents_ubuntu/perception_project/go2_ros2_nav/install/robot_description/share/robot_description/cmake/robot_descriptionConfig.cmake
[0.417s] -- Up-to-date: /media/saitama/Games1/Documents_ubuntu/perception_project/go2_ros2_nav/install/robot_description/share/robot_description/cmake/robot_descriptionConfig-version.cmake
[0.417s] -- Up-to-date: /media/saitama/Games1/Documents_ubuntu/perception_project/go2_ros2_nav/install/robot_description/share/robot_description/package.xml
[0.418s] Invoked command in '/media/saitama/Games1/Documents_ubuntu/perception_project/go2_ros2_nav/build/robot_description' returned '0': CMAKE_PREFIX_PATH=/opt/ros/humble /home/saitama/.local/bin/cmake --install /media/saitama/Games1/Documents_ubuntu/perception_project/go2_ros2_nav/build/robot_description
