-- Install configuration: ""
-- Up-to-date: /media/saitama/Games1/Documents_ubuntu/perception_project/go2_ros2_nav/install/robot_control/share/robot_control//scripts
-- Up-to-date: /media/saitama/Games1/Documents_ubuntu/perception_project/go2_ros2_nav/install/robot_control/share/robot_control//scripts/InverseKinematics
-- Up-to-date: /media/saitama/Games1/Documents_ubuntu/perception_project/go2_ros2_nav/install/robot_control/share/robot_control//scripts/InverseKinematics/robot_IK.py
-- Up-to-date: /media/saitama/Games1/Documents_ubuntu/perception_project/go2_ros2_nav/install/robot_control/share/robot_control//scripts/ramped_joypad.py
-- Up-to-date: /media/saitama/Games1/Documents_ubuntu/perception_project/go2_ros2_nav/install/robot_control/share/robot_control//scripts/RobotController
-- Installing: /media/saitama/Games1/Documents_ubuntu/perception_project/go2_ros2_nav/install/robot_control/share/robot_control//scripts/RobotController/CrawlGaitController.py
-- Up-to-date: /media/saitama/Games1/Documents_ubuntu/perception_project/go2_ros2_nav/install/robot_control/share/robot_control//scripts/RobotController/GaitController.py
-- Up-to-date: /media/saitama/Games1/Documents_ubuntu/perception_project/go2_ros2_nav/install/robot_control/share/robot_control//scripts/RobotController/PIDController.py
-- Installing: /media/saitama/Games1/Documents_ubuntu/perception_project/go2_ros2_nav/install/robot_control/share/robot_control//scripts/RobotController/RobotController.py
-- Installing: /media/saitama/Games1/Documents_ubuntu/perception_project/go2_ros2_nav/install/robot_control/share/robot_control//scripts/RobotController/StandController.py
-- Installing: /media/saitama/Games1/Documents_ubuntu/perception_project/go2_ros2_nav/install/robot_control/share/robot_control//scripts/RobotController/StateCommand.py
-- Installing: /media/saitama/Games1/Documents_ubuntu/perception_project/go2_ros2_nav/install/robot_control/share/robot_control//scripts/RobotController/TrotGaitController.py
-- Up-to-date: /media/saitama/Games1/Documents_ubuntu/perception_project/go2_ros2_nav/install/robot_control/share/robot_control//scripts/RoboticsUtilities
-- Up-to-date: /media/saitama/Games1/Documents_ubuntu/perception_project/go2_ros2_nav/install/robot_control/share/robot_control//scripts/RoboticsUtilities/Transformations.py
-- Installing: /media/saitama/Games1/Documents_ubuntu/perception_project/go2_ros2_nav/install/robot_control/share/robot_control//scripts/robot_controller_gazebo.py
-- Up-to-date: /media/saitama/Games1/Documents_ubuntu/perception_project/go2_ros2_nav/install/robot_control/share/robot_control//launch
-- Up-to-date: /media/saitama/Games1/Documents_ubuntu/perception_project/go2_ros2_nav/install/robot_control/share/robot_control//launch/robot_control.launch.py
-- Installing: /media/saitama/Games1/Documents_ubuntu/perception_project/go2_ros2_nav/install/robot_control/lib/robot_control/robot_controller_gazebo.py
-- Up-to-date: /media/saitama/Games1/Documents_ubuntu/perception_project/go2_ros2_nav/install/robot_control/lib/robot_control/ramped_joypad.py
-- Up-to-date: /media/saitama/Games1/Documents_ubuntu/perception_project/go2_ros2_nav/install/robot_control/lib/robot_control/robot_control.launch.py
-- Up-to-date: /media/saitama/Games1/Documents_ubuntu/perception_project/go2_ros2_nav/install/robot_control/lib/robot_control/RoboticsUtilities/Transformations.py
-- Installing: /media/saitama/Games1/Documents_ubuntu/perception_project/go2_ros2_nav/install/robot_control/lib/robot_control/RobotController/CrawlGaitController.py
-- Up-to-date: /media/saitama/Games1/Documents_ubuntu/perception_project/go2_ros2_nav/install/robot_control/lib/robot_control/RobotController/GaitController.py
-- Up-to-date: /media/saitama/Games1/Documents_ubuntu/perception_project/go2_ros2_nav/install/robot_control/lib/robot_control/RobotController/PIDController.py
-- Installing: /media/saitama/Games1/Documents_ubuntu/perception_project/go2_ros2_nav/install/robot_control/lib/robot_control/RobotController/RobotController.py
-- Installing: /media/saitama/Games1/Documents_ubuntu/perception_project/go2_ros2_nav/install/robot_control/lib/robot_control/RobotController/StandController.py
-- Installing: /media/saitama/Games1/Documents_ubuntu/perception_project/go2_ros2_nav/install/robot_control/lib/robot_control/RobotController/StateCommand.py
-- Installing: /media/saitama/Games1/Documents_ubuntu/perception_project/go2_ros2_nav/install/robot_control/lib/robot_control/RobotController/TrotGaitController.py
-- Up-to-date: /media/saitama/Games1/Documents_ubuntu/perception_project/go2_ros2_nav/install/robot_control/lib/robot_control/InverseKinematics/robot_IK.py
-- Up-to-date: /media/saitama/Games1/Documents_ubuntu/perception_project/go2_ros2_nav/install/robot_control/share/ament_index/resource_index/package_run_dependencies/robot_control
-- Up-to-date: /media/saitama/Games1/Documents_ubuntu/perception_project/go2_ros2_nav/install/robot_control/share/ament_index/resource_index/parent_prefix_path/robot_control
-- Up-to-date: /media/saitama/Games1/Documents_ubuntu/perception_project/go2_ros2_nav/install/robot_control/share/robot_control/environment/ament_prefix_path.sh
-- Up-to-date: /media/saitama/Games1/Documents_ubuntu/perception_project/go2_ros2_nav/install/robot_control/share/robot_control/environment/ament_prefix_path.dsv
-- Up-to-date: /media/saitama/Games1/Documents_ubuntu/perception_project/go2_ros2_nav/install/robot_control/share/robot_control/environment/path.sh
-- Up-to-date: /media/saitama/Games1/Documents_ubuntu/perception_project/go2_ros2_nav/install/robot_control/share/robot_control/environment/path.dsv
-- Up-to-date: /media/saitama/Games1/Documents_ubuntu/perception_project/go2_ros2_nav/install/robot_control/share/robot_control/local_setup.bash
-- Up-to-date: /media/saitama/Games1/Documents_ubuntu/perception_project/go2_ros2_nav/install/robot_control/share/robot_control/local_setup.sh
-- Up-to-date: /media/saitama/Games1/Documents_ubuntu/perception_project/go2_ros2_nav/install/robot_control/share/robot_control/local_setup.zsh
-- Up-to-date: /media/saitama/Games1/Documents_ubuntu/perception_project/go2_ros2_nav/install/robot_control/share/robot_control/local_setup.dsv
-- Installing: /media/saitama/Games1/Documents_ubuntu/perception_project/go2_ros2_nav/install/robot_control/share/robot_control/package.dsv
-- Up-to-date: /media/saitama/Games1/Documents_ubuntu/perception_project/go2_ros2_nav/install/robot_control/share/ament_index/resource_index/packages/robot_control
-- Up-to-date: /media/saitama/Games1/Documents_ubuntu/perception_project/go2_ros2_nav/install/robot_control/share/robot_control/cmake/robot_controlConfig.cmake
-- Up-to-date: /media/saitama/Games1/Documents_ubuntu/perception_project/go2_ros2_nav/install/robot_control/share/robot_control/cmake/robot_controlConfig-version.cmake
-- Up-to-date: /media/saitama/Games1/Documents_ubuntu/perception_project/go2_ros2_nav/install/robot_control/share/robot_control/package.xml
